#
# There is insufficient memory for the Java Runtime Environment to continue.
# Native memory allocation (malloc) failed to allocate 950416 bytes. Error detail: Chunk::new
# Possible reasons:
#   The system is out of physical RAM or swap space
#   This process is running with CompressedOops enabled, and the Java Heap may be blocking the growth of the native heap
# Possible solutions:
#   Reduce memory load on the system
#   Increase physical memory or swap space
#   Check if swap backing store is full
#   Decrease Java heap size (-Xmx/-Xms)
#   Decrease number of Java threads
#   Decrease Java thread stack sizes (-Xss)
#   Set larger code cache with -XX:ReservedCodeCacheSize=
#   JVM is running with Unscaled Compressed Oops mode in which the Java heap is
#     placed in the first 4GB address space. The Java Heap base address is the
#     maximum limit for the native heap growth. Please use -XX:HeapBaseMinAddress
#     to set the Java Heap base and to place the Java Heap above 4GB virtual address.
# This output file may be truncated or incomplete.
#
#  Out of Memory Error (arena.cpp:168), pid=4376, tid=4888
#
# JRE version: OpenJDK Runtime Environment Temurin-21.0.10+7 (21.0.10+7) (build 21.0.10+7-LTS)
# Java VM: OpenJDK 64-Bit Server VM Temurin-21.0.10+7 (21.0.10+7-LTS, mixed mode, sharing, tiered, compressed oops, compressed class ptrs, g1 gc, windows-amd64)
# No core dump will be written. Minidumps are not enabled by default on client versions of Windows
#

---------------  S U M M A R Y ------------

Command Line: --add-opens=java.base/java.util=ALL-UNNAMED --add-opens=java.base/java.lang=ALL-UNNAMED --add-opens=java.base/java.lang.invoke=ALL-UNNAMED --add-opens=java.prefs/java.util.prefs=ALL-UNNAMED --add-exports=jdk.compiler/com.sun.tools.javac.api=ALL-UNNAMED --add-exports=jdk.compiler/com.sun.tools.javac.util=ALL-UNNAMED --add-opens=java.base/java.nio.charset=ALL-UNNAMED --add-opens=java.base/java.net=ALL-UNNAMED --add-opens=java.base/java.util.concurrent.atomic=ALL-UNNAMED -XX:MaxMetaspaceSize=384m -XX:+HeapDumpOnOutOfMemoryError -Xms256m -Xmx512m -Dfile.encoding=utf8 -Duser.country=US -Duser.language=en -Duser.variant -javaagent:C:\Users\DIGITAL MARKETING\.gradle\wrapper\dists\gradle-8.10.2-all\7iv73wktx1xtkvlq19urqw1wm\gradle-8.10.2\lib\agents\gradle-instrumentation-agent-8.10.2.jar org.gradle.launcher.daemon.bootstrap.GradleDaemon 8.10.2

Host: 11th Gen Intel(R) Core(TM) i5-1135G7 @ 2.40GHz, 8 cores, 7G,  Windows 11 , 64 bit Build 26100 (10.0.26100.8328)
Time: Sat Jun 13 05:36:04 2026 SE Asia Standard Time elapsed time: 10.855941 seconds (0d 0h 0m 10s)

---------------  T H R E A D  ---------------

Current thread (0x000001e079769140):  JavaThread "C2 CompilerThread0" daemon [_thread_in_native, id=4888, stack(0x0000004d8c700000,0x0000004d8c800000) (1024K)]


Current CompileTask:
C2:10855 6150 %     4       groovyjarjarantlr4.v4.runtime.atn.ATNConfigSet::optimizeConfigs @ 13 (58 bytes)

Stack: [0x0000004d8c700000,0x0000004d8c800000]
Native frames: (J=compiled Java code, j=interpreted, Vv=VM code, C=native code)
V  [jvm.dll+0x6d7a39]
V  [jvm.dll+0x8b4b26]
V  [jvm.dll+0x8b70de]
V  [jvm.dll+0x8b77c3]
V  [jvm.dll+0x284346]
V  [jvm.dll+0xc66ed]
V  [jvm.dll+0xc6c31]
V  [jvm.dll+0x3bec01]
V  [jvm.dll+0x38b162]
V  [jvm.dll+0x38a5aa]
V  [jvm.dll+0x24c560]
V  [jvm.dll+0x24bb40]
V  [jvm.dll+0x1cb34e]
V  [jvm.dll+0x25b85d]
V  [jvm.dll+0x259dea]
V  [jvm.dll+0x3f857e]
V  [jvm.dll+0x85f59d]
V  [jvm.dll+0x6d626d]
C  [ucrtbase.dll+0x37b0]
C  [KERNEL32.DLL+0x2e957]
C  [ntdll.dll+0x427c]


---------------  P R O C E S S  ---------------

Threads class SMR info:
_java_thread_list=0x000001e0170dffb0, length=35, elements={
0x000001e063d92520, 0x000001e079751480, 0x000001e079751ee0, 0x000001e079753c10,
0x000001e0797548d0, 0x000001e0797600c0, 0x000001e079762030, 0x000001e079769140,
0x000001e079769d10, 0x000001e0797626c0, 0x000001e079764790, 0x000001e079761310,
0x000001e0797633e0, 0x000001e079762d50, 0x000001e079764100, 0x000001e0152ca500,
0x000001e0152ccc60, 0x000001e0152cd2f0, 0x000001e0152ce010, 0x000001e0152cbf40,
0x000001e0152cab90, 0x000001e0152cb220, 0x000001e0152cc5d0, 0x000001e0152ce6a0,
0x000001e0152cb8b0, 0x000001e0152d0e00, 0x000001e0152cf3c0, 0x000001e0152cd980,
0x000001e0152cfa50, 0x000001e0152d00e0, 0x000001e0152d1b20, 0x000001e0152d0770,
0x000001e016f59260, 0x000001e016f57eb0, 0x000001e016137330
}

Java Threads: ( => current thread )
  0x000001e063d92520 JavaThread "main"                              [_thread_blocked, id=3228, stack(0x0000004d8b900000,0x0000004d8ba00000) (1024K)]
  0x000001e079751480 JavaThread "Reference Handler"          daemon [_thread_blocked, id=14496, stack(0x0000004d8c100000,0x0000004d8c200000) (1024K)]
  0x000001e079751ee0 JavaThread "Finalizer"                  daemon [_thread_blocked, id=14108, stack(0x0000004d8c200000,0x0000004d8c300000) (1024K)]
  0x000001e079753c10 JavaThread "Signal Dispatcher"          daemon [_thread_blocked, id=15588, stack(0x0000004d8c300000,0x0000004d8c400000) (1024K)]
  0x000001e0797548d0 JavaThread "Attach Listener"            daemon [_thread_blocked, id=16836, stack(0x0000004d8c400000,0x0000004d8c500000) (1024K)]
  0x000001e0797600c0 JavaThread "Service Thread"             daemon [_thread_blocked, id=9484, stack(0x0000004d8c500000,0x0000004d8c600000) (1024K)]
  0x000001e079762030 JavaThread "Monitor Deflation Thread"   daemon [_thread_blocked, id=13292, stack(0x0000004d8c600000,0x0000004d8c700000) (1024K)]
=>0x000001e079769140 JavaThread "C2 CompilerThread0"         daemon [_thread_in_native, id=4888, stack(0x0000004d8c700000,0x0000004d8c800000) (1024K)]
  0x000001e079769d10 JavaThread "C1 CompilerThread0"         daemon [_thread_blocked, id=14368, stack(0x0000004d8c800000,0x0000004d8c900000) (1024K)]
  0x000001e0797626c0 JavaThread "Common-Cleaner"             daemon [_thread_blocked, id=5524, stack(0x0000004d8c900000,0x0000004d8ca00000) (1024K)]
  0x000001e079764790 JavaThread "Notification Thread"        daemon [_thread_blocked, id=11704, stack(0x0000004d8ca00000,0x0000004d8cb00000) (1024K)]
  0x000001e079761310 JavaThread "Daemon health stats"               [_thread_blocked, id=13184, stack(0x0000004d8d200000,0x0000004d8d300000) (1024K)]
  0x000001e0797633e0 JavaThread "Incoming local TCP Connector on port 64685"        [_thread_in_native, id=16996, stack(0x0000004d8d300000,0x0000004d8d400000) (1024K)]
  0x000001e079762d50 JavaThread "Daemon periodic checks"            [_thread_blocked, id=4128, stack(0x0000004d8d400000,0x0000004d8d500000) (1024K)]
  0x000001e079764100 JavaThread "Daemon"                            [_thread_blocked, id=17232, stack(0x0000004d8d500000,0x0000004d8d600000) (1024K)]
  0x000001e0152ca500 JavaThread "Handler for socket connection from /127.0.0.1:64685 to /127.0.0.1:64686"        [_thread_in_native, id=5880, stack(0x0000004d8d600000,0x0000004d8d700000) (1024K)]
  0x000001e0152ccc60 JavaThread "Cancel handler"                    [_thread_blocked, id=12552, stack(0x0000004d8d700000,0x0000004d8d800000) (1024K)]
  0x000001e0152cd2f0 JavaThread "Daemon worker"                     [_thread_in_Java, id=7828, stack(0x0000004d8d800000,0x0000004d8d900000) (1024K)]
  0x000001e0152ce010 JavaThread "Asynchronous log dispatcher for DefaultDaemonConnection: socket connection from /127.0.0.1:64685 to /127.0.0.1:64686"        [_thread_blocked, id=4572, stack(0x0000004d8d900000,0x0000004d8da00000) (1024K)]
  0x000001e0152cbf40 JavaThread "Stdin handler"                     [_thread_blocked, id=8944, stack(0x0000004d8da00000,0x0000004d8db00000) (1024K)]
  0x000001e0152cab90 JavaThread "Daemon client event forwarder"        [_thread_blocked, id=15032, stack(0x0000004d8db00000,0x0000004d8dc00000) (1024K)]
  0x000001e0152cb220 JavaThread "Cache worker for journal cache (C:\Users\DIGITAL MARKETING\.gradle\caches\journal-1)"        [_thread_blocked, id=8884, stack(0x0000004d8dc00000,0x0000004d8dd00000) (1024K)]
  0x000001e0152cc5d0 JavaThread "File lock request listener"        [_thread_in_native, id=9972, stack(0x0000004d8dd00000,0x0000004d8de00000) (1024K)]
  0x000001e0152ce6a0 JavaThread "Cache worker for file hash cache (C:\Users\DIGITAL MARKETING\.gradle\caches\8.10.2\fileHashes)"        [_thread_blocked, id=2540, stack(0x0000004d8de00000,0x0000004d8df00000) (1024K)]
  0x000001e0152cb8b0 JavaThread "Cache worker for file hash cache (D:\PERSONAL FILE\Kang Massage Project\node_modules\react-native-maps\android\.gradle\8.10.2\fileHashes)"        [_thread_blocked, id=13876, stack(0x0000004d8e200000,0x0000004d8e300000) (1024K)]
  0x000001e0152d0e00 JavaThread "Cache worker for Build Output Cleanup Cache (D:\PERSONAL FILE\Kang Massage Project\node_modules\react-native-maps\android\.gradle\buildOutputCleanup)"        [_thread_blocked, id=6476, stack(0x0000004d8e300000,0x0000004d8e400000) (1024K)]
  0x000001e0152cf3c0 JavaThread "File watcher server"        daemon [_thread_in_native, id=8888, stack(0x0000004d8e400000,0x0000004d8e500000) (1024K)]
  0x000001e0152cd980 JavaThread "File watcher consumer"      daemon [_thread_blocked, id=4424, stack(0x0000004d8e500000,0x0000004d8e600000) (1024K)]
  0x000001e0152cfa50 JavaThread "Cache worker for checksums cache (D:\PERSONAL FILE\Kang Massage Project\node_modules\react-native-maps\android\.gradle\8.10.2\checksums)"        [_thread_blocked, id=8088, stack(0x0000004d8e600000,0x0000004d8e700000) (1024K)]
  0x000001e0152d00e0 JavaThread "Cache worker for file content cache (C:\Users\DIGITAL MARKETING\.gradle\caches\8.10.2\fileContent)"        [_thread_blocked, id=11396, stack(0x0000004d8e700000,0x0000004d8e800000) (1024K)]
  0x000001e0152d1b20 JavaThread "Cache worker for cache directory md-rule (C:\Users\DIGITAL MARKETING\.gradle\caches\8.10.2\md-rule)"        [_thread_blocked, id=16420, stack(0x0000004d8e800000,0x0000004d8e900000) (1024K)]
  0x000001e0152d0770 JavaThread "Cache worker for cache directory md-supplier (C:\Users\DIGITAL MARKETING\.gradle\caches\8.10.2\md-supplier)"        [_thread_blocked, id=5336, stack(0x0000004d8e900000,0x0000004d8ea00000) (1024K)]
  0x000001e016f59260 JavaThread "jar transforms"                    [_thread_blocked, id=17024, stack(0x0000004d8cb00000,0x0000004d8cc00000) (1024K)]
  0x000001e016f57eb0 JavaThread "jar transforms Thread 2"           [_thread_blocked, id=5588, stack(0x0000004d8ea00000,0x0000004d8eb00000) (1024K)]
  0x000001e016137330 JavaThread "C2 CompilerThread1"         daemon [_thread_in_native, id=5024, stack(0x0000004d8cc00000,0x0000004d8cd00000) (1024K)]
Total: 35

Other Threads:
  0x000001e079722f10 VMThread "VM Thread"                           [id=5160, stack(0x0000004d8c000000,0x0000004d8c100000) (1024K)]
  0x000001e07970fb10 WatcherThread "VM Periodic Task Thread"        [id=1732, stack(0x0000004d8bf00000,0x0000004d8c000000) (1024K)]
  0x000001e063dbdcf0 WorkerThread "GC Thread#0"                     [id=6796, stack(0x0000004d8ba00000,0x0000004d8bb00000) (1024K)]
  0x000001e079b12eb0 WorkerThread "GC Thread#1"                     [id=8628, stack(0x0000004d8cd00000,0x0000004d8ce00000) (1024K)]
  0x000001e079ae5910 WorkerThread "GC Thread#2"                     [id=13968, stack(0x0000004d8ce00000,0x0000004d8cf00000) (1024K)]
  0x000001e079ae5cc0 WorkerThread "GC Thread#3"                     [id=15324, stack(0x0000004d8cf00000,0x0000004d8d000000) (1024K)]
  0x000001e079ae6070 WorkerThread "GC Thread#4"                     [id=11636, stack(0x0000004d8d000000,0x0000004d8d100000) (1024K)]
  0x000001e079ae6420 WorkerThread "GC Thread#5"                     [id=8452, stack(0x0000004d8d100000,0x0000004d8d200000) (1024K)]
  0x000001e016c66750 WorkerThread "GC Thread#6"                     [id=4216, stack(0x0000004d8df00000,0x0000004d8e000000) (1024K)]
  0x000001e016c65ff0 WorkerThread "GC Thread#7"                     [id=11080, stack(0x0000004d8e000000,0x0000004d8e100000) (1024K)]
  0x000001e063dc2d50 ConcurrentGCThread "G1 Main Marker"            [id=16288, stack(0x0000004d8bb00000,0x0000004d8bc00000) (1024K)]
  0x000001e063dc6af0 WorkerThread "G1 Conc#0"                       [id=11204, stack(0x0000004d8bc00000,0x0000004d8bd00000) (1024K)]
  0x000001e016c67610 WorkerThread "G1 Conc#1"                       [id=12532, stack(0x0000004d8e100000,0x0000004d8e200000) (1024K)]
  0x000001e0795dda30 ConcurrentGCThread "G1 Refine#0"               [id=10452, stack(0x0000004d8bd00000,0x0000004d8be00000) (1024K)]
  0x000001e0795de260 ConcurrentGCThread "G1 Service"                [id=15256, stack(0x0000004d8be00000,0x0000004d8bf00000) (1024K)]
Total: 15

Threads with active compile tasks:
C2 CompilerThread0  10884 6150 %     4       groovyjarjarantlr4.v4.runtime.atn.ATNConfigSet::optimizeConfigs @ 13 (58 bytes)
C2 CompilerThread1  10884 6146       4       groovyjarjarantlr4.v4.runtime.atn.PredictionContext::join (569 bytes)
Total: 2

VM state: not at safepoint (normal execution)

VM Mutex/Monitor currently owned by a thread: None

Heap address: 0x00000000e0000000, size: 512 MB, Compressed Oops mode: 32-bit

CDS archive(s) mapped at: [0x000001e000000000-0x000001e000ba0000-0x000001e000ba0000), size 12189696, SharedBaseAddress: 0x000001e000000000, ArchiveRelocationMode: 1.
Compressed class space mapped at: 0x000001e001000000-0x000001e015000000, reserved size: 335544320
Narrow klass base: 0x000001e000000000, Narrow klass shift: 0, Narrow klass range: 0x100000000

GC Precious Log:
 CardTable entry size: 512
 Card Set container configuration: InlinePtr #cards 5 size 8 Array Of Cards #cards 12 size 40 Howl #buckets 4 coarsen threshold 1843 Howl Bitmap #cards 512 size 80 coarsen threshold 460 Card regions per heap region 1 cards per card region 2048
 CPUs: 8 total, 8 available
 Memory: 7975M
 Large Page Support: Disabled
 NUMA Support: Disabled
 Compressed Oops: Enabled (32-bit)
 Heap Region Size: 1M
 Heap Min Capacity: 256M
 Heap Initial Capacity: 256M
 Heap Max Capacity: 512M
 Pre-touch: Disabled
 Parallel Workers: 8
 Concurrent Workers: 2
 Concurrent Refinement Workers: 8
 Periodic GC: Disabled

Heap:
 garbage-first heap   total 262144K, used 168960K [0x00000000e0000000, 0x0000000100000000)
  region size 1024K, 129 young (132096K), 8 survivors (8192K)
 Metaspace       used 48987K, committed 50432K, reserved 393216K
  class space    used 6994K, committed 7744K, reserved 327680K

Heap Regions: E=young(eden), S=young(survivor), O=old, HS=humongous(starts), HC=humongous(continues), CS=collection set, F=free, TAMS=top-at-mark-start, PB=parsable bottom
|   0|0x00000000e0000000, 0x00000000e0100000, 0x00000000e0100000|100%| O|  |TAMS 0x00000000e0000000| PB 0x00000000e0000000| Untracked 
|   1|0x00000000e0100000, 0x00000000e0200000, 0x00000000e0200000|100%|HS|  |TAMS 0x00000000e0100000| PB 0x00000000e0100000| Complete 
|   2|0x00000000e0200000, 0x00000000e0300000, 0x00000000e0300000|100%|HC|  |TAMS 0x00000000e0200000| PB 0x00000000e0200000| Complete 
|   3|0x00000000e0300000, 0x00000000e0400000, 0x00000000e0400000|100%|HC|  |TAMS 0x00000000e0300000| PB 0x00000000e0300000| Complete 
|   4|0x00000000e0400000, 0x00000000e0500000, 0x00000000e0500000|100%|HC|  |TAMS 0x00000000e0400000| PB 0x00000000e0400000| Complete 
|   5|0x00000000e0500000, 0x00000000e0600000, 0x00000000e0600000|100%| O|  |TAMS 0x00000000e0500000| PB 0x00000000e0500000| Untracked 
|   6|0x00000000e0600000, 0x00000000e0700000, 0x00000000e0700000|100%| O|  |TAMS 0x00000000e0600000| PB 0x00000000e0600000| Untracked 
|   7|0x00000000e0700000, 0x00000000e0800000, 0x00000000e0800000|100%| O|  |TAMS 0x00000000e0700000| PB 0x00000000e0700000| Untracked 
|   8|0x00000000e0800000, 0x00000000e0900000, 0x00000000e0900000|100%|HS|  |TAMS 0x00000000e0800000| PB 0x00000000e0800000| Complete 
|   9|0x00000000e0900000, 0x00000000e0a00000, 0x00000000e0a00000|100%| O|  |TAMS 0x00000000e0900000| PB 0x00000000e0900000| Untracked 
|  10|0x00000000e0a00000, 0x00000000e0b00000, 0x00000000e0b00000|100%| O|  |TAMS 0x00000000e0a00000| PB 0x00000000e0a00000| Untracked 
|  11|0x00000000e0b00000, 0x00000000e0c00000, 0x00000000e0c00000|100%| O|  |TAMS 0x00000000e0b00000| PB 0x00000000e0b00000| Untracked 
|  12|0x00000000e0c00000, 0x00000000e0d00000, 0x00000000e0d00000|100%| O|  |TAMS 0x00000000e0c00000| PB 0x00000000e0c00000| Untracked 
|  13|0x00000000e0d00000, 0x00000000e0e00000, 0x00000000e0e00000|100%| O|  |TAMS 0x00000000e0d00000| PB 0x00000000e0d00000| Untracked 
|  14|0x00000000e0e00000, 0x00000000e0f00000, 0x00000000e0f00000|100%| O|  |TAMS 0x00000000e0e00000| PB 0x00000000e0e00000| Untracked 
|  15|0x00000000e0f00000, 0x00000000e1000000, 0x00000000e1000000|100%| O|  |TAMS 0x00000000e0f00000| PB 0x00000000e0f00000| Untracked 
|  16|0x00000000e1000000, 0x00000000e1100000, 0x00000000e1100000|100%| O|  |TAMS 0x00000000e1000000| PB 0x00000000e1000000| Untracked 
|  17|0x00000000e1100000, 0x00000000e1200000, 0x00000000e1200000|100%| O|  |TAMS 0x00000000e1100000| PB 0x00000000e1100000| Untracked 
|  18|0x00000000e1200000, 0x00000000e1300000, 0x00000000e1300000|100%| O|  |TAMS 0x00000000e1200000| PB 0x00000000e1200000| Untracked 
|  19|0x00000000e1300000, 0x00000000e1400000, 0x00000000e1400000|100%| O|  |TAMS 0x00000000e1300000| PB 0x00000000e1300000| Untracked 
|  20|0x00000000e1400000, 0x00000000e1500000, 0x00000000e1500000|100%| O|  |TAMS 0x00000000e1400000| PB 0x00000000e1400000| Untracked 
|  21|0x00000000e1500000, 0x00000000e1600000, 0x00000000e1600000|100%| O|  |TAMS 0x00000000e1500000| PB 0x00000000e1500000| Untracked 
|  22|0x00000000e1600000, 0x00000000e1700000, 0x00000000e1700000|100%| O|Cm|TAMS 0x00000000e1600000| PB 0x00000000e1600000| Complete 
|  23|0x00000000e1700000, 0x00000000e1800000, 0x00000000e1800000|100%| O|  |TAMS 0x00000000e1700000| PB 0x00000000e1700000| Untracked 
|  24|0x00000000e1800000, 0x00000000e1900000, 0x00000000e1900000|100%| O|  |TAMS 0x00000000e1800000| PB 0x00000000e1800000| Untracked 
|  25|0x00000000e1900000, 0x00000000e1a00000, 0x00000000e1a00000|100%| O|  |TAMS 0x00000000e1900000| PB 0x00000000e1900000| Untracked 
|  26|0x00000000e1a00000, 0x00000000e1b00000, 0x00000000e1b00000|100%| O|  |TAMS 0x00000000e1a00000| PB 0x00000000e1a00000| Untracked 
|  27|0x00000000e1b00000, 0x00000000e1c00000, 0x00000000e1c00000|100%| O|  |TAMS 0x00000000e1b00000| PB 0x00000000e1b00000| Untracked 
|  28|0x00000000e1c00000, 0x00000000e1d00000, 0x00000000e1d00000|100%| O|  |TAMS 0x00000000e1c00000| PB 0x00000000e1c00000| Untracked 
|  29|0x00000000e1d00000, 0x00000000e1e00000, 0x00000000e1e00000|100%| O|  |TAMS 0x00000000e1d00000| PB 0x00000000e1d00000| Untracked 
|  30|0x00000000e1e00000, 0x00000000e1f00000, 0x00000000e1f00000|100%| O|  |TAMS 0x00000000e1e00000| PB 0x00000000e1e00000| Untracked 
|  31|0x00000000e1f00000, 0x00000000e2000000, 0x00000000e2000000|100%|HS|  |TAMS 0x00000000e1f00000| PB 0x00000000e1f00000| Complete 
|  32|0x00000000e2000000, 0x00000000e2100000, 0x00000000e2100000|100%|HS|  |TAMS 0x00000000e2000000| PB 0x00000000e2000000| Complete 
|  33|0x00000000e2100000, 0x00000000e2200000, 0x00000000e2200000|100%|HC|  |TAMS 0x00000000e2100000| PB 0x00000000e2100000| Complete 
|  34|0x00000000e2200000, 0x00000000e2300000, 0x00000000e2300000|100%|HS|  |TAMS 0x00000000e2200000| PB 0x00000000e2200000| Complete 
|  35|0x00000000e2300000, 0x00000000e2400000, 0x00000000e2400000|100%|HC|  |TAMS 0x00000000e2300000| PB 0x00000000e2300000| Complete 
|  36|0x00000000e2400000, 0x00000000e2500000, 0x00000000e2500000|100%|HS|  |TAMS 0x00000000e2400000| PB 0x00000000e2400000| Complete 
|  37|0x00000000e2500000, 0x00000000e2600000, 0x00000000e2600000|100%|HS|  |TAMS 0x00000000e2500000| PB 0x00000000e2500000| Complete 
|  38|0x00000000e2600000, 0x00000000e2600000, 0x00000000e2700000|  0%| F|  |TAMS 0x00000000e2600000| PB 0x00000000e2600000| Untracked 
|  39|0x00000000e2700000, 0x00000000e2700000, 0x00000000e2800000|  0%| F|  |TAMS 0x00000000e2700000| PB 0x00000000e2700000| Untracked 
|  40|0x00000000e2800000, 0x00000000e2800000, 0x00000000e2900000|  0%| F|  |TAMS 0x00000000e2800000| PB 0x00000000e2800000| Untracked 
|  41|0x00000000e2900000, 0x00000000e2900000, 0x00000000e2a00000|  0%| F|  |TAMS 0x00000000e2900000| PB 0x00000000e2900000| Untracked 
|  42|0x00000000e2a00000, 0x00000000e2a00000, 0x00000000e2b00000|  0%| F|  |TAMS 0x00000000e2a00000| PB 0x00000000e2a00000| Untracked 
|  43|0x00000000e2b00000, 0x00000000e2b00000, 0x00000000e2c00000|  0%| F|  |TAMS 0x00000000e2b00000| PB 0x00000000e2b00000| Untracked 
|  44|0x00000000e2c00000, 0x00000000e2c00000, 0x00000000e2d00000|  0%| F|  |TAMS 0x00000000e2c00000| PB 0x00000000e2c00000| Untracked 
|  45|0x00000000e2d00000, 0x00000000e2d00000, 0x00000000e2e00000|  0%| F|  |TAMS 0x00000000e2d00000| PB 0x00000000e2d00000| Untracked 
|  46|0x00000000e2e00000, 0x00000000e2e00000, 0x00000000e2f00000|  0%| F|  |TAMS 0x00000000e2e00000| PB 0x00000000e2e00000| Untracked 
|  47|0x00000000e2f00000, 0x00000000e2f00000, 0x00000000e3000000|  0%| F|  |TAMS 0x00000000e2f00000| PB 0x00000000e2f00000| Untracked 
|  48|0x00000000e3000000, 0x00000000e3000000, 0x00000000e3100000|  0%| F|  |TAMS 0x00000000e3000000| PB 0x00000000e3000000| Untracked 
|  49|0x00000000e3100000, 0x00000000e3100000, 0x00000000e3200000|  0%| F|  |TAMS 0x00000000e3100000| PB 0x00000000e3100000| Untracked 
|  50|0x00000000e3200000, 0x00000000e3200000, 0x00000000e3300000|  0%| F|  |TAMS 0x00000000e3200000| PB 0x00000000e3200000| Untracked 
|  51|0x00000000e3300000, 0x00000000e3300000, 0x00000000e3400000|  0%| F|  |TAMS 0x00000000e3300000| PB 0x00000000e3300000| Untracked 
|  52|0x00000000e3400000, 0x00000000e3400000, 0x00000000e3500000|  0%| F|  |TAMS 0x00000000e3400000| PB 0x00000000e3400000| Untracked 
|  53|0x00000000e3500000, 0x00000000e3500000, 0x00000000e3600000|  0%| F|  |TAMS 0x00000000e3500000| PB 0x00000000e3500000| Untracked 
|  54|0x00000000e3600000, 0x00000000e3600000, 0x00000000e3700000|  0%| F|  |TAMS 0x00000000e3600000| PB 0x00000000e3600000| Untracked 
|  55|0x00000000e3700000, 0x00000000e3700000, 0x00000000e3800000|  0%| F|  |TAMS 0x00000000e3700000| PB 0x00000000e3700000| Untracked 
|  56|0x00000000e3800000, 0x00000000e3800000, 0x00000000e3900000|  0%| F|  |TAMS 0x00000000e3800000| PB 0x00000000e3800000| Untracked 
|  57|0x00000000e3900000, 0x00000000e3900000, 0x00000000e3a00000|  0%| F|  |TAMS 0x00000000e3900000| PB 0x00000000e3900000| Untracked 
|  58|0x00000000e3a00000, 0x00000000e3a00000, 0x00000000e3b00000|  0%| F|  |TAMS 0x00000000e3a00000| PB 0x00000000e3a00000| Untracked 
|  59|0x00000000e3b00000, 0x00000000e3b00000, 0x00000000e3c00000|  0%| F|  |TAMS 0x00000000e3b00000| PB 0x00000000e3b00000| Untracked 
|  60|0x00000000e3c00000, 0x00000000e3c00000, 0x00000000e3d00000|  0%| F|  |TAMS 0x00000000e3c00000| PB 0x00000000e3c00000| Untracked 
|  61|0x00000000e3d00000, 0x00000000e3d00000, 0x00000000e3e00000|  0%| F|  |TAMS 0x00000000e3d00000| PB 0x00000000e3d00000| Untracked 
|  62|0x00000000e3e00000, 0x00000000e3e00000, 0x00000000e3f00000|  0%| F|  |TAMS 0x00000000e3e00000| PB 0x00000000e3e00000| Untracked 
|  63|0x00000000e3f00000, 0x00000000e3f00000, 0x00000000e4000000|  0%| F|  |TAMS 0x00000000e3f00000| PB 0x00000000e3f00000| Untracked 
|  64|0x00000000e4000000, 0x00000000e4000000, 0x00000000e4100000|  0%| F|  |TAMS 0x00000000e4000000| PB 0x00000000e4000000| Untracked 
|  65|0x00000000e4100000, 0x00000000e4100000, 0x00000000e4200000|  0%| F|  |TAMS 0x00000000e4100000| PB 0x00000000e4100000| Untracked 
|  66|0x00000000e4200000, 0x00000000e4200000, 0x00000000e4300000|  0%| F|  |TAMS 0x00000000e4200000| PB 0x00000000e4200000| Untracked 
|  67|0x00000000e4300000, 0x00000000e4300000, 0x00000000e4400000|  0%| F|  |TAMS 0x00000000e4300000| PB 0x00000000e4300000| Untracked 
|  68|0x00000000e4400000, 0x00000000e4400000, 0x00000000e4500000|  0%| F|  |TAMS 0x00000000e4400000| PB 0x00000000e4400000| Untracked 
|  69|0x00000000e4500000, 0x00000000e4500000, 0x00000000e4600000|  0%| F|  |TAMS 0x00000000e4500000| PB 0x00000000e4500000| Untracked 
|  70|0x00000000e4600000, 0x00000000e4600000, 0x00000000e4700000|  0%| F|  |TAMS 0x00000000e4600000| PB 0x00000000e4600000| Untracked 
|  71|0x00000000e4700000, 0x00000000e4700000, 0x00000000e4800000|  0%| F|  |TAMS 0x00000000e4700000| PB 0x00000000e4700000| Untracked 
|  72|0x00000000e4800000, 0x00000000e4800000, 0x00000000e4900000|  0%| F|  |TAMS 0x00000000e4800000| PB 0x00000000e4800000| Untracked 
|  73|0x00000000e4900000, 0x00000000e4900000, 0x00000000e4a00000|  0%| F|  |TAMS 0x00000000e4900000| PB 0x00000000e4900000| Untracked 
|  74|0x00000000e4a00000, 0x00000000e4a00000, 0x00000000e4b00000|  0%| F|  |TAMS 0x00000000e4a00000| PB 0x00000000e4a00000| Untracked 
|  75|0x00000000e4b00000, 0x00000000e4b00000, 0x00000000e4c00000|  0%| F|  |TAMS 0x00000000e4b00000| PB 0x00000000e4b00000| Untracked 
|  76|0x00000000e4c00000, 0x00000000e4c00000, 0x00000000e4d00000|  0%| F|  |TAMS 0x00000000e4c00000| PB 0x00000000e4c00000| Untracked 
|  77|0x00000000e4d00000, 0x00000000e4d00000, 0x00000000e4e00000|  0%| F|  |TAMS 0x00000000e4d00000| PB 0x00000000e4d00000| Untracked 
|  78|0x00000000e4e00000, 0x00000000e4e00000, 0x00000000e4f00000|  0%| F|  |TAMS 0x00000000e4e00000| PB 0x00000000e4e00000| Untracked 
|  79|0x00000000e4f00000, 0x00000000e4f00000, 0x00000000e5000000|  0%| F|  |TAMS 0x00000000e4f00000| PB 0x00000000e4f00000| Untracked 
|  80|0x00000000e5000000, 0x00000000e5000000, 0x00000000e5100000|  0%| F|  |TAMS 0x00000000e5000000| PB 0x00000000e5000000| Untracked 
|  81|0x00000000e5100000, 0x00000000e5100000, 0x00000000e5200000|  0%| F|  |TAMS 0x00000000e5100000| PB 0x00000000e5100000| Untracked 
|  82|0x00000000e5200000, 0x00000000e5200000, 0x00000000e5300000|  0%| F|  |TAMS 0x00000000e5200000| PB 0x00000000e5200000| Untracked 
|  83|0x00000000e5300000, 0x00000000e5300000, 0x00000000e5400000|  0%| F|  |TAMS 0x00000000e5300000| PB 0x00000000e5300000| Untracked 
|  84|0x00000000e5400000, 0x00000000e5400000, 0x00000000e5500000|  0%| F|  |TAMS 0x00000000e5400000| PB 0x00000000e5400000| Untracked 
|  85|0x00000000e5500000, 0x00000000e5500000, 0x00000000e5600000|  0%| F|  |TAMS 0x00000000e5500000| PB 0x00000000e5500000| Untracked 
|  86|0x00000000e5600000, 0x00000000e5600000, 0x00000000e5700000|  0%| F|  |TAMS 0x00000000e5600000| PB 0x00000000e5600000| Untracked 
|  87|0x00000000e5700000, 0x00000000e5700000, 0x00000000e5800000|  0%| F|  |TAMS 0x00000000e5700000| PB 0x00000000e5700000| Untracked 
|  88|0x00000000e5800000, 0x00000000e5800000, 0x00000000e5900000|  0%| F|  |TAMS 0x00000000e5800000| PB 0x00000000e5800000| Untracked 
|  89|0x00000000e5900000, 0x00000000e5900000, 0x00000000e5a00000|  0%| F|  |TAMS 0x00000000e5900000| PB 0x00000000e5900000| Untracked 
|  90|0x00000000e5a00000, 0x00000000e5a00000, 0x00000000e5b00000|  0%| F|  |TAMS 0x00000000e5a00000| PB 0x00000000e5a00000| Untracked 
|  91|0x00000000e5b00000, 0x00000000e5b00000, 0x00000000e5c00000|  0%| F|  |TAMS 0x00000000e5b00000| PB 0x00000000e5b00000| Untracked 
|  92|0x00000000e5c00000, 0x00000000e5c00000, 0x00000000e5d00000|  0%| F|  |TAMS 0x00000000e5c00000| PB 0x00000000e5c00000| Untracked 
|  93|0x00000000e5d00000, 0x00000000e5d00000, 0x00000000e5e00000|  0%| F|  |TAMS 0x00000000e5d00000| PB 0x00000000e5d00000| Untracked 
|  94|0x00000000e5e00000, 0x00000000e5e00000, 0x00000000e5f00000|  0%| F|  |TAMS 0x00000000e5e00000| PB 0x00000000e5e00000| Untracked 
|  95|0x00000000e5f00000, 0x00000000e5f00000, 0x00000000e6000000|  0%| F|  |TAMS 0x00000000e5f00000| PB 0x00000000e5f00000| Untracked 
|  96|0x00000000e6000000, 0x00000000e6000000, 0x00000000e6100000|  0%| F|  |TAMS 0x00000000e6000000| PB 0x00000000e6000000| Untracked 
|  97|0x00000000e6100000, 0x00000000e6100000, 0x00000000e6200000|  0%| F|  |TAMS 0x00000000e6100000| PB 0x00000000e6100000| Untracked 
|  98|0x00000000e6200000, 0x00000000e6200000, 0x00000000e6300000|  0%| F|  |TAMS 0x00000000e6200000| PB 0x00000000e6200000| Untracked 
|  99|0x00000000e6300000, 0x00000000e6300000, 0x00000000e6400000|  0%| F|  |TAMS 0x00000000e6300000| PB 0x00000000e6300000| Untracked 
| 100|0x00000000e6400000, 0x00000000e6400000, 0x00000000e6500000|  0%| F|  |TAMS 0x00000000e6400000| PB 0x00000000e6400000| Untracked 
| 101|0x00000000e6500000, 0x00000000e6500000, 0x00000000e6600000|  0%| F|  |TAMS 0x00000000e6500000| PB 0x00000000e6500000| Untracked 
| 102|0x00000000e6600000, 0x00000000e6600000, 0x00000000e6700000|  0%| F|  |TAMS 0x00000000e6600000| PB 0x00000000e6600000| Untracked 
| 103|0x00000000e6700000, 0x00000000e6700000, 0x00000000e6800000|  0%| F|  |TAMS 0x00000000e6700000| PB 0x00000000e6700000| Untracked 
| 104|0x00000000e6800000, 0x00000000e6800000, 0x00000000e6900000|  0%| F|  |TAMS 0x00000000e6800000| PB 0x00000000e6800000| Untracked 
| 105|0x00000000e6900000, 0x00000000e6900000, 0x00000000e6a00000|  0%| F|  |TAMS 0x00000000e6900000| PB 0x00000000e6900000| Untracked 
| 106|0x00000000e6a00000, 0x00000000e6a00000, 0x00000000e6b00000|  0%| F|  |TAMS 0x00000000e6a00000| PB 0x00000000e6a00000| Untracked 
| 107|0x00000000e6b00000, 0x00000000e6b00000, 0x00000000e6c00000|  0%| F|  |TAMS 0x00000000e6b00000| PB 0x00000000e6b00000| Untracked 
| 108|0x00000000e6c00000, 0x00000000e6c00000, 0x00000000e6d00000|  0%| F|  |TAMS 0x00000000e6c00000| PB 0x00000000e6c00000| Untracked 
| 109|0x00000000e6d00000, 0x00000000e6d00000, 0x00000000e6e00000|  0%| F|  |TAMS 0x00000000e6d00000| PB 0x00000000e6d00000| Untracked 
| 110|0x00000000e6e00000, 0x00000000e6e00000, 0x00000000e6f00000|  0%| F|  |TAMS 0x00000000e6e00000| PB 0x00000000e6e00000| Untracked 
| 111|0x00000000e6f00000, 0x00000000e6f00000, 0x00000000e7000000|  0%| F|  |TAMS 0x00000000e6f00000| PB 0x00000000e6f00000| Untracked 
| 112|0x00000000e7000000, 0x00000000e7000000, 0x00000000e7100000|  0%| F|  |TAMS 0x00000000e7000000| PB 0x00000000e7000000| Untracked 
| 113|0x00000000e7100000, 0x00000000e7100000, 0x00000000e7200000|  0%| F|  |TAMS 0x00000000e7100000| PB 0x00000000e7100000| Untracked 
| 114|0x00000000e7200000, 0x00000000e7200000, 0x00000000e7300000|  0%| F|  |TAMS 0x00000000e7200000| PB 0x00000000e7200000| Untracked 
| 115|0x00000000e7300000, 0x00000000e7300000, 0x00000000e7400000|  0%| F|  |TAMS 0x00000000e7300000| PB 0x00000000e7300000| Untracked 
| 116|0x00000000e7400000, 0x00000000e7400000, 0x00000000e7500000|  0%| F|  |TAMS 0x00000000e7400000| PB 0x00000000e7400000| Untracked 
| 117|0x00000000e7500000, 0x00000000e7500000, 0x00000000e7600000|  0%| F|  |TAMS 0x00000000e7500000| PB 0x00000000e7500000| Untracked 
| 118|0x00000000e7600000, 0x00000000e7600000, 0x00000000e7700000|  0%| F|  |TAMS 0x00000000e7600000| PB 0x00000000e7600000| Untracked 
| 119|0x00000000e7700000, 0x00000000e7700000, 0x00000000e7800000|  0%| F|  |TAMS 0x00000000e7700000| PB 0x00000000e7700000| Untracked 
| 120|0x00000000e7800000, 0x00000000e7800000, 0x00000000e7900000|  0%| F|  |TAMS 0x00000000e7800000| PB 0x00000000e7800000| Untracked 
| 121|0x00000000e7900000, 0x00000000e7900000, 0x00000000e7a00000|  0%| F|  |TAMS 0x00000000e7900000| PB 0x00000000e7900000| Untracked 
| 122|0x00000000e7a00000, 0x00000000e7a00000, 0x00000000e7b00000|  0%| F|  |TAMS 0x00000000e7a00000| PB 0x00000000e7a00000| Untracked 
| 123|0x00000000e7b00000, 0x00000000e7b00000, 0x00000000e7c00000|  0%| F|  |TAMS 0x00000000e7b00000| PB 0x00000000e7b00000| Untracked 
| 124|0x00000000e7c00000, 0x00000000e7c00000, 0x00000000e7d00000|  0%| F|  |TAMS 0x00000000e7c00000| PB 0x00000000e7c00000| Untracked 
| 125|0x00000000e7d00000, 0x00000000e7d00000, 0x00000000e7e00000|  0%| F|  |TAMS 0x00000000e7d00000| PB 0x00000000e7d00000| Untracked 
| 126|0x00000000e7e00000, 0x00000000e7e00000, 0x00000000e7f00000|  0%| F|  |TAMS 0x00000000e7e00000| PB 0x00000000e7e00000| Untracked 
| 127|0x00000000e7f00000, 0x00000000e8000000, 0x00000000e8000000|100%| E|  |TAMS 0x00000000e7f00000| PB 0x00000000e7f00000| Complete 
| 128|0x00000000e8000000, 0x00000000e8100000, 0x00000000e8100000|100%| E|CS|TAMS 0x00000000e8000000| PB 0x00000000e8000000| Complete 
| 129|0x00000000e8100000, 0x00000000e8200000, 0x00000000e8200000|100%| E|CS|TAMS 0x00000000e8100000| PB 0x00000000e8100000| Complete 
| 130|0x00000000e8200000, 0x00000000e8300000, 0x00000000e8300000|100%| E|CS|TAMS 0x00000000e8200000| PB 0x00000000e8200000| Complete 
| 131|0x00000000e8300000, 0x00000000e8400000, 0x00000000e8400000|100%| E|CS|TAMS 0x00000000e8300000| PB 0x00000000e8300000| Complete 
| 132|0x00000000e8400000, 0x00000000e8500000, 0x00000000e8500000|100%| E|CS|TAMS 0x00000000e8400000| PB 0x00000000e8400000| Complete 
| 133|0x00000000e8500000, 0x00000000e8600000, 0x00000000e8600000|100%| E|CS|TAMS 0x00000000e8500000| PB 0x00000000e8500000| Complete 
| 134|0x00000000e8600000, 0x00000000e8700000, 0x00000000e8700000|100%| E|CS|TAMS 0x00000000e8600000| PB 0x00000000e8600000| Complete 
| 135|0x00000000e8700000, 0x00000000e8800000, 0x00000000e8800000|100%| E|CS|TAMS 0x00000000e8700000| PB 0x00000000e8700000| Complete 
| 136|0x00000000e8800000, 0x00000000e8900000, 0x00000000e8900000|100%| E|CS|TAMS 0x00000000e8800000| PB 0x00000000e8800000| Complete 
| 137|0x00000000e8900000, 0x00000000e8a00000, 0x00000000e8a00000|100%| E|CS|TAMS 0x00000000e8900000| PB 0x00000000e8900000| Complete 
| 138|0x00000000e8a00000, 0x00000000e8b00000, 0x00000000e8b00000|100%| E|CS|TAMS 0x00000000e8a00000| PB 0x00000000e8a00000| Complete 
| 139|0x00000000e8b00000, 0x00000000e8c00000, 0x00000000e8c00000|100%| E|CS|TAMS 0x00000000e8b00000| PB 0x00000000e8b00000| Complete 
| 140|0x00000000e8c00000, 0x00000000e8d00000, 0x00000000e8d00000|100%| E|CS|TAMS 0x00000000e8c00000| PB 0x00000000e8c00000| Complete 
| 141|0x00000000e8d00000, 0x00000000e8e00000, 0x00000000e8e00000|100%| E|CS|TAMS 0x00000000e8d00000| PB 0x00000000e8d00000| Complete 
| 142|0x00000000e8e00000, 0x00000000e8f00000, 0x00000000e8f00000|100%| E|CS|TAMS 0x00000000e8e00000| PB 0x00000000e8e00000| Complete 
| 143|0x00000000e8f00000, 0x00000000e9000000, 0x00000000e9000000|100%| E|CS|TAMS 0x00000000e8f00000| PB 0x00000000e8f00000| Complete 
| 144|0x00000000e9000000, 0x00000000e9100000, 0x00000000e9100000|100%| E|CS|TAMS 0x00000000e9000000| PB 0x00000000e9000000| Complete 
| 145|0x00000000e9100000, 0x00000000e9200000, 0x00000000e9200000|100%| E|CS|TAMS 0x00000000e9100000| PB 0x00000000e9100000| Complete 
| 146|0x00000000e9200000, 0x00000000e9300000, 0x00000000e9300000|100%| E|CS|TAMS 0x00000000e9200000| PB 0x00000000e9200000| Complete 
| 147|0x00000000e9300000, 0x00000000e9400000, 0x00000000e9400000|100%| E|CS|TAMS 0x00000000e9300000| PB 0x00000000e9300000| Complete 
| 148|0x00000000e9400000, 0x00000000e9500000, 0x00000000e9500000|100%| E|CS|TAMS 0x00000000e9400000| PB 0x00000000e9400000| Complete 
| 149|0x00000000e9500000, 0x00000000e9600000, 0x00000000e9600000|100%| E|CS|TAMS 0x00000000e9500000| PB 0x00000000e9500000| Complete 
| 150|0x00000000e9600000, 0x00000000e9700000, 0x00000000e9700000|100%| E|CS|TAMS 0x00000000e9600000| PB 0x00000000e9600000| Complete 
| 151|0x00000000e9700000, 0x00000000e9800000, 0x00000000e9800000|100%| E|CS|TAMS 0x00000000e9700000| PB 0x00000000e9700000| Complete 
| 152|0x00000000e9800000, 0x00000000e9900000, 0x00000000e9900000|100%| E|CS|TAMS 0x00000000e9800000| PB 0x00000000e9800000| Complete 
| 153|0x00000000e9900000, 0x00000000e9a00000, 0x00000000e9a00000|100%| E|CS|TAMS 0x00000000e9900000| PB 0x00000000e9900000| Complete 
| 154|0x00000000e9a00000, 0x00000000e9b00000, 0x00000000e9b00000|100%| E|CS|TAMS 0x00000000e9a00000| PB 0x00000000e9a00000| Complete 
| 155|0x00000000e9b00000, 0x00000000e9c00000, 0x00000000e9c00000|100%| E|CS|TAMS 0x00000000e9b00000| PB 0x00000000e9b00000| Complete 
| 156|0x00000000e9c00000, 0x00000000e9d00000, 0x00000000e9d00000|100%| E|CS|TAMS 0x00000000e9c00000| PB 0x00000000e9c00000| Complete 
| 157|0x00000000e9d00000, 0x00000000e9e00000, 0x00000000e9e00000|100%| E|CS|TAMS 0x00000000e9d00000| PB 0x00000000e9d00000| Complete 
| 158|0x00000000e9e00000, 0x00000000e9f00000, 0x00000000e9f00000|100%| E|CS|TAMS 0x00000000e9e00000| PB 0x00000000e9e00000| Complete 
| 159|0x00000000e9f00000, 0x00000000ea000000, 0x00000000ea000000|100%| E|CS|TAMS 0x00000000e9f00000| PB 0x00000000e9f00000| Complete 
| 160|0x00000000ea000000, 0x00000000ea100000, 0x00000000ea100000|100%| E|CS|TAMS 0x00000000ea000000| PB 0x00000000ea000000| Complete 
| 161|0x00000000ea100000, 0x00000000ea200000, 0x00000000ea200000|100%| E|  |TAMS 0x00000000ea100000| PB 0x00000000ea100000| Complete 
| 162|0x00000000ea200000, 0x00000000ea300000, 0x00000000ea300000|100%| E|CS|TAMS 0x00000000ea200000| PB 0x00000000ea200000| Complete 
| 163|0x00000000ea300000, 0x00000000ea400000, 0x00000000ea400000|100%| E|CS|TAMS 0x00000000ea300000| PB 0x00000000ea300000| Complete 
| 164|0x00000000ea400000, 0x00000000ea500000, 0x00000000ea500000|100%| E|CS|TAMS 0x00000000ea400000| PB 0x00000000ea400000| Complete 
| 165|0x00000000ea500000, 0x00000000ea600000, 0x00000000ea600000|100%| E|CS|TAMS 0x00000000ea500000| PB 0x00000000ea500000| Complete 
| 166|0x00000000ea600000, 0x00000000ea700000, 0x00000000ea700000|100%| E|CS|TAMS 0x00000000ea600000| PB 0x00000000ea600000| Complete 
| 167|0x00000000ea700000, 0x00000000ea800000, 0x00000000ea800000|100%| E|CS|TAMS 0x00000000ea700000| PB 0x00000000ea700000| Complete 
| 168|0x00000000ea800000, 0x00000000ea900000, 0x00000000ea900000|100%| E|CS|TAMS 0x00000000ea800000| PB 0x00000000ea800000| Complete 
| 169|0x00000000ea900000, 0x00000000eaa00000, 0x00000000eaa00000|100%| E|CS|TAMS 0x00000000ea900000| PB 0x00000000ea900000| Complete 
| 170|0x00000000eaa00000, 0x00000000eab00000, 0x00000000eab00000|100%| E|CS|TAMS 0x00000000eaa00000| PB 0x00000000eaa00000| Complete 
| 171|0x00000000eab00000, 0x00000000eac00000, 0x00000000eac00000|100%| E|CS|TAMS 0x00000000eab00000| PB 0x00000000eab00000| Complete 
| 172|0x00000000eac00000, 0x00000000ead00000, 0x00000000ead00000|100%| E|CS|TAMS 0x00000000eac00000| PB 0x00000000eac00000| Complete 
| 173|0x00000000ead00000, 0x00000000eae00000, 0x00000000eae00000|100%| E|CS|TAMS 0x00000000ead00000| PB 0x00000000ead00000| Complete 
| 174|0x00000000eae00000, 0x00000000eaf00000, 0x00000000eaf00000|100%| E|CS|TAMS 0x00000000eae00000| PB 0x00000000eae00000| Complete 
| 175|0x00000000eaf00000, 0x00000000eb000000, 0x00000000eb000000|100%| E|CS|TAMS 0x00000000eaf00000| PB 0x00000000eaf00000| Complete 
| 176|0x00000000eb000000, 0x00000000eb100000, 0x00000000eb100000|100%| E|CS|TAMS 0x00000000eb000000| PB 0x00000000eb000000| Complete 
| 177|0x00000000eb100000, 0x00000000eb200000, 0x00000000eb200000|100%| E|CS|TAMS 0x00000000eb100000| PB 0x00000000eb100000| Complete 
| 178|0x00000000eb200000, 0x00000000eb300000, 0x00000000eb300000|100%| E|CS|TAMS 0x00000000eb200000| PB 0x00000000eb200000| Complete 
| 179|0x00000000eb300000, 0x00000000eb400000, 0x00000000eb400000|100%| E|CS|TAMS 0x00000000eb300000| PB 0x00000000eb300000| Complete 
| 180|0x00000000eb400000, 0x00000000eb500000, 0x00000000eb500000|100%| E|CS|TAMS 0x00000000eb400000| PB 0x00000000eb400000| Complete 
| 181|0x00000000eb500000, 0x00000000eb600000, 0x00000000eb600000|100%| E|CS|TAMS 0x00000000eb500000| PB 0x00000000eb500000| Complete 
| 182|0x00000000eb600000, 0x00000000eb700000, 0x00000000eb700000|100%| E|CS|TAMS 0x00000000eb600000| PB 0x00000000eb600000| Complete 
| 183|0x00000000eb700000, 0x00000000eb800000, 0x00000000eb800000|100%| E|CS|TAMS 0x00000000eb700000| PB 0x00000000eb700000| Complete 
| 184|0x00000000eb800000, 0x00000000eb900000, 0x00000000eb900000|100%| E|CS|TAMS 0x00000000eb800000| PB 0x00000000eb800000| Complete 
| 185|0x00000000eb900000, 0x00000000eba00000, 0x00000000eba00000|100%| E|CS|TAMS 0x00000000eb900000| PB 0x00000000eb900000| Complete 
| 186|0x00000000eba00000, 0x00000000ebb00000, 0x00000000ebb00000|100%| E|CS|TAMS 0x00000000eba00000| PB 0x00000000eba00000| Complete 
| 187|0x00000000ebb00000, 0x00000000ebc00000, 0x00000000ebc00000|100%| E|CS|TAMS 0x00000000ebb00000| PB 0x00000000ebb00000| Complete 
| 188|0x00000000ebc00000, 0x00000000ebd00000, 0x00000000ebd00000|100%| E|CS|TAMS 0x00000000ebc00000| PB 0x00000000ebc00000| Complete 
| 189|0x00000000ebd00000, 0x00000000ebe00000, 0x00000000ebe00000|100%| E|CS|TAMS 0x00000000ebd00000| PB 0x00000000ebd00000| Complete 
| 190|0x00000000ebe00000, 0x00000000ebf00000, 0x00000000ebf00000|100%| E|CS|TAMS 0x00000000ebe00000| PB 0x00000000ebe00000| Complete 
| 191|0x00000000ebf00000, 0x00000000ec000000, 0x00000000ec000000|100%| E|CS|TAMS 0x00000000ebf00000| PB 0x00000000ebf00000| Complete 
| 192|0x00000000ec000000, 0x00000000ec100000, 0x00000000ec100000|100%| E|CS|TAMS 0x00000000ec000000| PB 0x00000000ec000000| Complete 
| 193|0x00000000ec100000, 0x00000000ec200000, 0x00000000ec200000|100%| E|CS|TAMS 0x00000000ec100000| PB 0x00000000ec100000| Complete 
| 194|0x00000000ec200000, 0x00000000ec300000, 0x00000000ec300000|100%| E|CS|TAMS 0x00000000ec200000| PB 0x00000000ec200000| Complete 
| 195|0x00000000ec300000, 0x00000000ec400000, 0x00000000ec400000|100%| S|CS|TAMS 0x00000000ec300000| PB 0x00000000ec300000| Complete 
| 196|0x00000000ec400000, 0x00000000ec500000, 0x00000000ec500000|100%| S|CS|TAMS 0x00000000ec400000| PB 0x00000000ec400000| Complete 
| 197|0x00000000ec500000, 0x00000000ec600000, 0x00000000ec600000|100%| S|CS|TAMS 0x00000000ec500000| PB 0x00000000ec500000| Complete 
| 198|0x00000000ec600000, 0x00000000ec700000, 0x00000000ec700000|100%| S|CS|TAMS 0x00000000ec600000| PB 0x00000000ec600000| Complete 
| 199|0x00000000ec700000, 0x00000000ec800000, 0x00000000ec800000|100%| S|CS|TAMS 0x00000000ec700000| PB 0x00000000ec700000| Complete 
| 200|0x00000000ec800000, 0x00000000ec900000, 0x00000000ec900000|100%| S|CS|TAMS 0x00000000ec800000| PB 0x00000000ec800000| Complete 
| 201|0x00000000ec900000, 0x00000000eca00000, 0x00000000eca00000|100%| S|CS|TAMS 0x00000000ec900000| PB 0x00000000ec900000| Complete 
| 202|0x00000000eca00000, 0x00000000ecb00000, 0x00000000ecb00000|100%| S|CS|TAMS 0x00000000eca00000| PB 0x00000000eca00000| Complete 
| 203|0x00000000ecb00000, 0x00000000ecc00000, 0x00000000ecc00000|100%| E|CS|TAMS 0x00000000ecb00000| PB 0x00000000ecb00000| Complete 
| 204|0x00000000ecc00000, 0x00000000ecd00000, 0x00000000ecd00000|100%| E|CS|TAMS 0x00000000ecc00000| PB 0x00000000ecc00000| Complete 
| 205|0x00000000ecd00000, 0x00000000ece00000, 0x00000000ece00000|100%| E|CS|TAMS 0x00000000ecd00000| PB 0x00000000ecd00000| Complete 
| 206|0x00000000ece00000, 0x00000000ecf00000, 0x00000000ecf00000|100%| E|CS|TAMS 0x00000000ece00000| PB 0x00000000ece00000| Complete 
| 207|0x00000000ecf00000, 0x00000000ed000000, 0x00000000ed000000|100%| E|CS|TAMS 0x00000000ecf00000| PB 0x00000000ecf00000| Complete 
| 208|0x00000000ed000000, 0x00000000ed100000, 0x00000000ed100000|100%| E|CS|TAMS 0x00000000ed000000| PB 0x00000000ed000000| Complete 
| 209|0x00000000ed100000, 0x00000000ed200000, 0x00000000ed200000|100%| E|CS|TAMS 0x00000000ed100000| PB 0x00000000ed100000| Complete 
| 210|0x00000000ed200000, 0x00000000ed300000, 0x00000000ed300000|100%| E|CS|TAMS 0x00000000ed200000| PB 0x00000000ed200000| Complete 
| 211|0x00000000ed300000, 0x00000000ed400000, 0x00000000ed400000|100%| E|CS|TAMS 0x00000000ed300000| PB 0x00000000ed300000| Complete 
| 212|0x00000000ed400000, 0x00000000ed500000, 0x00000000ed500000|100%| E|CS|TAMS 0x00000000ed400000| PB 0x00000000ed400000| Complete 
| 213|0x00000000ed500000, 0x00000000ed600000, 0x00000000ed600000|100%| E|CS|TAMS 0x00000000ed500000| PB 0x00000000ed500000| Complete 
| 214|0x00000000ed600000, 0x00000000ed700000, 0x00000000ed700000|100%| E|CS|TAMS 0x00000000ed600000| PB 0x00000000ed600000| Complete 
| 215|0x00000000ed700000, 0x00000000ed800000, 0x00000000ed800000|100%| E|CS|TAMS 0x00000000ed700000| PB 0x00000000ed700000| Complete 
| 216|0x00000000ed800000, 0x00000000ed900000, 0x00000000ed900000|100%| E|CS|TAMS 0x00000000ed800000| PB 0x00000000ed800000| Complete 
| 217|0x00000000ed900000, 0x00000000eda00000, 0x00000000eda00000|100%| E|CS|TAMS 0x00000000ed900000| PB 0x00000000ed900000| Complete 
| 218|0x00000000eda00000, 0x00000000edb00000, 0x00000000edb00000|100%| E|CS|TAMS 0x00000000eda00000| PB 0x00000000eda00000| Complete 
| 219|0x00000000edb00000, 0x00000000edc00000, 0x00000000edc00000|100%| E|CS|TAMS 0x00000000edb00000| PB 0x00000000edb00000| Complete 
| 220|0x00000000edc00000, 0x00000000edd00000, 0x00000000edd00000|100%| E|CS|TAMS 0x00000000edc00000| PB 0x00000000edc00000| Complete 
| 221|0x00000000edd00000, 0x00000000ede00000, 0x00000000ede00000|100%| E|CS|TAMS 0x00000000edd00000| PB 0x00000000edd00000| Complete 
| 222|0x00000000ede00000, 0x00000000edf00000, 0x00000000edf00000|100%| E|CS|TAMS 0x00000000ede00000| PB 0x00000000ede00000| Complete 
| 223|0x00000000edf00000, 0x00000000ee000000, 0x00000000ee000000|100%| E|CS|TAMS 0x00000000edf00000| PB 0x00000000edf00000| Complete 
| 224|0x00000000ee000000, 0x00000000ee100000, 0x00000000ee100000|100%| E|CS|TAMS 0x00000000ee000000| PB 0x00000000ee000000| Complete 
| 225|0x00000000ee100000, 0x00000000ee200000, 0x00000000ee200000|100%| E|CS|TAMS 0x00000000ee100000| PB 0x00000000ee100000| Complete 
| 226|0x00000000ee200000, 0x00000000ee300000, 0x00000000ee300000|100%| E|CS|TAMS 0x00000000ee200000| PB 0x00000000ee200000| Complete 
| 227|0x00000000ee300000, 0x00000000ee400000, 0x00000000ee400000|100%| E|CS|TAMS 0x00000000ee300000| PB 0x00000000ee300000| Complete 
| 228|0x00000000ee400000, 0x00000000ee500000, 0x00000000ee500000|100%| E|CS|TAMS 0x00000000ee400000| PB 0x00000000ee400000| Complete 
| 229|0x00000000ee500000, 0x00000000ee600000, 0x00000000ee600000|100%| E|CS|TAMS 0x00000000ee500000| PB 0x00000000ee500000| Complete 
| 230|0x00000000ee600000, 0x00000000ee700000, 0x00000000ee700000|100%| E|CS|TAMS 0x00000000ee600000| PB 0x00000000ee600000| Complete 
| 231|0x00000000ee700000, 0x00000000ee800000, 0x00000000ee800000|100%| E|CS|TAMS 0x00000000ee700000| PB 0x00000000ee700000| Complete 
| 232|0x00000000ee800000, 0x00000000ee900000, 0x00000000ee900000|100%| E|CS|TAMS 0x00000000ee800000| PB 0x00000000ee800000| Complete 
| 233|0x00000000ee900000, 0x00000000eea00000, 0x00000000eea00000|100%| E|CS|TAMS 0x00000000ee900000| PB 0x00000000ee900000| Complete 
| 234|0x00000000eea00000, 0x00000000eeb00000, 0x00000000eeb00000|100%| E|CS|TAMS 0x00000000eea00000| PB 0x00000000eea00000| Complete 
| 235|0x00000000eeb00000, 0x00000000eec00000, 0x00000000eec00000|100%| E|CS|TAMS 0x00000000eeb00000| PB 0x00000000eeb00000| Complete 
| 236|0x00000000eec00000, 0x00000000eed00000, 0x00000000eed00000|100%| E|CS|TAMS 0x00000000eec00000| PB 0x00000000eec00000| Complete 
| 237|0x00000000eed00000, 0x00000000eee00000, 0x00000000eee00000|100%| E|CS|TAMS 0x00000000eed00000| PB 0x00000000eed00000| Complete 
| 238|0x00000000eee00000, 0x00000000eef00000, 0x00000000eef00000|100%| E|CS|TAMS 0x00000000eee00000| PB 0x00000000eee00000| Complete 
| 239|0x00000000eef00000, 0x00000000ef000000, 0x00000000ef000000|100%| E|CS|TAMS 0x00000000eef00000| PB 0x00000000eef00000| Complete 
| 240|0x00000000ef000000, 0x00000000ef100000, 0x00000000ef100000|100%| E|CS|TAMS 0x00000000ef000000| PB 0x00000000ef000000| Complete 
| 241|0x00000000ef100000, 0x00000000ef200000, 0x00000000ef200000|100%| E|CS|TAMS 0x00000000ef100000| PB 0x00000000ef100000| Complete 
| 242|0x00000000ef200000, 0x00000000ef300000, 0x00000000ef300000|100%| E|CS|TAMS 0x00000000ef200000| PB 0x00000000ef200000| Complete 
| 243|0x00000000ef300000, 0x00000000ef400000, 0x00000000ef400000|100%| E|CS|TAMS 0x00000000ef300000| PB 0x00000000ef300000| Complete 
| 244|0x00000000ef400000, 0x00000000ef500000, 0x00000000ef500000|100%| E|CS|TAMS 0x00000000ef400000| PB 0x00000000ef400000| Complete 
| 245|0x00000000ef500000, 0x00000000ef600000, 0x00000000ef600000|100%| E|CS|TAMS 0x00000000ef500000| PB 0x00000000ef500000| Complete 
| 246|0x00000000ef600000, 0x00000000ef700000, 0x00000000ef700000|100%| E|CS|TAMS 0x00000000ef600000| PB 0x00000000ef600000| Complete 
| 247|0x00000000ef700000, 0x00000000ef800000, 0x00000000ef800000|100%| E|CS|TAMS 0x00000000ef700000| PB 0x00000000ef700000| Complete 
| 248|0x00000000ef800000, 0x00000000ef900000, 0x00000000ef900000|100%| E|CS|TAMS 0x00000000ef800000| PB 0x00000000ef800000| Complete 
| 249|0x00000000ef900000, 0x00000000efa00000, 0x00000000efa00000|100%| E|CS|TAMS 0x00000000ef900000| PB 0x00000000ef900000| Complete 
| 250|0x00000000efa00000, 0x00000000efb00000, 0x00000000efb00000|100%| E|CS|TAMS 0x00000000efa00000| PB 0x00000000efa00000| Complete 
| 251|0x00000000efb00000, 0x00000000efc00000, 0x00000000efc00000|100%| E|CS|TAMS 0x00000000efb00000| PB 0x00000000efb00000| Complete 
| 252|0x00000000efc00000, 0x00000000efd00000, 0x00000000efd00000|100%| E|CS|TAMS 0x00000000efc00000| PB 0x00000000efc00000| Complete 
| 253|0x00000000efd00000, 0x00000000efe00000, 0x00000000efe00000|100%| E|CS|TAMS 0x00000000efd00000| PB 0x00000000efd00000| Complete 
| 254|0x00000000efe00000, 0x00000000eff00000, 0x00000000eff00000|100%| E|CS|TAMS 0x00000000efe00000| PB 0x00000000efe00000| Complete 
| 255|0x00000000eff00000, 0x00000000f0000000, 0x00000000f0000000|100%| E|CS|TAMS 0x00000000eff00000| PB 0x00000000eff00000| Complete 

Card table byte_map: [0x000001e0763c0000,0x000001e0764c0000] _byte_map_base: 0x000001e075cc0000

Marking Bits: (CMBitMap*) 0x000001e063dbe310
 Bits: [0x000001e0764c0000, 0x000001e076cc0000)

Polling page: 0x000001e063550000

Metaspace:

Usage:
  Non-class:     41.01 MB used.
      Class:      6.83 MB used.
       Both:     47.84 MB used.

Virtual space:
  Non-class space:       64.00 MB reserved,      41.69 MB ( 65%) committed,  1 nodes.
      Class space:      320.00 MB reserved,       7.56 MB (  2%) committed,  1 nodes.
             Both:      384.00 MB reserved,      49.25 MB ( 13%) committed. 

Chunk freelists:
   Non-Class:  6.12 MB
       Class:  8.48 MB
        Both:  14.60 MB

MaxMetaspaceSize: 384.00 MB
CompressedClassSpaceSize: 320.00 MB
Initial GC threshold: 21.00 MB
Current GC threshold: 59.19 MB
CDS: on
 - commit_granule_bytes: 65536.
 - commit_granule_words: 8192.
 - virtual_space_node_default_size: 8388608.
 - enlarge_chunks_in_place: 1.
 - use_allocation_guard: 0.


Internal statistics:

num_allocs_failed_limit: 9.
num_arena_births: 2534.
num_arena_deaths: 0.
num_vsnodes_births: 2.
num_vsnodes_deaths: 0.
num_space_committed: 788.
num_space_uncommitted: 0.
num_chunks_returned_to_freelist: 9.
num_chunks_taken_from_freelist: 4701.
num_chunk_merges: 9.
num_chunk_splits: 3091.
num_chunks_enlarged: 1965.
num_inconsistent_stats: 0.

CodeHeap 'non-profiled nmethods': size=120000Kb used=3666Kb max_used=3666Kb free=116333Kb
 bounds [0x000001e06ea60000, 0x000001e06ee00000, 0x000001e075f90000]
CodeHeap 'profiled nmethods': size=120000Kb used=11067Kb max_used=11067Kb free=108932Kb
 bounds [0x000001e066f90000, 0x000001e067a60000, 0x000001e06e4c0000]
CodeHeap 'non-nmethods': size=5760Kb used=2795Kb max_used=2817Kb free=2964Kb
 bounds [0x000001e06e4c0000, 0x000001e06e790000, 0x000001e06ea60000]
CodeCache: size=245760Kb, used=17528Kb, max_used=17550Kb, free=228229Kb
 total_blobs=6515, nmethods=5659, adapters=760, full_count=0
Compilation: enabled, stopped_count=0, restarted_count=0

Compilation events (20 events):
Event: 8.310 Thread 0x000001e079769d10 nmethod 6201 0x000001e06edf4790 code [0x000001e06edf4920, 0x000001e06edf49e8]
Event: 8.747 Thread 0x000001e079769d10 6202       2       jdk.internal.misc.Unsafe::putIntOpaque (9 bytes)
Event: 8.747 Thread 0x000001e079769d10 nmethod 6202 0x000001e067a53690 code [0x000001e067a53820, 0x000001e067a53930]
Event: 8.824 Thread 0x000001e079769d10 6204       2       groovyjarjarantlr4.v4.runtime.misc.IntegerList::add (43 bytes)
Event: 8.825 Thread 0x000001e079769d10 nmethod 6204 0x000001e067a53a10 code [0x000001e067a53bc0, 0x000001e067a53d48]
Event: 8.828 Thread 0x000001e079769d10 6205       3       groovyjarjarantlr4.v4.runtime.atn.LexerATNSimulator::closure (258 bytes)
Event: 8.829 Thread 0x000001e079769d10 nmethod 6205 0x000001e067a53e90 code [0x000001e067a54200, 0x000001e067a55c10]
Event: 8.830 Thread 0x000001e079769d10 6206       3       java.util.HashMap::newTreeNode (13 bytes)
Event: 8.830 Thread 0x000001e079769d10 nmethod 6206 0x000001e067a56390 code [0x000001e067a56540, 0x000001e067a56700]
Event: 8.842 Thread 0x000001e079769d10 6208       3       groovyjarjarantlr4.v4.runtime.CommonTokenStream::adjustSeekIndex (10 bytes)
Event: 8.842 Thread 0x000001e079769d10 nmethod 6208 0x000001e067a56810 code [0x000001e067a569c0, 0x000001e067a56b88]
Event: 8.844 Thread 0x000001e079769d10 6210       2       groovyjarjarantlr4.v4.runtime.dfa.DFAState::isContextSymbol (37 bytes)
Event: 8.844 Thread 0x000001e079769d10 nmethod 6210 0x000001e067a56c10 code [0x000001e067a56dc0, 0x000001e067a56f68]
Event: 8.844 Thread 0x000001e079769d10 6211       2       groovyjarjarantlr4.v4.runtime.dfa.DFAState::isContextSensitive (13 bytes)
Event: 8.844 Thread 0x000001e079769d10 nmethod 6211 0x000001e067a57090 code [0x000001e067a57220, 0x000001e067a57338]
Event: 8.848 Thread 0x000001e079769d10 6214       3       groovyjarjarantlr4.v4.runtime.BufferedTokenStream::consume (119 bytes)
Event: 8.848 Thread 0x000001e079769d10 nmethod 6214 0x000001e067a57410 code [0x000001e067a57640, 0x000001e067a57f28]
Event: 8.849 Thread 0x000001e079769d10 6215       2       java.util.TreeMap::rotateLeft (96 bytes)
Event: 8.849 Thread 0x000001e079769d10 nmethod 6215 0x000001e067a58190 code [0x000001e067a58360, 0x000001e067a58798]
Event: 8.852 Thread 0x000001e079769d10 6216       2       groovyjarjarantlr4.v4.runtime.dfa.HashEdgeMap::size (41 bytes)

GC Heap History (14 events):
Event: 0.336 GC heap before
{Heap before GC invocations=0 (full 0):
 garbage-first heap   total 262144K, used 22528K [0x00000000e0000000, 0x0000000100000000)
  region size 1024K, 23 young (23552K), 0 survivors (0K)
 Metaspace       used 1098K, committed 1216K, reserved 393216K
  class space    used 82K, committed 128K, reserved 327680K
}
Event: 0.338 GC heap after
{Heap after GC invocations=1 (full 0):
 garbage-first heap   total 262144K, used 3455K [0x00000000e0000000, 0x0000000100000000)
  region size 1024K, 3 young (3072K), 3 survivors (3072K)
 Metaspace       used 1098K, committed 1216K, reserved 393216K
  class space    used 82K, committed 128K, reserved 327680K
}
Event: 0.803 GC heap before
{Heap before GC invocations=1 (full 0):
 garbage-first heap   total 262144K, used 40319K [0x00000000e0000000, 0x0000000100000000)
  region size 1024K, 36 young (36864K), 3 survivors (3072K)
 Metaspace       used 4369K, committed 4544K, reserved 393216K
  class space    used 551K, committed 640K, reserved 327680K
}
Event: 0.806 GC heap after
{Heap after GC invocations=2 (full 0):
 garbage-first heap   total 262144K, used 12009K [0x00000000e0000000, 0x0000000100000000)
  region size 1024K, 5 young (5120K), 5 survivors (5120K)
 Metaspace       used 4369K, committed 4544K, reserved 393216K
  class space    used 551K, committed 640K, reserved 327680K
}
Event: 1.193 GC heap before
{Heap before GC invocations=2 (full 0):
 garbage-first heap   total 262144K, used 62185K [0x00000000e0000000, 0x0000000100000000)
  region size 1024K, 52 young (53248K), 5 survivors (5120K)
 Metaspace       used 5643K, committed 5824K, reserved 393216K
  class space    used 745K, committed 832K, reserved 327680K
}
Event: 1.196 GC heap after
{Heap after GC invocations=3 (full 0):
 garbage-first heap   total 262144K, used 17681K [0x00000000e0000000, 0x0000000100000000)
  region size 1024K, 5 young (5120K), 5 survivors (5120K)
 Metaspace       used 5643K, committed 5824K, reserved 393216K
  class space    used 745K, committed 832K, reserved 327680K
}
Event: 2.799 GC heap before
{Heap before GC invocations=3 (full 0):
 garbage-first heap   total 262144K, used 107793K [0x00000000e0000000, 0x0000000100000000)
  region size 1024K, 94 young (96256K), 5 survivors (5120K)
 Metaspace       used 20863K, committed 21504K, reserved 393216K
  class space    used 3074K, committed 3392K, reserved 327680K
}
Event: 2.808 GC heap after
{Heap after GC invocations=4 (full 0):
 garbage-first heap   total 262144K, used 25072K [0x00000000e0000000, 0x0000000100000000)
  region size 1024K, 12 young (12288K), 12 survivors (12288K)
 Metaspace       used 20863K, committed 21504K, reserved 393216K
  class space    used 3074K, committed 3392K, reserved 327680K
}
Event: 4.025 GC heap before
{Heap before GC invocations=5 (full 0):
 garbage-first heap   total 262144K, used 147952K [0x00000000e0000000, 0x0000000100000000)
  region size 1024K, 133 young (136192K), 12 survivors (12288K)
 Metaspace       used 34714K, committed 35904K, reserved 393216K
  class space    used 5242K, committed 5824K, reserved 327680K
}
Event: 4.036 GC heap after
{Heap after GC invocations=6 (full 0):
 garbage-first heap   total 262144K, used 33429K [0x00000000e0000000, 0x0000000100000000)
  region size 1024K, 16 young (16384K), 16 survivors (16384K)
 Metaspace       used 34714K, committed 35904K, reserved 393216K
  class space    used 5242K, committed 5824K, reserved 327680K
}
Event: 4.278 GC heap before
{Heap before GC invocations=6 (full 0):
 garbage-first heap   total 262144K, used 113301K [0x00000000e0000000, 0x0000000100000000)
  region size 1024K, 95 young (97280K), 16 survivors (16384K)
 Metaspace       used 34796K, committed 35968K, reserved 393216K
  class space    used 5244K, committed 5824K, reserved 327680K
}
Event: 4.293 GC heap after
{Heap after GC invocations=7 (full 0):
 garbage-first heap   total 262144K, used 36864K [0x00000000e0000000, 0x0000000100000000)
  region size 1024K, 12 young (12288K), 12 survivors (12288K)
 Metaspace       used 34796K, committed 35968K, reserved 393216K
  class space    used 5244K, committed 5824K, reserved 327680K
}
Event: 4.610 GC heap before
{Heap before GC invocations=7 (full 0):
 garbage-first heap   total 262144K, used 90112K [0x00000000e0000000, 0x0000000100000000)
  region size 1024K, 65 young (66560K), 12 survivors (12288K)
 Metaspace       used 35091K, committed 36288K, reserved 393216K
  class space    used 5284K, committed 5888K, reserved 327680K
}
Event: 4.618 GC heap after
{Heap after GC invocations=8 (full 0):
 garbage-first heap   total 262144K, used 39936K [0x00000000e0000000, 0x0000000100000000)
  region size 1024K, 8 young (8192K), 8 survivors (8192K)
 Metaspace       used 35091K, committed 36288K, reserved 393216K
  class space    used 5284K, committed 5888K, reserved 327680K
}

Dll operation events (14 events):
Event: 0.015 Loaded shared library C:\Users\DIGITAL MARKETING\.antigravity-ide\extensions\redhat.java-1.54.0-win32-x64\jre\21.0.10-win32-x86_64\bin\java.dll
Event: 0.061 Loaded shared library C:\Users\DIGITAL MARKETING\.antigravity-ide\extensions\redhat.java-1.54.0-win32-x64\jre\21.0.10-win32-x86_64\bin\zip.dll
Event: 0.075 Loaded shared library C:\Users\DIGITAL MARKETING\.antigravity-ide\extensions\redhat.java-1.54.0-win32-x64\jre\21.0.10-win32-x86_64\bin\instrument.dll
Event: 0.079 Loaded shared library C:\Users\DIGITAL MARKETING\.antigravity-ide\extensions\redhat.java-1.54.0-win32-x64\jre\21.0.10-win32-x86_64\bin\net.dll
Event: 0.081 Loaded shared library C:\Users\DIGITAL MARKETING\.antigravity-ide\extensions\redhat.java-1.54.0-win32-x64\jre\21.0.10-win32-x86_64\bin\nio.dll
Event: 0.083 Loaded shared library C:\Users\DIGITAL MARKETING\.antigravity-ide\extensions\redhat.java-1.54.0-win32-x64\jre\21.0.10-win32-x86_64\bin\zip.dll
Event: 0.248 Loaded shared library C:\Users\DIGITAL MARKETING\.antigravity-ide\extensions\redhat.java-1.54.0-win32-x64\jre\21.0.10-win32-x86_64\bin\jimage.dll
Event: 0.399 Loaded shared library C:\Users\DIGITAL MARKETING\.antigravity-ide\extensions\redhat.java-1.54.0-win32-x64\jre\21.0.10-win32-x86_64\bin\verify.dll
Event: 0.521 Loaded shared library C:\Users\DIGITAL MARKETING\.gradle\native\c067742578af261105cb4f569cf0c3c89f3d7b1fecec35dd04571415982c5e48\windows-amd64\native-platform.dll
Event: 0.538 Loaded shared library C:\Users\DIGITAL MARKETING\.gradle\native\100fb08df4bc3b14c8652ba06237920a3bd2aa13389f12d3474272988ae205f9\windows-amd64\native-platform-file-events.dll
Event: 1.266 Loaded shared library C:\Users\DIGITAL MARKETING\.antigravity-ide\extensions\redhat.java-1.54.0-win32-x64\jre\21.0.10-win32-x86_64\bin\management.dll
Event: 1.274 Loaded shared library C:\Users\DIGITAL MARKETING\.antigravity-ide\extensions\redhat.java-1.54.0-win32-x64\jre\21.0.10-win32-x86_64\bin\management_ext.dll
Event: 1.485 Loaded shared library C:\Users\DIGITAL MARKETING\.antigravity-ide\extensions\redhat.java-1.54.0-win32-x64\jre\21.0.10-win32-x86_64\bin\extnet.dll
Event: 1.610 Loaded shared library C:\Users\DIGITAL MARKETING\.antigravity-ide\extensions\redhat.java-1.54.0-win32-x64\jre\21.0.10-win32-x86_64\bin\sunmscapi.dll

Deoptimization events (20 events):
Event: 7.809 Thread 0x000001e0152cd2f0 Uncommon trap: trap_request=0xffffff45 fr.pc=0x000001e06eaf652c relative=0x000000000000008c
Event: 7.809 Thread 0x000001e0152cd2f0 Uncommon trap: reason=unstable_if action=reinterpret pc=0x000001e06eaf652c method=groovyjarjarantlr4.v4.runtime.atn.ParserATNSimulator.isAcceptState(Lgroovyjarjarantlr4/v4/runtime/dfa/DFAState;Z)Z @ 22 c2
Event: 7.809 Thread 0x000001e0152cd2f0 DEOPT PACKING pc=0x000001e06eaf652c sp=0x0000004d8d8f5ea0
Event: 7.809 Thread 0x000001e0152cd2f0 DEOPT UNPACKING pc=0x000001e06e517ba2 sp=0x0000004d8d8f5e28 mode 2
Event: 7.809 Thread 0x000001e0152cd2f0 Uncommon trap: trap_request=0xffffff45 fr.pc=0x000001e06ed7200c relative=0x0000000000001f8c
Event: 7.809 Thread 0x000001e0152cd2f0 Uncommon trap: reason=unstable_if action=reinterpret pc=0x000001e06ed7200c method=groovyjarjarantlr4.v4.runtime.atn.ParserATNSimulator.closure(Lgroovyjarjarantlr4/v4/runtime/atn/ATNConfig;Lgroovyjarjarantlr4/v4/runtime/atn/ATNConfigSet;Lgroovyjarjarantlr4
Event: 7.809 Thread 0x000001e0152cd2f0 DEOPT PACKING pc=0x000001e06ed7200c sp=0x0000004d8d8f6230
Event: 7.809 Thread 0x000001e0152cd2f0 DEOPT UNPACKING pc=0x000001e06e517ba2 sp=0x0000004d8d8f61d8 mode 2
Event: 8.827 Thread 0x000001e0152cd2f0 Uncommon trap: trap_request=0xffffff45 fr.pc=0x000001e06ec1002c relative=0x000000000000250c
Event: 8.827 Thread 0x000001e0152cd2f0 Uncommon trap: reason=unstable_if action=reinterpret pc=0x000001e06ec1002c method=groovyjarjarantlr4.v4.runtime.atn.LexerATNSimulator.closure(Lgroovyjarjarantlr4/v4/runtime/CharStream;Lgroovyjarjarantlr4/v4/runtime/atn/ATNConfig;Lgroovyjarjarantlr4/v4/run
Event: 8.827 Thread 0x000001e0152cd2f0 DEOPT PACKING pc=0x000001e06ec1002c sp=0x0000004d8d8f5fa0
Event: 8.827 Thread 0x000001e0152cd2f0 DEOPT UNPACKING pc=0x000001e06e517ba2 sp=0x0000004d8d8f5f98 mode 2
Event: 8.835 Thread 0x000001e0152cd2f0 Uncommon trap: trap_request=0xffffff45 fr.pc=0x000001e06eb00fe4 relative=0x00000000000003c4
Event: 8.835 Thread 0x000001e0152cd2f0 Uncommon trap: reason=unstable_if action=reinterpret pc=0x000001e06eb00fe4 method=groovyjarjarantlr4.v4.runtime.BufferedTokenStream.nextTokenOnChannel(II)I @ 42 c2
Event: 8.835 Thread 0x000001e0152cd2f0 DEOPT PACKING pc=0x000001e06eb00fe4 sp=0x0000004d8d8f63d0
Event: 8.835 Thread 0x000001e0152cd2f0 DEOPT UNPACKING pc=0x000001e06e517ba2 sp=0x0000004d8d8f6290 mode 2
Event: 8.836 Thread 0x000001e0152cd2f0 Uncommon trap: trap_request=0xffffff45 fr.pc=0x000001e06eafd818 relative=0x0000000000000238
Event: 8.836 Thread 0x000001e0152cd2f0 Uncommon trap: reason=unstable_if action=reinterpret pc=0x000001e06eafd818 method=groovyjarjarantlr4.v4.runtime.BufferedTokenStream.nextTokenOnChannel(II)I @ 42 c2
Event: 8.836 Thread 0x000001e0152cd2f0 DEOPT PACKING pc=0x000001e06eafd818 sp=0x0000004d8d8f6350
Event: 8.836 Thread 0x000001e0152cd2f0 DEOPT UNPACKING pc=0x000001e06e517ba2 sp=0x0000004d8d8f6280 mode 2

Classes loaded (20 events):
Event: 6.562 Loading class java/util/concurrent/RecursiveAction
Event: 6.562 Loading class java/util/concurrent/RecursiveAction done
Event: 7.743 Loading class javax/net/ssl/HostnameVerifier
Event: 7.743 Loading class javax/net/ssl/HostnameVerifier done
Event: 7.745 Loading class javax/net/ssl/TrustManager
Event: 7.745 Loading class javax/net/ssl/TrustManager done
Event: 7.746 Loading class javax/net/ssl/X509TrustManager
Event: 7.746 Loading class javax/net/ssl/X509TrustManager done
Event: 7.748 Loading class javax/net/ssl/SSLException
Event: 7.748 Loading class javax/net/ssl/SSLException done
Event: 7.748 Loading class javax/net/ssl/SSLPeerUnverifiedException
Event: 7.748 Loading class javax/net/ssl/SSLPeerUnverifiedException done
Event: 7.748 Loading class javax/naming/NamingException
Event: 7.749 Loading class javax/naming/NamingException done
Event: 7.749 Loading class javax/naming/InvalidNameException
Event: 7.749 Loading class javax/naming/InvalidNameException done
Event: 7.749 Loading class java/security/cert/CertificateParsingException
Event: 7.750 Loading class java/security/cert/CertificateException
Event: 7.750 Loading class java/security/cert/CertificateException done
Event: 7.750 Loading class java/security/cert/CertificateParsingException done

Classes unloaded (0 events):
No events

Classes redefined (0 events):
No events

Internal exceptions (20 events):
Event: 6.252 Thread 0x000001e0152cd2f0 Exception <a 'java/lang/NoSuchMethodError'{0x00000000ebe45510}: 'java.lang.Object java.lang.invoke.DirectMethodHandle$Holder.invokeVirtual(java.lang.Object, java.lang.Object, java.lang.Object, java.lang.Object, java.lang.Object, java.lang.Object, java.lang.Object, java.lang.Object, java.lang.Object, java.lang.Object, java.lang.Object, java.lang.Object, java.lang.Object)'> (0x00000000ebe45510) 
thrown [s\src\hotspot\share\interpreter\linkResolver.cpp, line 773]
Event: 6.252 Thread 0x000001e0152cd2f0 Exception <a 'java/lang/NoSuchMethodError'{0x00000000ebe4a988}: 'java.lang.Object java.lang.invoke.DirectMethodHandle$Holder.invokeSpecial(java.lang.Object, java.lang.Object, java.lang.Object, java.lang.Object, java.lang.Object, java.lang.Object, java.lang.Object, java.lang.Object, java.lang.Object, java.lang.Object, java.lang.Object, java.lang.Object, java.lang.Object, java.lang.Object)'> (0x00000000ebe4a988) 
thrown [s\src\hotspot\share\interpreter\linkResolver.cpp, line 773]
Event: 6.252 Thread 0x000001e0152cd2f0 Exception <a 'java/lang/NoSuchMethodError'{0x00000000ebe4f668}: 'java.lang.Object java.lang.invoke.DelegatingMethodHandle$Holder.reinvoke_L(java.lang.Object, java.lang.Object, java.lang.Object, java.lang.Object, java.lang.Object, java.lang.Object, java.lang.Object, java.lang.Object, java.lang.Object, java.lang.Object, java.lang.Object, java.lang.Object, java.lang.Object)'> (0x00000000ebe4f668) 
thrown [s\src\hotspot\share\interpreter\linkResolver.cpp, line 773]
Event: 6.254 Thread 0x000001e0152cd2f0 Exception <a 'java/lang/IncompatibleClassChangeError'{0x00000000ebea6f08}: Found class java.lang.Object, but interface was expected> (0x00000000ebea6f08) 
thrown [s\src\hotspot\share\interpreter\linkResolver.cpp, line 840]
Event: 6.373 Thread 0x000001e0152cd2f0 Exception <a 'java/lang/ClassNotFoundException'{0x00000000eb5d4d50}: org/gradle/internal/metaobject/ConfigureDelegateBeanInfo> (0x00000000eb5d4d50) 
thrown [s\src\hotspot\share\classfile\systemDictionary.cpp, line 312]
Event: 6.374 Thread 0x000001e0152cd2f0 Exception <a 'java/lang/ClassNotFoundException'{0x00000000eb5df600}: org/gradle/internal/metaobject/ConfigureDelegateCustomizer> (0x00000000eb5df600) 
thrown [s\src\hotspot\share\classfile\systemDictionary.cpp, line 312]
Event: 6.406 Thread 0x000001e0152cd2f0 Exception <a 'java/lang/ClassNotFoundException'{0x00000000eb382ea0}: org/gradle/api/internal/project/DefaultProject_DecoratedBeanInfo> (0x00000000eb382ea0) 
thrown [s\src\hotspot\share\classfile\systemDictionary.cpp, line 312]
Event: 6.406 Thread 0x000001e0152cd2f0 Exception <a 'java/lang/ClassNotFoundException'{0x00000000eb38e6c0}: org/gradle/api/internal/project/DefaultProjectBeanInfo> (0x00000000eb38e6c0) 
thrown [s\src\hotspot\share\classfile\systemDictionary.cpp, line 312]
Event: 6.406 Thread 0x000001e0152cd2f0 Exception <a 'java/lang/ClassNotFoundException'{0x00000000eb39a1f8}: org/gradle/api/internal/project/DefaultProjectCustomizer> (0x00000000eb39a1f8) 
thrown [s\src\hotspot\share\classfile\systemDictionary.cpp, line 312]
Event: 6.411 Thread 0x000001e0152cd2f0 Exception <a 'java/lang/ClassNotFoundException'{0x00000000eb254300}: org/gradle/api/internal/project/DefaultProject_DecoratedCustomizer> (0x00000000eb254300) 
thrown [s\src\hotspot\share\classfile\systemDictionary.cpp, line 312]
Event: 6.420 Thread 0x000001e0152cd2f0 Exception <a 'java/lang/ClassNotFoundException'{0x00000000eb101d10}: org/gradle/configuration/internal/DefaultListenerBuildOperationDecorator$BuildOperationEmittingClosureBeanInfo> (0x00000000eb101d10) 
thrown [s\src\hotspot\share\classfile\systemDictionary.cpp, line 312]
Event: 6.420 Thread 0x000001e0152cd2f0 Exception <a 'java/lang/ClassNotFoundException'{0x00000000eb10df90}: org/gradle/configuration/internal/DefaultListenerBuildOperationDecorator$BuildOperationEmittingClosureCustomizer> (0x00000000eb10df90) 
thrown [s\src\hotspot\share\classfile\systemDictionary.cpp, line 312]
Event: 6.483 Thread 0x000001e0152cd2f0 Exception <a 'java/lang/NoSuchMethodError'{0x00000000eadb3da8}: 'java.lang.Object java.lang.invoke.DirectMethodHandle$Holder.invokeVirtual(java.lang.Object, java.lang.Object, java.lang.Object, java.lang.Object, java.lang.Object, java.lang.Object, java.lang.Object, java.lang.Object, java.lang.Object, java.lang.Object, java.lang.Object, java.lang.Object, java.lang.Object, java.lang.Object, java.lang.Object)'> (0x00000000eadb3da8) 
thrown [s\src\hotspot\share\interpreter\linkResolver.cpp, line 773]
Event: 6.483 Thread 0x000001e0152cd2f0 Exception <a 'java/lang/NoSuchMethodError'{0x00000000eadb9728}: 'java.lang.Object java.lang.invoke.DirectMethodHandle$Holder.invokeSpecial(java.lang.Object, java.lang.Object, java.lang.Object, java.lang.Object, java.lang.Object, java.lang.Object, java.lang.Object, java.lang.Object, java.lang.Object, java.lang.Object, java.lang.Object, java.lang.Object, java.lang.Object, java.lang.Object, java.lang.Object, java.lang.Object)'> (0x00000000eadb9728) 
thrown [s\src\hotspot\share\interpreter\linkResolver.cpp, li
Event: 6.483 Thread 0x000001e0152cd2f0 Exception <a 'java/lang/NoSuchMethodError'{0x00000000eadbe6f8}: 'java.lang.Object java.lang.invoke.DelegatingMethodHandle$Holder.reinvoke_L(java.lang.Object, java.lang.Object, java.lang.Object, java.lang.Object, java.lang.Object, java.lang.Object, java.lang.Object, java.lang.Object, java.lang.Object, java.lang.Object, java.lang.Object, java.lang.Object, java.lang.Object, java.lang.Object, java.lang.Object)'> (0x00000000eadbe6f8) 
thrown [s\src\hotspot\share\interpreter\linkResolver.cpp, line 773]
Event: 6.519 Thread 0x000001e0152cd2f0 Exception <a 'java/lang/NoSuchMethodError'{0x00000000eaae95a0}: 'long java.lang.invoke.DirectMethodHandle$Holder.invokeStatic(java.lang.Object, long)'> (0x00000000eaae95a0) 
thrown [s\src\hotspot\share\interpreter\linkResolver.cpp, line 773]
Event: 6.564 Thread 0x000001e0152cd2f0 Exception <a 'java/lang/NoSuchMethodError'{0x00000000ea6dd6b8}: 'java.lang.Object java.lang.invoke.DirectMethodHandle$Holder.invokeInterface(java.lang.Object, java.lang.Object, int)'> (0x00000000ea6dd6b8) 
thrown [s\src\hotspot\share\interpreter\linkResolver.cpp, line 773]
Event: 7.738 Thread 0x000001e0152cd2f0 Exception <a 'java/lang/NoSuchMethodError'{0x00000000e9fb04b8}: 'java.lang.Object java.lang.invoke.DirectMethodHandle$Holder.invokeVirtual(java.lang.Object, java.lang.Object, java.lang.Object, java.lang.Object, java.lang.Object, java.lang.Object, java.lang.Object, java.lang.Object, java.lang.Object, java.lang.Object, java.lang.Object, java.lang.Object, java.lang.Object, java.lang.Object, java.lang.Object, java.lang.Object, java.lang.Object)'> (0x00000000e9fb04b8) 
thrown [s\src\hotspot\share\interpreter\li
Event: 7.738 Thread 0x000001e0152cd2f0 Exception <a 'java/lang/NoSuchMethodError'{0x00000000e9fb6388}: 'java.lang.Object java.lang.invoke.DirectMethodHandle$Holder.invokeSpecial(java.lang.Object, java.lang.Object, java.lang.Object, java.lang.Object, java.lang.Object, java.lang.Object, java.lang.Object, java.lang.Object, java.lang.Object, java.lang.Object, java.lang.Object, java.lang.Object, java.lang.Object, java.lang.Object, java.lang.Object, java.lang.Object, java.lang.Object, java.lang.Object)'> (0x00000000e9fb6388) 
thrown [s\src\hotspot\sh
Event: 7.738 Thread 0x000001e0152cd2f0 Exception <a 'java/lang/NoSuchMethodError'{0x00000000e9fbb8e0}: 'java.lang.Object java.lang.invoke.DelegatingMethodHandle$Holder.reinvoke_L(java.lang.Object, java.lang.Object, java.lang.Object, java.lang.Object, java.lang.Object, java.lang.Object, java.lang.Object, java.lang.Object, java.lang.Object, java.lang.Object, java.lang.Object, java.lang.Object, java.lang.Object, java.lang.Object, java.lang.Object, java.lang.Object, java.lang.Object)'> (0x00000000e9fbb8e0) 
thrown [s\src\hotspot\share\interpreter\l

ZGC Phase Switch (0 events):
No events

VM Operations (20 events):
Event: 5.571 Executing non-safepoint VM operation: HandshakeAllThreads (Deoptimize) done
Event: 5.582 Executing safepoint VM operation: ICBufferFull
Event: 5.582 Executing safepoint VM operation: ICBufferFull done
Event: 5.721 Executing non-safepoint VM operation: HandshakeAllThreads (Deoptimize)
Event: 5.721 Executing non-safepoint VM operation: HandshakeAllThreads (Deoptimize) done
Event: 5.738 Executing non-safepoint VM operation: HandshakeAllThreads (Deoptimize)
Event: 5.738 Executing non-safepoint VM operation: HandshakeAllThreads (Deoptimize) done
Event: 6.146 Executing safepoint VM operation: ICBufferFull
Event: 6.147 Executing safepoint VM operation: ICBufferFull done
Event: 6.343 Executing non-safepoint VM operation: HandshakeAllThreads (Deoptimize)
Event: 6.343 Executing non-safepoint VM operation: HandshakeAllThreads (Deoptimize) done
Event: 6.419 Executing safepoint VM operation: ICBufferFull
Event: 6.419 Executing safepoint VM operation: ICBufferFull done
Event: 6.529 Executing non-safepoint VM operation: HandshakeAllThreads (Deoptimize)
Event: 6.529 Executing non-safepoint VM operation: HandshakeAllThreads (Deoptimize) done
Event: 7.530 Executing safepoint VM operation: Cleanup
Event: 7.531 Executing safepoint VM operation: Cleanup done
Event: 8.544 Executing safepoint VM operation: Cleanup
Event: 8.544 Executing safepoint VM operation: Cleanup done
Event: 9.554 Executing safepoint VM operation: Cleanup

Memory protections (0 events):
No events

Nmethod flushes (20 events):
Event: 4.636 Thread 0x000001e079722f10 flushing  nmethod 0x000001e06eb6cc90
Event: 4.636 Thread 0x000001e079722f10 flushing  nmethod 0x000001e06eb6d790
Event: 4.636 Thread 0x000001e079722f10 flushing  nmethod 0x000001e06eb6e690
Event: 4.636 Thread 0x000001e079722f10 flushing  nmethod 0x000001e0670ca190
Event: 4.636 Thread 0x000001e079722f10 flushing  nmethod 0x000001e0670d0510
Event: 4.636 Thread 0x000001e079722f10 flushing  nmethod 0x000001e0670d1910
Event: 4.636 Thread 0x000001e079722f10 flushing  nmethod 0x000001e06711e890
Event: 4.636 Thread 0x000001e079722f10 flushing  nmethod 0x000001e06711ff90
Event: 4.636 Thread 0x000001e079722f10 flushing  nmethod 0x000001e067125810
Event: 4.636 Thread 0x000001e079722f10 flushing  nmethod 0x000001e067126190
Event: 4.636 Thread 0x000001e079722f10 flushing  nmethod 0x000001e067346290
Event: 4.636 Thread 0x000001e079722f10 flushing  nmethod 0x000001e06734b010
Event: 4.636 Thread 0x000001e079722f10 flushing  nmethod 0x000001e0673ae990
Event: 4.636 Thread 0x000001e079722f10 flushing  nmethod 0x000001e0673aec90
Event: 4.636 Thread 0x000001e079722f10 flushing  nmethod 0x000001e0673af510
Event: 4.636 Thread 0x000001e079722f10 flushing  nmethod 0x000001e0673fbe10
Event: 4.636 Thread 0x000001e079722f10 flushing  nmethod 0x000001e0673fd090
Event: 4.636 Thread 0x000001e079722f10 flushing  nmethod 0x000001e0673ffe90
Event: 4.636 Thread 0x000001e079722f10 flushing  nmethod 0x000001e06746d610
Event: 4.636 Thread 0x000001e079722f10 flushing  nmethod 0x000001e067473390

Events (20 events):
Event: 2.028 Thread 0x000001e0152cd2f0 Thread added: 0x000001e0152ce6a0
Event: 2.821 Thread 0x000001e0152cd2f0 Thread added: 0x000001e0152cb8b0
Event: 2.847 Thread 0x000001e0152cd2f0 Thread added: 0x000001e0152d0e00
Event: 3.001 Thread 0x000001e0152cd2f0 Thread added: 0x000001e0152cf3c0
Event: 3.004 Thread 0x000001e0152cd2f0 Thread added: 0x000001e0152cd980
Event: 3.183 Thread 0x000001e0152cd2f0 Thread added: 0x000001e0152cfa50
Event: 3.216 Thread 0x000001e0152cd2f0 Thread added: 0x000001e0152d00e0
Event: 3.320 Thread 0x000001e0152cd2f0 Thread added: 0x000001e0152d1b20
Event: 3.413 Thread 0x000001e0152cd2f0 Thread added: 0x000001e0152d0770
Event: 4.719 Thread 0x000001e079b3e600 Thread exited: 0x000001e079b3e600
Event: 4.865 Thread 0x000001e079b3c920 Thread exited: 0x000001e079b3c920
Event: 5.120 Thread 0x000001e0152cd2f0 Thread added: 0x000001e016f59260
Event: 5.160 Thread 0x000001e079769d10 Thread added: 0x000001e07edc56c0
Event: 5.234 Thread 0x000001e079769d10 Thread added: 0x000001e07e9d5f30
Event: 5.867 Thread 0x000001e07e9d5f30 Thread exited: 0x000001e07e9d5f30
Event: 6.010 Thread 0x000001e07edc56c0 Thread exited: 0x000001e07edc56c0
Event: 6.053 Thread 0x000001e079769140 Thread added: 0x000001e0189d2f30
Event: 6.069 Thread 0x000001e0152cd2f0 Thread added: 0x000001e016f57eb0
Event: 6.695 Thread 0x000001e0189d2f30 Thread exited: 0x000001e0189d2f30
Event: 7.786 Thread 0x000001e079769d10 Thread added: 0x000001e016137330


Dynamic libraries:
0x00007ff7d7e00000 - 0x00007ff7d7e0e000 	C:\Users\DIGITAL MARKETING\.antigravity-ide\extensions\redhat.java-1.54.0-win32-x64\jre\21.0.10-win32-x86_64\bin\java.exe
0x00007ffdfd5c0000 - 0x00007ffdfd827000 	C:\WINDOWS\SYSTEM32\ntdll.dll
0x00007ffdfc1d0000 - 0x00007ffdfc299000 	C:\WINDOWS\System32\KERNEL32.DLL
0x00007ffdf9ff0000 - 0x00007ffdfa3e7000 	C:\WINDOWS\System32\KERNELBASE.dll
0x00007ffdfb160000 - 0x00007ffdfb2ab000 	C:\WINDOWS\System32\ucrtbase.dll
0x00007ffdecdd0000 - 0x00007ffdecde8000 	C:\Users\DIGITAL MARKETING\.antigravity-ide\extensions\redhat.java-1.54.0-win32-x64\jre\21.0.10-win32-x86_64\bin\jli.dll
0x00007ffdfd300000 - 0x00007ffdfd4c6000 	C:\WINDOWS\System32\USER32.dll
0x00007ffdfa4a0000 - 0x00007ffdfa4c7000 	C:\WINDOWS\System32\win32u.dll
0x00007ffdfd2d0000 - 0x00007ffdfd2fb000 	C:\WINDOWS\System32\GDI32.dll
0x00007ffdfaf70000 - 0x00007ffdfb09c000 	C:\WINDOWS\System32\gdi32full.dll
0x00007ffdfa4d0000 - 0x00007ffdfa573000 	C:\WINDOWS\System32\msvcp_win.dll
0x00007ffde1a30000 - 0x00007ffde1a4e000 	C:\Users\DIGITAL MARKETING\.antigravity-ide\extensions\redhat.java-1.54.0-win32-x64\jre\21.0.10-win32-x86_64\bin\VCRUNTIME140.dll
0x00007ffddd590000 - 0x00007ffddd822000 	C:\WINDOWS\WinSxS\amd64_microsoft.windows.common-controls_6595b64144ccf1df_6.0.26100.8457_none_3e0b2faee331e92d\COMCTL32.dll
0x00007ffdfcf90000 - 0x00007ffdfd039000 	C:\WINDOWS\System32\msvcrt.dll
0x00007ffdfd0c0000 - 0x00007ffdfd0f2000 	C:\WINDOWS\System32\IMM32.DLL
0x00007ffdf5040000 - 0x00007ffdf504c000 	C:\Users\DIGITAL MARKETING\.antigravity-ide\extensions\redhat.java-1.54.0-win32-x64\jre\21.0.10-win32-x86_64\bin\vcruntime140_1.dll
0x00007ffde16e0000 - 0x00007ffde176d000 	C:\Users\DIGITAL MARKETING\.antigravity-ide\extensions\redhat.java-1.54.0-win32-x64\jre\21.0.10-win32-x86_64\bin\msvcp140.dll
0x00007ffd61160000 - 0x00007ffd61f01000 	C:\Users\DIGITAL MARKETING\.antigravity-ide\extensions\redhat.java-1.54.0-win32-x64\jre\21.0.10-win32-x86_64\bin\server\jvm.dll
0x00007ffdfb8f0000 - 0x00007ffdfb9a6000 	C:\WINDOWS\System32\ADVAPI32.dll
0x00007ffdfb340000 - 0x00007ffdfb3e7000 	C:\WINDOWS\System32\sechost.dll
0x00007ffdfb9b0000 - 0x00007ffdfbac8000 	C:\WINDOWS\System32\RPCRT4.dll
0x00007ffdfd4f0000 - 0x00007ffdfd570000 	C:\WINDOWS\System32\WS2_32.dll
0x00007ffde0cb0000 - 0x00007ffde0ce6000 	C:\WINDOWS\SYSTEM32\WINMM.dll
0x00007ffdf4f00000 - 0x00007ffdf4f0b000 	C:\WINDOWS\SYSTEM32\VERSION.dll
0x00007ffdf9e50000 - 0x00007ffdf9eae000 	C:\WINDOWS\SYSTEM32\POWRPROF.dll
0x00007ffdf9e30000 - 0x00007ffdf9e44000 	C:\WINDOWS\SYSTEM32\UMPDC.dll
0x00007ffdf8d40000 - 0x00007ffdf8d5b000 	C:\WINDOWS\SYSTEM32\kernel.appcore.dll
0x00007ffdf4f90000 - 0x00007ffdf4f9a000 	C:\Users\DIGITAL MARKETING\.antigravity-ide\extensions\redhat.java-1.54.0-win32-x64\jre\21.0.10-win32-x86_64\bin\jimage.dll
0x00007ffdf7830000 - 0x00007ffdf7a72000 	C:\WINDOWS\SYSTEM32\DBGHELP.DLL
0x00007ffdfbbd0000 - 0x00007ffdfbf53000 	C:\WINDOWS\System32\combase.dll
0x00007ffdfc2a0000 - 0x00007ffdfc379000 	C:\WINDOWS\System32\OLEAUT32.dll
0x00007ffdc8470000 - 0x00007ffdc84ab000 	C:\WINDOWS\SYSTEM32\dbgcore.DLL
0x00007ffdfa3f0000 - 0x00007ffdfa498000 	C:\WINDOWS\System32\bcryptPrimitives.dll
0x00007ffdf11b0000 - 0x00007ffdf11bf000 	C:\Users\DIGITAL MARKETING\.antigravity-ide\extensions\redhat.java-1.54.0-win32-x64\jre\21.0.10-win32-x86_64\bin\instrument.dll
0x00007ffde0370000 - 0x00007ffde0390000 	C:\Users\DIGITAL MARKETING\.antigravity-ide\extensions\redhat.java-1.54.0-win32-x64\jre\21.0.10-win32-x86_64\bin\java.dll
0x00007ffdfc810000 - 0x00007ffdfcf7e000 	C:\WINDOWS\System32\SHELL32.dll
0x00007ffdfa700000 - 0x00007ffdfaf6c000 	C:\WINDOWS\System32\windows.storage.dll
0x00007ffdfbad0000 - 0x00007ffdfbbc6000 	C:\WINDOWS\System32\SHCORE.dll
0x00007ffdfb880000 - 0x00007ffdfb8e6000 	C:\WINDOWS\System32\shlwapi.dll
0x00007ffdf9f10000 - 0x00007ffdf9f39000 	C:\WINDOWS\SYSTEM32\profapi.dll
0x00007ffdde8f0000 - 0x00007ffdde908000 	C:\Users\DIGITAL MARKETING\.antigravity-ide\extensions\redhat.java-1.54.0-win32-x64\jre\21.0.10-win32-x86_64\bin\zip.dll
0x00007ffdf1160000 - 0x00007ffdf1170000 	C:\Users\DIGITAL MARKETING\.antigravity-ide\extensions\redhat.java-1.54.0-win32-x64\jre\21.0.10-win32-x86_64\bin\net.dll
0x00007ffdee010000 - 0x00007ffdee139000 	C:\WINDOWS\SYSTEM32\WINHTTP.dll
0x00007ffdf9290000 - 0x00007ffdf92fc000 	C:\WINDOWS\system32\mswsock.dll
0x00007ffde0350000 - 0x00007ffde0366000 	C:\Users\DIGITAL MARKETING\.antigravity-ide\extensions\redhat.java-1.54.0-win32-x64\jre\21.0.10-win32-x86_64\bin\nio.dll
0x00007ffdedbc0000 - 0x00007ffdedbd0000 	C:\Users\DIGITAL MARKETING\.antigravity-ide\extensions\redhat.java-1.54.0-win32-x64\jre\21.0.10-win32-x86_64\bin\verify.dll
0x00007ffde17b0000 - 0x00007ffde17d7000 	C:\Users\DIGITAL MARKETING\.gradle\native\c067742578af261105cb4f569cf0c3c89f3d7b1fecec35dd04571415982c5e48\windows-amd64\native-platform.dll
0x00007ffdca240000 - 0x00007ffdca384000 	C:\Users\DIGITAL MARKETING\.gradle\native\100fb08df4bc3b14c8652ba06237920a3bd2aa13389f12d3474272988ae205f9\windows-amd64\native-platform-file-events.dll
0x00007ffde5130000 - 0x00007ffde513a000 	C:\Users\DIGITAL MARKETING\.antigravity-ide\extensions\redhat.java-1.54.0-win32-x64\jre\21.0.10-win32-x86_64\bin\management.dll
0x00007ffde22e0000 - 0x00007ffde22ec000 	C:\Users\DIGITAL MARKETING\.antigravity-ide\extensions\redhat.java-1.54.0-win32-x64\jre\21.0.10-win32-x86_64\bin\management_ext.dll
0x00007ffdfc060000 - 0x00007ffdfc068000 	C:\WINDOWS\System32\PSAPI.DLL
0x00007ffdf9690000 - 0x00007ffdf96ab000 	C:\WINDOWS\SYSTEM32\CRYPTSP.dll
0x00007ffdf8ca0000 - 0x00007ffdf8cd9000 	C:\WINDOWS\system32\rsaenh.dll
0x00007ffdf9340000 - 0x00007ffdf9373000 	C:\WINDOWS\SYSTEM32\USERENV.dll
0x00007ffdf9ee0000 - 0x00007ffdf9f0a000 	C:\WINDOWS\SYSTEM32\bcrypt.dll
0x00007ffdf94f0000 - 0x00007ffdf94fc000 	C:\WINDOWS\SYSTEM32\CRYPTBASE.dll
0x00007ffdf8780000 - 0x00007ffdf87b2000 	C:\WINDOWS\SYSTEM32\IPHLPAPI.DLL
0x00007ffdfbf60000 - 0x00007ffdfbf6a000 	C:\WINDOWS\System32\NSI.dll
0x00007ffde5610000 - 0x00007ffde5619000 	C:\Users\DIGITAL MARKETING\.antigravity-ide\extensions\redhat.java-1.54.0-win32-x64\jre\21.0.10-win32-x86_64\bin\extnet.dll
0x00007ffdecdc0000 - 0x00007ffdecdce000 	C:\Users\DIGITAL MARKETING\.antigravity-ide\extensions\redhat.java-1.54.0-win32-x64\jre\21.0.10-win32-x86_64\bin\sunmscapi.dll
0x00007ffdfa580000 - 0x00007ffdfa6f8000 	C:\WINDOWS\System32\CRYPT32.dll
0x00007ffdf97f0000 - 0x00007ffdf9820000 	C:\WINDOWS\SYSTEM32\ncrypt.dll
0x00007ffdf97a0000 - 0x00007ffdf97df000 	C:\WINDOWS\SYSTEM32\NTASN1.dll
0x00007ffda6950000 - 0x00007ffda6958000 	C:\WINDOWS\system32\wshunix.dll

JVMTI agents:
C:\Users\DIGITAL MARKETING\.gradle\wrapper\dists\gradle-8.10.2-all\7iv73wktx1xtkvlq19urqw1wm\gradle-8.10.2\lib\agents\gradle-instrumentation-agent-8.10.2.jar path:C:\Users\DIGITAL MARKETING\.antigravity-ide\extensions\redhat.java-1.54.0-win32-x64\jre\21.0.10-win32-x86_64\bin\instrument.dll, loaded, initialized, instrumentlib options:none

dbghelp: loaded successfully - version: 4.0.5 - missing functions: none
symbol engine: initialized successfully - sym options: 0x614 - pdb path: .;C:\Users\DIGITAL MARKETING\.antigravity-ide\extensions\redhat.java-1.54.0-win32-x64\jre\21.0.10-win32-x86_64\bin;C:\WINDOWS\SYSTEM32;C:\WINDOWS\WinSxS\amd64_microsoft.windows.common-controls_6595b64144ccf1df_6.0.26100.8457_none_3e0b2faee331e92d;C:\Users\DIGITAL MARKETING\.antigravity-ide\extensions\redhat.java-1.54.0-win32-x64\jre\21.0.10-win32-x86_64\bin\server;C:\Users\DIGITAL MARKETING\.gradle\native\c067742578af261105cb4f569cf0c3c89f3d7b1fecec35dd04571415982c5e48\windows-amd64;C:\Users\DIGITAL MARKETING\.gradle\native\100fb08df4bc3b14c8652ba06237920a3bd2aa13389f12d3474272988ae205f9\windows-amd64

VM Arguments:
jvm_args: --add-opens=java.base/java.util=ALL-UNNAMED --add-opens=java.base/java.lang=ALL-UNNAMED --add-opens=java.base/java.lang.invoke=ALL-UNNAMED --add-opens=java.prefs/java.util.prefs=ALL-UNNAMED --add-exports=jdk.compiler/com.sun.tools.javac.api=ALL-UNNAMED --add-exports=jdk.compiler/com.sun.tools.javac.util=ALL-UNNAMED --add-opens=java.base/java.nio.charset=ALL-UNNAMED --add-opens=java.base/java.net=ALL-UNNAMED --add-opens=java.base/java.util.concurrent.atomic=ALL-UNNAMED -XX:MaxMetaspaceSize=384m -XX:+HeapDumpOnOutOfMemoryError -Xms256m -Xmx512m -Dfile.encoding=utf8 -Duser.country=US -Duser.language=en -Duser.variant -javaagent:C:\Users\DIGITAL MARKETING\.gradle\wrapper\dists\gradle-8.10.2-all\7iv73wktx1xtkvlq19urqw1wm\gradle-8.10.2\lib\agents\gradle-instrumentation-agent-8.10.2.jar 
java_command: org.gradle.launcher.daemon.bootstrap.GradleDaemon 8.10.2
java_class_path (initial): C:\Users\DIGITAL MARKETING\.gradle\wrapper\dists\gradle-8.10.2-all\7iv73wktx1xtkvlq19urqw1wm\gradle-8.10.2\lib\gradle-daemon-main-8.10.2.jar
Launcher Type: SUN_STANDARD

[Global flags]
     intx CICompilerCount                          = 4                                         {product} {ergonomic}
   size_t CompressedClassSpaceSize                 = 335544320                                 {product} {ergonomic}
     uint ConcGCThreads                            = 2                                         {product} {ergonomic}
     uint G1ConcRefinementThreads                  = 8                                         {product} {ergonomic}
   size_t G1HeapRegionSize                         = 1048576                                   {product} {ergonomic}
    uintx GCDrainStackTargetSize                   = 64                                        {product} {ergonomic}
     bool HeapDumpOnOutOfMemoryError               = true                                   {manageable} {command line}
   size_t InitialHeapSize                          = 268435456                                 {product} {command line}
   size_t MarkStackSize                            = 4194304                                   {product} {ergonomic}
   size_t MaxHeapSize                              = 536870912                                 {product} {command line}
   size_t MaxMetaspaceSize                         = 402653184                                 {product} {command line}
   size_t MaxNewSize                               = 321912832                                 {product} {ergonomic}
   size_t MinHeapDeltaBytes                        = 1048576                                   {product} {ergonomic}
   size_t MinHeapSize                              = 268435456                                 {product} {command line}
    uintx NonNMethodCodeHeapSize                   = 5839372                                {pd product} {ergonomic}
    uintx NonProfiledCodeHeapSize                  = 122909434                              {pd product} {ergonomic}
    uintx ProfiledCodeHeapSize                     = 122909434                              {pd product} {ergonomic}
    uintx ReservedCodeCacheSize                    = 251658240                              {pd product} {ergonomic}
     bool SegmentedCodeCache                       = true                                      {product} {ergonomic}
   size_t SoftMaxHeapSize                          = 536870912                              {manageable} {ergonomic}
     bool UseCompressedOops                        = true                           {product lp64_product} {ergonomic}
     bool UseG1GC                                  = true                                      {product} {ergonomic}
     bool UseLargePagesIndividualAllocation        = false                                  {pd product} {ergonomic}

Logging:
Log output configuration:
 #0: stdout all=warning uptime,level,tags foldmultilines=false
 #1: stderr all=off uptime,level,tags foldmultilines=false

Release file:
JAVA_VERSION="21.0.10" 
MODULES="java.base java.compiler java.datatransfer java.xml java.prefs java.desktop java.instrument java.logging java.management java.security.sasl java.naming java.rmi java.management.rmi java.net.http java.scripting java.security.jgss java.transaction.xa java.sql java.sql.rowset java.xml.crypto java.se java.smartcardio jdk.accessibility jdk.internal.jvmstat jdk.attach jdk.charsets jdk.internal.opt jdk.zipfs jdk.compiler jdk.crypto.ec jdk.crypto.cryptoki jdk.crypto.mscapi jdk.dynalink jdk.internal.ed jdk.editpad jdk.hotspot.agent jdk.httpserver jdk.internal.le jdk.internal.vm.ci jdk.internal.vm.compiler jdk.internal.vm.compiler.management jdk.jartool jdk.javadoc jdk.jcmd jdk.management jdk.management.agent jdk.jconsole jdk.jdeps jdk.jdwp.agent jdk.jdi jdk.jfr jdk.jshell jdk.jsobject jdk.jstatd jdk.localedata jdk.management.jfr jdk.naming.dns jdk.naming.rmi jdk.net jdk.nio.mapmode jdk.random jdk.sctp jdk.security.auth jdk.security.jgss jdk.unsupported jdk.unsupported.desktop jdk.xml.dom" 

Environment Variables:
JAVA_HOME=C:\Program Files\Microsoft\jdk-17.0.11.9-hotspot\
PATH=C:\Program Files\Microsoft\jdk-17.0.11.9-hotspot\bin;C:\Program Files (x86)\Common Files\Intel\Shared Files\cpp\bin\Intel64;C:\Program Files (x86)\Common Files\Intel\Shared Libraries\redist\intel64\compiler;C:\Windows\system32;C:\Windows;C:\Windows\System32\Wbem;C:\Windows\System32\WindowsPowerShell\v1.0\;C:\Windows\System32\OpenSSH\;C:\Program Files (x86)\NVIDIA Corporation\PhysX\Common;C:\Program Files (x86)\QuickTime\QTSystem\;C:\Program Files\NVIDIA Corporation\NVIDIA NvDLISR;C:\Program Files (x86)\dotnet\;C:\WINDOWS\system32;C:\WINDOWS;C:\WINDOWS\System32\Wbem;C:\WINDOWS\System32\WindowsPowerShell\v1.0\;C:\WINDOWS\System32\OpenSSH\;C:\ProgramData\chocolatey\bin;C:\Program Files\Git\cmd;C:\Program Files\nodejs\;C:\Program Files\Microsoft\jdk-17.0.11.9-hotspot\bin;C:\Program Files (x86)\Common Files\Intel\Shared Files\cpp\bin\Intel64;C:\Program Files (x86)\Common Files\Intel\Shared Libraries\redist\intel64\compiler;C:\Windows\system32;C:\Windows;C:\Windows\System32\Wbem;C:\Windows\System32\WindowsPowerShell\v1.0\;C:\Windows\System32\OpenSSH\;C:\Program Files (x86)\NVIDIA Corporation\PhysX\Common;C:\Program Files (x86)\QuickTime\QTSystem\;C:\Program Files\NVIDIA Corporation\NVIDIA NvDLISR;C:\Program Files (x86)\dotnet\;C:\WINDOWS\system32;C:\WINDOWS;C:\WINDOWS\System32\Wbem;C:\WINDOWS\System32\WindowsPowerShell\v1.0\;C:\WINDOWS\System32\OpenSSH\;C:\ProgramData\chocolatey\bin;C:\Program Files\Git\cmd;C:\Program Files\nodejs\;C:\Users\DIGITAL MARKETING\AppData\Local\Microsoft\WindowsApps;C:\Users\DIGITAL MARKETING\AppData\Local\Programs\Microsoft VS Code\bin;C:\Users\DIGITAL MARKETING\AppData\Local\Android\Sdk\platform-tools;C:\Users\DIGITAL MARKETING\AppData\Roaming\npm;C:\Users\DIGITAL MARKETING\.opencode\bin;C:\Users\DIGITAL MARKETING\AppData\Local\Programs\Antigravity\bin;C:\Users\DIGITAL MARKETING\AppData\Local\Programs\Antigravity IDE\bin;C:\Android\platform-tools
USERNAME=DIGITAL MARKETING
OS=Windows_NT
PROCESSOR_IDENTIFIER=Intel64 Family 6 Model 140 Stepping 1, GenuineIntel
TMP=C:\Users\DIGITA~1\AppData\Local\Temp
TEMP=C:\Users\DIGITA~1\AppData\Local\Temp




Periodic native trim disabled

---------------  S Y S T E M  ---------------

OS:
 Windows 11 , 64 bit Build 26100 (10.0.26100.8328)
OS uptime: 0 days 0:50 hours
Hyper-V role detected

CPU: total 8 (initial active 8) (4 cores per cpu, 2 threads per core) family 6 model 140 stepping 1 microcode 0xb6, cx8, cmov, fxsr, ht, mmx, 3dnowpref, sse, sse2, sse3, ssse3, sse4.1, sse4.2, popcnt, lzcnt, tsc, tscinvbit, avx, avx2, aes, erms, clmul, bmi1, bmi2, adx, avx512f, avx512dq, avx512cd, avx512bw, avx512vl, sha, fma, vzeroupper, avx512_vpopcntdq, avx512_vpclmulqdq, avx512_vaes, avx512_vnni, clflush, clflushopt, clwb, avx512_vbmi2, avx512_vbmi, hv, rdtscp, rdpid, fsrm, gfni, avx512_bitalg, f16c, cet_ibt, cet_ss, avx512_ifma
Processor Information for the first 8 processors :
  Max Mhz: 2419, Current Mhz: 2419, Mhz Limit: 2419

Memory: 4k page, system-wide physical 7975M (356M free)
TotalPageFile size 32551M (AvailPageFile size 21M)
current process WorkingSet (physical memory assigned to process): 356M, peak: 381M
current process commit charge ("private bytes"): 466M, peak: 491M

vm_info: OpenJDK 64-Bit Server VM (21.0.10+7-LTS) for windows-amd64 JRE (21.0.10+7-LTS), built on 2026-01-20T00:00:00Z by "admin" with MS VC++ 17.12 (VS2022)

END.
