#
# There is insufficient memory for the Java Runtime Environment to continue.
# Native memory allocation (malloc) failed to allocate 607536 bytes. Error detail: Chunk::new
# Possible reasons:
#   The system is out of physical RAM or swap space
#   This process is running with CompressedOops enabled, and the Java Heap may be blocking the growth of the native heap
# Possible solutions:
#   Reduce memory load on the system
#   Increase physical memory or swap space
#   Check if swap backing store is full
#   Decrease Java heap size (-Xmx/-Xms)
#   Decrease number of Java threads
#   Decrease Java thread stack sizes (-Xss)
#   Set larger code cache with -XX:ReservedCodeCacheSize=
#   JVM is running with Unscaled Compressed Oops mode in which the Java heap is
#     placed in the first 4GB address space. The Java Heap base address is the
#     maximum limit for the native heap growth. Please use -XX:HeapBaseMinAddress
#     to set the Java Heap base and to place the Java Heap above 4GB virtual address.
# This output file may be truncated or incomplete.
#
#  Out of Memory Error (arena.cpp:168), pid=13884, tid=14600
#
# JRE version: OpenJDK Runtime Environment Temurin-21.0.10+7 (21.0.10+7) (build 21.0.10+7-LTS)
# Java VM: OpenJDK 64-Bit Server VM Temurin-21.0.10+7 (21.0.10+7-LTS, mixed mode, sharing, tiered, compressed oops, compressed class ptrs, g1 gc, windows-amd64)
# No core dump will be written. Minidumps are not enabled by default on client versions of Windows
#

---------------  S U M M A R Y ------------

Command Line: -XX:MaxMetaspaceSize=512m -XX:+HeapDumpOnOutOfMemoryError --add-opens=java.base/java.util=ALL-UNNAMED --add-opens=java.base/java.lang=ALL-UNNAMED --add-opens=java.base/java.lang.invoke=ALL-UNNAMED --add-opens=java.prefs/java.util.prefs=ALL-UNNAMED --add-exports=jdk.compiler/com.sun.tools.javac.api=ALL-UNNAMED --add-exports=jdk.compiler/com.sun.tools.javac.util=ALL-UNNAMED --add-opens=java.base/java.nio.charset=ALL-UNNAMED --add-opens=java.base/java.net=ALL-UNNAMED --add-opens=java.base/java.util.concurrent.atomic=ALL-UNNAMED -Xmx2048m -Dfile.encoding=UTF-8 -Duser.country=US -Duser.language=en -Duser.variant -javaagent:C:\Users\DIGITAL MARKETING\.gradle\wrapper\dists\gradle-8.9-bin\90cnw93cvbtalezasaz0blq0a\gradle-8.9\lib\agents\gradle-instrumentation-agent-8.9.jar org.gradle.launcher.daemon.bootstrap.GradleDaemon 8.9

Host: 11th Gen Intel(R) Core(TM) i5-1135G7 @ 2.40GHz, 8 cores, 7G,  Windows 11 , 64 bit Build 26100 (10.0.26100.8328)
Time: Sat Jun 13 05:34:34 2026 SE Asia Standard Time elapsed time: 266.666000 seconds (0d 0h 4m 26s)

---------------  T H R E A D  ---------------

Current thread (0x0000019a54ab54b0):  JavaThread "C2 CompilerThread0" daemon [_thread_in_native, id=14600, stack(0x000000871c500000,0x000000871c600000) (1024K)]


Current CompileTask:
C2:266666 9498       4       org.gradle.internal.classpath.ClasspathWalker$ZipClasspathEntry::getContent (10 bytes)

Stack: [0x000000871c500000,0x000000871c600000]
Native frames: (J=compiled Java code, j=interpreted, Vv=VM code, C=native code)
V  [jvm.dll+0x6d7a39]
V  [jvm.dll+0x8b4b26]
V  [jvm.dll+0x8b70de]
V  [jvm.dll+0x8b77c3]
V  [jvm.dll+0x284346]
V  [jvm.dll+0xc66ed]
V  [jvm.dll+0xc6c31]
V  [jvm.dll+0x2fb29e]
V  [jvm.dll+0x5fe884]
V  [jvm.dll+0x255b17]
V  [jvm.dll+0x24df54]
V  [jvm.dll+0x24ba42]
V  [jvm.dll+0x1cb34e]
V  [jvm.dll+0x25b85d]
V  [jvm.dll+0x259dea]
V  [jvm.dll+0x3f857e]
V  [jvm.dll+0x85f59d]
V  [jvm.dll+0x6d626d]
C  [ucrtbase.dll+0x37b0]
C  [KERNEL32.DLL+0x2e957]
C  [ntdll.dll+0x427c]


---------------  P R O C E S S  ---------------

Threads class SMR info:
_java_thread_list=0x0000019a79a153e0, length=50, elements={
0x0000019a3b4a23a0, 0x0000019a54aa7930, 0x0000019a54aaa550, 0x0000019a54aacb20,
0x0000019a54aad580, 0x0000019a54aae930, 0x0000019a54af0f00, 0x0000019a54ab54b0,
0x0000019a54ac1360, 0x0000019a54c78810, 0x0000019a54ccd1a0, 0x0000019a755f56d0,
0x0000019a754196c0, 0x0000019a7543e380, 0x0000019a74fc1070, 0x0000019a74fc16e0,
0x0000019a74a33f20, 0x0000019a753c6f40, 0x0000019a753c75d0, 0x0000019a753c6220,
0x0000019a753c7c60, 0x0000019a753c68b0, 0x0000019a753c82f0, 0x0000019a753c8980,
0x0000019a77be0e60, 0x0000019a77bdfab0, 0x0000019a77be2210, 0x0000019a77be1b80,
0x0000019a77bdf420, 0x0000019a77be14f0, 0x0000019a77be0140, 0x0000019a77bded90,
0x0000019a77be07d0, 0x0000019a54d9da00, 0x0000019a54da0160, 0x0000019a54d9d370,
0x0000019a54da4300, 0x0000019a54da0e80, 0x0000019a54da4990, 0x0000019a54da1510,
0x0000019a54da35e0, 0x0000019a54da2f50, 0x0000019a54da1ba0, 0x0000019a54da3c70,
0x0000019a54da2230, 0x0000019a54da28c0, 0x0000019a780a6790, 0x0000019a780a4d50,
0x0000019a780a5a70, 0x0000019a54ac27d0
}

Java Threads: ( => current thread )
  0x0000019a3b4a23a0 JavaThread "main"                              [_thread_blocked, id=11200, stack(0x000000871b700000,0x000000871b800000) (1024K)]
  0x0000019a54aa7930 JavaThread "Reference Handler"          daemon [_thread_blocked, id=6804, stack(0x000000871bf00000,0x000000871c000000) (1024K)]
  0x0000019a54aaa550 JavaThread "Finalizer"                  daemon [_thread_blocked, id=14888, stack(0x000000871c000000,0x000000871c100000) (1024K)]
  0x0000019a54aacb20 JavaThread "Signal Dispatcher"          daemon [_thread_blocked, id=10132, stack(0x000000871c100000,0x000000871c200000) (1024K)]
  0x0000019a54aad580 JavaThread "Attach Listener"            daemon [_thread_blocked, id=12964, stack(0x000000871c200000,0x000000871c300000) (1024K)]
  0x0000019a54aae930 JavaThread "Service Thread"             daemon [_thread_blocked, id=16372, stack(0x000000871c300000,0x000000871c400000) (1024K)]
  0x0000019a54af0f00 JavaThread "Monitor Deflation Thread"   daemon [_thread_blocked, id=16616, stack(0x000000871c400000,0x000000871c500000) (1024K)]
=>0x0000019a54ab54b0 JavaThread "C2 CompilerThread0"         daemon [_thread_in_native, id=14600, stack(0x000000871c500000,0x000000871c600000) (1024K)]
  0x0000019a54ac1360 JavaThread "C1 CompilerThread0"         daemon [_thread_blocked, id=8992, stack(0x000000871c600000,0x000000871c700000) (1024K)]
  0x0000019a54c78810 JavaThread "Common-Cleaner"             daemon [_thread_blocked, id=17528, stack(0x000000871c700000,0x000000871c800000) (1024K)]
  0x0000019a54ccd1a0 JavaThread "Notification Thread"        daemon [_thread_blocked, id=8632, stack(0x000000871c800000,0x000000871c900000) (1024K)]
  0x0000019a755f56d0 JavaThread "Daemon health stats"               [_thread_blocked, id=16388, stack(0x000000871cd00000,0x000000871ce00000) (1024K)]
  0x0000019a754196c0 JavaThread "Incoming local TCP Connector on port 51004"        [_thread_in_native, id=12220, stack(0x000000871ce00000,0x000000871cf00000) (1024K)]
  0x0000019a7543e380 JavaThread "Daemon periodic checks"            [_thread_blocked, id=12704, stack(0x000000871cf00000,0x000000871d000000) (1024K)]
  0x0000019a74fc1070 JavaThread "Daemon"                            [_thread_blocked, id=10120, stack(0x000000871d000000,0x000000871d100000) (1024K)]
  0x0000019a74fc16e0 JavaThread "Handler for socket connection from /127.0.0.1:51004 to /127.0.0.1:51005"        [_thread_in_native, id=9552, stack(0x000000871d100000,0x000000871d200000) (1024K)]
  0x0000019a74a33f20 JavaThread "Cancel handler"                    [_thread_blocked, id=10088, stack(0x000000871d200000,0x000000871d300000) (1024K)]
  0x0000019a753c6f40 JavaThread "Daemon worker"                     [_thread_in_native, id=7216, stack(0x000000871d300000,0x000000871d400000) (1024K)]
  0x0000019a753c75d0 JavaThread "Asynchronous log dispatcher for DefaultDaemonConnection: socket connection from /127.0.0.1:51004 to /127.0.0.1:51005"        [_thread_blocked, id=16988, stack(0x000000871d400000,0x000000871d500000) (1024K)]
  0x0000019a753c6220 JavaThread "Stdin handler"                     [_thread_blocked, id=3108, stack(0x000000871d500000,0x000000871d600000) (1024K)]
  0x0000019a753c7c60 JavaThread "Daemon client event forwarder"        [_thread_blocked, id=10324, stack(0x000000871d600000,0x000000871d700000) (1024K)]
  0x0000019a753c68b0 JavaThread "Cache worker for journal cache (C:\Users\DIGITAL MARKETING\.gradle\caches\journal-1)"        [_thread_blocked, id=7552, stack(0x000000871d700000,0x000000871d800000) (1024K)]
  0x0000019a753c82f0 JavaThread "File lock request listener"        [_thread_in_native, id=6236, stack(0x000000871d800000,0x000000871d900000) (1024K)]
  0x0000019a753c8980 JavaThread "Cache worker for file hash cache (C:\Users\DIGITAL MARKETING\.gradle\caches\8.9\fileHashes)"        [_thread_blocked, id=6828, stack(0x000000871d900000,0x000000871da00000) (1024K)]
  0x0000019a77be0e60 JavaThread "Cache worker for file hash cache (D:\PERSONAL FILE\Kang Massage Project\node_modules\react-native-gesture-handler\android\.gradle\8.9\fileHashes)"        [_thread_blocked, id=1796, stack(0x000000871de00000,0x000000871df00000) (1024K)]
  0x0000019a77bdfab0 JavaThread "Cache worker for Build Output Cleanup Cache (D:\PERSONAL FILE\Kang Massage Project\node_modules\react-native-gesture-handler\android\.gradle\buildOutputCleanup)"        [_thread_blocked, id=6648, stack(0x000000871df00000,0x000000871e000000) (1024K)]
  0x0000019a77be2210 JavaThread "File watcher server"        daemon [_thread_in_native, id=11748, stack(0x000000871e000000,0x000000871e100000) (1024K)]
  0x0000019a77be1b80 JavaThread "File watcher consumer"      daemon [_thread_blocked, id=6904, stack(0x000000871e100000,0x000000871e200000) (1024K)]
  0x0000019a77bdf420 JavaThread "Cache worker for checksums cache (D:\PERSONAL FILE\Kang Massage Project\node_modules\react-native-gesture-handler\android\.gradle\8.9\checksums)"        [_thread_blocked, id=17580, stack(0x000000871e200000,0x000000871e300000) (1024K)]
  0x0000019a77be14f0 JavaThread "Cache worker for file content cache (C:\Users\DIGITAL MARKETING\.gradle\caches\8.9\fileContent)"        [_thread_blocked, id=5968, stack(0x000000871e300000,0x000000871e400000) (1024K)]
  0x0000019a77be0140 JavaThread "Cache worker for cache directory md-rule (C:\Users\DIGITAL MARKETING\.gradle\caches\8.9\md-rule)"        [_thread_blocked, id=9108, stack(0x000000871e400000,0x000000871e500000) (1024K)]
  0x0000019a77bded90 JavaThread "Cache worker for cache directory md-supplier (C:\Users\DIGITAL MARKETING\.gradle\caches\8.9\md-supplier)"        [_thread_blocked, id=3064, stack(0x000000871e500000,0x000000871e600000) (1024K)]
  0x0000019a77be07d0 JavaThread "jar transforms"                    [_thread_blocked, id=12572, stack(0x000000871e600000,0x000000871e700000) (1024K)]
  0x0000019a54d9da00 JavaThread "jar transforms Thread 2"           [_thread_blocked, id=7936, stack(0x000000871e700000,0x000000871e800000) (1024K)]
  0x0000019a54da0160 JavaThread "jar transforms Thread 3"           [_thread_blocked, id=15464, stack(0x000000871e900000,0x000000871ea00000) (1024K)]
  0x0000019a54d9d370 JavaThread "Unconstrained build operations"        [_thread_blocked, id=17992, stack(0x000000871e800000,0x000000871e900000) (1024K)]
  0x0000019a54da4300 JavaThread "Unconstrained build operations Thread 2"        [_thread_blocked, id=9380, stack(0x000000871ea00000,0x000000871eb00000) (1024K)]
  0x0000019a54da0e80 JavaThread "Unconstrained build operations Thread 3"        [_thread_blocked, id=16356, stack(0x000000871eb00000,0x000000871ec00000) (1024K)]
  0x0000019a54da4990 JavaThread "Unconstrained build operations Thread 4"        [_thread_blocked, id=1112, stack(0x000000871ec00000,0x000000871ed00000) (1024K)]
  0x0000019a54da1510 JavaThread "Unconstrained build operations Thread 5"        [_thread_blocked, id=8432, stack(0x000000871ed00000,0x000000871ee00000) (1024K)]
  0x0000019a54da35e0 JavaThread "Unconstrained build operations Thread 6"        [_thread_blocked, id=6984, stack(0x000000871ee00000,0x000000871ef00000) (1024K)]
  0x0000019a54da2f50 JavaThread "Unconstrained build operations Thread 7"        [_thread_blocked, id=9564, stack(0x000000871ef00000,0x000000871f000000) (1024K)]
  0x0000019a54da1ba0 JavaThread "Unconstrained build operations Thread 8"        [_thread_in_native, id=1240, stack(0x000000871f000000,0x000000871f100000) (1024K)]
  0x0000019a54da3c70 JavaThread "Unconstrained build operations Thread 9"        [_thread_blocked, id=18000, stack(0x000000871f100000,0x000000871f200000) (1024K)]
  0x0000019a54da2230 JavaThread "Unconstrained build operations Thread 10"        [_thread_in_native, id=2544, stack(0x000000871f200000,0x000000871f300000) (1024K)]
  0x0000019a54da28c0 JavaThread "Unconstrained build operations Thread 11"        [_thread_in_native, id=2108, stack(0x000000871f300000,0x000000871f400000) (1024K)]
  0x0000019a780a6790 JavaThread "Unconstrained build operations Thread 12"        [_thread_in_native, id=4884, stack(0x000000871f400000,0x000000871f500000) (1024K)]
  0x0000019a780a4d50 JavaThread "Unconstrained build operations Thread 13"        [_thread_in_native, id=3280, stack(0x000000871f500000,0x000000871f600000) (1024K)]
  0x0000019a780a5a70 JavaThread "Unconstrained build operations Thread 14"        [_thread_in_native, id=4844, stack(0x000000871f600000,0x000000871f700000) (1024K)]
  0x0000019a54ac27d0 JavaThread "C2 CompilerThread1"         daemon [_thread_in_native, id=17704, stack(0x000000871b400000,0x000000871b500000) (1024K)]
Total: 50

Other Threads:
  0x0000019a54a86740 VMThread "VM Thread"                           [id=14156, stack(0x000000871be00000,0x000000871bf00000) (1024K)]
  0x0000019a54a76550 WatcherThread "VM Periodic Task Thread"        [id=5424, stack(0x000000871bd00000,0x000000871be00000) (1024K)]
  0x0000019a3b4f99b0 WorkerThread "GC Thread#0"                     [id=9876, stack(0x000000871b800000,0x000000871b900000) (1024K)]
  0x0000019a742a6790 WorkerThread "GC Thread#1"                     [id=18020, stack(0x000000871c900000,0x000000871ca00000) (1024K)]
  0x0000019a742a6f50 WorkerThread "GC Thread#2"                     [id=9724, stack(0x000000871ca00000,0x000000871cb00000) (1024K)]
  0x0000019a54d93910 WorkerThread "GC Thread#3"                     [id=17872, stack(0x000000871cb00000,0x000000871cc00000) (1024K)]
  0x0000019a74a34f50 WorkerThread "GC Thread#4"                     [id=17756, stack(0x000000871cc00000,0x000000871cd00000) (1024K)]
  0x0000019a763d0df0 WorkerThread "GC Thread#5"                     [id=9028, stack(0x000000871da00000,0x000000871db00000) (1024K)]
  0x0000019a763d1900 WorkerThread "GC Thread#6"                     [id=2624, stack(0x000000871db00000,0x000000871dc00000) (1024K)]
  0x0000019a763cff30 WorkerThread "GC Thread#7"                     [id=16412, stack(0x000000871dc00000,0x000000871dd00000) (1024K)]
  0x0000019a3b50b730 ConcurrentGCThread "G1 Main Marker"            [id=5028, stack(0x000000871b900000,0x000000871ba00000) (1024K)]
  0x0000019a3b50c8f0 WorkerThread "G1 Conc#0"                       [id=10344, stack(0x000000871ba00000,0x000000871bb00000) (1024K)]
  0x0000019a77826800 WorkerThread "G1 Conc#1"                       [id=5224, stack(0x000000871dd00000,0x000000871de00000) (1024K)]
  0x0000019a54943680 ConcurrentGCThread "G1 Refine#0"               [id=11152, stack(0x000000871bb00000,0x000000871bc00000) (1024K)]
  0x0000019a54943eb0 ConcurrentGCThread "G1 Service"                [id=8256, stack(0x000000871bc00000,0x000000871bd00000) (1024K)]
Total: 15

Threads with active compile tasks:
C2 CompilerThread0  268765 9498       4       org.gradle.internal.classpath.ClasspathWalker$ZipClasspathEntry::getContent (10 bytes)
C2 CompilerThread1  268765 9499   !   4       org.gradle.api.internal.file.archive.impl.FileZipInput$FileZipEntry::withInputStream (28 bytes)
Total: 2

VM state: not at safepoint (normal execution)

VM Mutex/Monitor currently owned by a thread: None

Heap address: 0x0000000080000000, size: 2048 MB, Compressed Oops mode: 32-bit

CDS archive(s) mapped at: [0x0000019a55000000-0x0000019a55ba0000-0x0000019a55ba0000), size 12189696, SharedBaseAddress: 0x0000019a55000000, ArchiveRelocationMode: 1.
Compressed class space mapped at: 0x0000019a56000000-0x0000019a70000000, reserved size: 436207616
Narrow klass base: 0x0000019a55000000, Narrow klass shift: 0, Narrow klass range: 0x100000000

GC Precious Log:
 CardTable entry size: 512
 Card Set container configuration: InlinePtr #cards 5 size 8 Array Of Cards #cards 12 size 40 Howl #buckets 4 coarsen threshold 1843 Howl Bitmap #cards 512 size 80 coarsen threshold 460 Card regions per heap region 1 cards per card region 2048
 CPUs: 8 total, 8 available
 Memory: 7975M
 Large Page Support: Disabled
 NUMA Support: Disabled
 Compressed Oops: Enabled (32-bit)
 Heap Region Size: 1M
 Heap Min Capacity: 8M
 Heap Initial Capacity: 126M
 Heap Max Capacity: 2G
 Pre-touch: Disabled
 Parallel Workers: 8
 Concurrent Workers: 2
 Concurrent Refinement Workers: 8
 Periodic GC: Disabled

Heap:
 garbage-first heap   total 229376K, used 158781K [0x0000000080000000, 0x0000000100000000)
  region size 1024K, 61 young (62464K), 7 survivors (7168K)
 Metaspace       used 56430K, committed 58112K, reserved 491520K
  class space    used 8061K, committed 8896K, reserved 425984K

Heap Regions: E=young(eden), S=young(survivor), O=old, HS=humongous(starts), HC=humongous(continues), CS=collection set, F=free, TAMS=top-at-mark-start, PB=parsable bottom
|   0|0x0000000080000000, 0x0000000080100000, 0x0000000080100000|100%|HS|  |TAMS 0x0000000080000000| PB 0x0000000080000000| Complete 
|   1|0x0000000080100000, 0x0000000080200000, 0x0000000080200000|100%|HC|  |TAMS 0x0000000080100000| PB 0x0000000080100000| Complete 
|   2|0x0000000080200000, 0x0000000080300000, 0x0000000080300000|100%|HC|  |TAMS 0x0000000080200000| PB 0x0000000080200000| Complete 
|   3|0x0000000080300000, 0x0000000080400000, 0x0000000080400000|100%|HC|  |TAMS 0x0000000080300000| PB 0x0000000080300000| Complete 
|   4|0x0000000080400000, 0x0000000080500000, 0x0000000080500000|100%| O|  |TAMS 0x0000000080400000| PB 0x0000000080400000| Untracked 
|   5|0x0000000080500000, 0x0000000080600000, 0x0000000080600000|100%| O|  |TAMS 0x0000000080500000| PB 0x0000000080500000| Untracked 
|   6|0x0000000080600000, 0x0000000080700000, 0x0000000080700000|100%| O|  |TAMS 0x0000000080600000| PB 0x0000000080600000| Untracked 
|   7|0x0000000080700000, 0x0000000080800000, 0x0000000080800000|100%| O|  |TAMS 0x0000000080700000| PB 0x0000000080700000| Untracked 
|   8|0x0000000080800000, 0x0000000080900000, 0x0000000080900000|100%| O|  |TAMS 0x0000000080800000| PB 0x0000000080800000| Untracked 
|   9|0x0000000080900000, 0x0000000080a00000, 0x0000000080a00000|100%| O|  |TAMS 0x0000000080900000| PB 0x0000000080900000| Untracked 
|  10|0x0000000080a00000, 0x0000000080b00000, 0x0000000080b00000|100%|HS|  |TAMS 0x0000000080a00000| PB 0x0000000080a00000| Complete 
|  11|0x0000000080b00000, 0x0000000080c00000, 0x0000000080c00000|100%| O|  |TAMS 0x0000000080b00000| PB 0x0000000080b00000| Untracked 
|  12|0x0000000080c00000, 0x0000000080d00000, 0x0000000080d00000|100%| O|  |TAMS 0x0000000080c00000| PB 0x0000000080c00000| Untracked 
|  13|0x0000000080d00000, 0x0000000080e00000, 0x0000000080e00000|100%| O|  |TAMS 0x0000000080d00000| PB 0x0000000080d00000| Untracked 
|  14|0x0000000080e00000, 0x0000000080f00000, 0x0000000080f00000|100%| O|  |TAMS 0x0000000080e00000| PB 0x0000000080e00000| Untracked 
|  15|0x0000000080f00000, 0x0000000081000000, 0x0000000081000000|100%| O|  |TAMS 0x0000000080f00000| PB 0x0000000080f00000| Untracked 
|  16|0x0000000081000000, 0x0000000081100000, 0x0000000081100000|100%| O|  |TAMS 0x0000000081000000| PB 0x0000000081000000| Untracked 
|  17|0x0000000081100000, 0x0000000081200000, 0x0000000081200000|100%| O|  |TAMS 0x0000000081100000| PB 0x0000000081100000| Untracked 
|  18|0x0000000081200000, 0x0000000081300000, 0x0000000081300000|100%| O|  |TAMS 0x0000000081200000| PB 0x0000000081200000| Untracked 
|  19|0x0000000081300000, 0x0000000081400000, 0x0000000081400000|100%| O|  |TAMS 0x0000000081300000| PB 0x0000000081300000| Untracked 
|  20|0x0000000081400000, 0x0000000081500000, 0x0000000081500000|100%| O|  |TAMS 0x0000000081400000| PB 0x0000000081400000| Untracked 
|  21|0x0000000081500000, 0x0000000081600000, 0x0000000081600000|100%| O|  |TAMS 0x0000000081500000| PB 0x0000000081500000| Untracked 
|  22|0x0000000081600000, 0x0000000081700000, 0x0000000081700000|100%| O|  |TAMS 0x0000000081600000| PB 0x0000000081600000| Untracked 
|  23|0x0000000081700000, 0x0000000081800000, 0x0000000081800000|100%| O|  |TAMS 0x0000000081700000| PB 0x0000000081700000| Untracked 
|  24|0x0000000081800000, 0x0000000081900000, 0x0000000081900000|100%| O|  |TAMS 0x0000000081800000| PB 0x0000000081800000| Untracked 
|  25|0x0000000081900000, 0x0000000081a00000, 0x0000000081a00000|100%| O|  |TAMS 0x0000000081900000| PB 0x0000000081900000| Untracked 
|  26|0x0000000081a00000, 0x0000000081b00000, 0x0000000081b00000|100%| O|  |TAMS 0x0000000081a00000| PB 0x0000000081a00000| Untracked 
|  27|0x0000000081b00000, 0x0000000081c00000, 0x0000000081c00000|100%| O|  |TAMS 0x0000000081b00000| PB 0x0000000081b00000| Untracked 
|  28|0x0000000081c00000, 0x0000000081d00000, 0x0000000081d00000|100%| O|  |TAMS 0x0000000081c00000| PB 0x0000000081c00000| Untracked 
|  29|0x0000000081d00000, 0x0000000081e00000, 0x0000000081e00000|100%| O|  |TAMS 0x0000000081d00000| PB 0x0000000081d00000| Untracked 
|  30|0x0000000081e00000, 0x0000000081f00000, 0x0000000081f00000|100%|HS|  |TAMS 0x0000000081e00000| PB 0x0000000081e00000| Complete 
|  31|0x0000000081f00000, 0x0000000082000000, 0x0000000082000000|100%| O|  |TAMS 0x0000000081f00000| PB 0x0000000081f00000| Untracked 
|  32|0x0000000082000000, 0x0000000082100000, 0x0000000082100000|100%| O|  |TAMS 0x0000000082000000| PB 0x0000000082000000| Untracked 
|  33|0x0000000082100000, 0x0000000082200000, 0x0000000082200000|100%| O|  |TAMS 0x0000000082100000| PB 0x0000000082100000| Untracked 
|  34|0x0000000082200000, 0x0000000082300000, 0x0000000082300000|100%| O|  |TAMS 0x0000000082200000| PB 0x0000000082200000| Untracked 
|  35|0x0000000082300000, 0x0000000082400000, 0x0000000082400000|100%| O|  |TAMS 0x0000000082300000| PB 0x0000000082300000| Untracked 
|  36|0x0000000082400000, 0x0000000082500000, 0x0000000082500000|100%| O|  |TAMS 0x0000000082400000| PB 0x0000000082400000| Untracked 
|  37|0x0000000082500000, 0x0000000082600000, 0x0000000082600000|100%| O|  |TAMS 0x0000000082500000| PB 0x0000000082500000| Untracked 
|  38|0x0000000082600000, 0x0000000082700000, 0x0000000082700000|100%| O|  |TAMS 0x0000000082600000| PB 0x0000000082600000| Untracked 
|  39|0x0000000082700000, 0x0000000082800000, 0x0000000082800000|100%| O|  |TAMS 0x0000000082700000| PB 0x0000000082700000| Untracked 
|  40|0x0000000082800000, 0x0000000082900000, 0x0000000082900000|100%| O|  |TAMS 0x0000000082800000| PB 0x0000000082800000| Untracked 
|  41|0x0000000082900000, 0x0000000082a00000, 0x0000000082a00000|100%| O|  |TAMS 0x0000000082900000| PB 0x0000000082900000| Untracked 
|  42|0x0000000082a00000, 0x0000000082b00000, 0x0000000082b00000|100%| O|  |TAMS 0x0000000082a00000| PB 0x0000000082a00000| Untracked 
|  43|0x0000000082b00000, 0x0000000082c00000, 0x0000000082c00000|100%| O|  |TAMS 0x0000000082b00000| PB 0x0000000082b00000| Untracked 
|  44|0x0000000082c00000, 0x0000000082d00000, 0x0000000082d00000|100%| O|  |TAMS 0x0000000082c00000| PB 0x0000000082c00000| Untracked 
|  45|0x0000000082d00000, 0x0000000082e00000, 0x0000000082e00000|100%| O|  |TAMS 0x0000000082d00000| PB 0x0000000082d00000| Untracked 
|  46|0x0000000082e00000, 0x0000000082f00000, 0x0000000082f00000|100%| O|  |TAMS 0x0000000082e00000| PB 0x0000000082e00000| Untracked 
|  47|0x0000000082f00000, 0x0000000083000000, 0x0000000083000000|100%| O|  |TAMS 0x0000000082f00000| PB 0x0000000082f00000| Untracked 
|  48|0x0000000083000000, 0x0000000083100000, 0x0000000083100000|100%| O|  |TAMS 0x0000000083000000| PB 0x0000000083000000| Untracked 
|  49|0x0000000083100000, 0x0000000083200000, 0x0000000083200000|100%| O|  |TAMS 0x0000000083100000| PB 0x0000000083100000| Untracked 
|  50|0x0000000083200000, 0x0000000083300000, 0x0000000083300000|100%| O|  |TAMS 0x0000000083200000| PB 0x0000000083200000| Untracked 
|  51|0x0000000083300000, 0x0000000083400000, 0x0000000083400000|100%| O|  |TAMS 0x0000000083300000| PB 0x0000000083300000| Untracked 
|  52|0x0000000083400000, 0x0000000083500000, 0x0000000083500000|100%| O|  |TAMS 0x0000000083400000| PB 0x0000000083400000| Untracked 
|  53|0x0000000083500000, 0x0000000083600000, 0x0000000083600000|100%| O|  |TAMS 0x0000000083500000| PB 0x0000000083500000| Untracked 
|  54|0x0000000083600000, 0x0000000083700000, 0x0000000083700000|100%| O|  |TAMS 0x0000000083600000| PB 0x0000000083600000| Untracked 
|  55|0x0000000083700000, 0x0000000083800000, 0x0000000083800000|100%| O|  |TAMS 0x0000000083700000| PB 0x0000000083700000| Untracked 
|  56|0x0000000083800000, 0x0000000083900000, 0x0000000083900000|100%| O|  |TAMS 0x0000000083800000| PB 0x0000000083800000| Untracked 
|  57|0x0000000083900000, 0x0000000083a00000, 0x0000000083a00000|100%| O|  |TAMS 0x0000000083900000| PB 0x0000000083900000| Untracked 
|  58|0x0000000083a00000, 0x0000000083b00000, 0x0000000083b00000|100%| O|  |TAMS 0x0000000083a00000| PB 0x0000000083a00000| Untracked 
|  59|0x0000000083b00000, 0x0000000083c00000, 0x0000000083c00000|100%| O|  |TAMS 0x0000000083b00000| PB 0x0000000083b00000| Untracked 
|  60|0x0000000083c00000, 0x0000000083d00000, 0x0000000083d00000|100%| O|  |TAMS 0x0000000083c00000| PB 0x0000000083c00000| Untracked 
|  61|0x0000000083d00000, 0x0000000083e00000, 0x0000000083e00000|100%| O|  |TAMS 0x0000000083d00000| PB 0x0000000083d00000| Untracked 
|  62|0x0000000083e00000, 0x0000000083f00000, 0x0000000083f00000|100%| O|  |TAMS 0x0000000083e00000| PB 0x0000000083e00000| Untracked 
|  63|0x0000000083f00000, 0x0000000084000000, 0x0000000084000000|100%| O|  |TAMS 0x0000000083f00000| PB 0x0000000083f00000| Untracked 
|  64|0x0000000084000000, 0x0000000084100000, 0x0000000084100000|100%| O|  |TAMS 0x0000000084000000| PB 0x0000000084000000| Untracked 
|  65|0x0000000084100000, 0x0000000084100000, 0x0000000084200000|  0%| F|  |TAMS 0x0000000084100000| PB 0x0000000084100000| Untracked 
|  66|0x0000000084200000, 0x0000000084200000, 0x0000000084300000|  0%| F|  |TAMS 0x0000000084200000| PB 0x0000000084200000| Untracked 
|  67|0x0000000084300000, 0x0000000084400000, 0x0000000084400000|100%| O|  |TAMS 0x0000000084300000| PB 0x0000000084300000| Untracked 
|  68|0x0000000084400000, 0x0000000084500000, 0x0000000084500000|100%| O|  |TAMS 0x0000000084400000| PB 0x0000000084400000| Untracked 
|  69|0x0000000084500000, 0x0000000084600000, 0x0000000084600000|100%| O|  |TAMS 0x0000000084500000| PB 0x0000000084500000| Untracked 
|  70|0x0000000084600000, 0x0000000084700000, 0x0000000084700000|100%| O|  |TAMS 0x0000000084600000| PB 0x0000000084600000| Untracked 
|  71|0x0000000084700000, 0x0000000084800000, 0x0000000084800000|100%| O|  |TAMS 0x0000000084700000| PB 0x0000000084700000| Untracked 
|  72|0x0000000084800000, 0x0000000084900000, 0x0000000084900000|100%| O|  |TAMS 0x0000000084800000| PB 0x0000000084800000| Untracked 
|  73|0x0000000084900000, 0x0000000084a00000, 0x0000000084a00000|100%| O|  |TAMS 0x0000000084900000| PB 0x0000000084900000| Untracked 
|  74|0x0000000084a00000, 0x0000000084b00000, 0x0000000084b00000|100%| O|  |TAMS 0x0000000084a00000| PB 0x0000000084a00000| Untracked 
|  75|0x0000000084b00000, 0x0000000084c00000, 0x0000000084c00000|100%| O|  |TAMS 0x0000000084b00000| PB 0x0000000084b00000| Untracked 
|  76|0x0000000084c00000, 0x0000000084d00000, 0x0000000084d00000|100%| O|  |TAMS 0x0000000084c00000| PB 0x0000000084c00000| Untracked 
|  77|0x0000000084d00000, 0x0000000084e00000, 0x0000000084e00000|100%| O|  |TAMS 0x0000000084d00000| PB 0x0000000084d00000| Untracked 
|  78|0x0000000084e00000, 0x0000000084f00000, 0x0000000084f00000|100%| O|  |TAMS 0x0000000084e00000| PB 0x0000000084e00000| Untracked 
|  79|0x0000000084f00000, 0x0000000085000000, 0x0000000085000000|100%| O|  |TAMS 0x0000000084f00000| PB 0x0000000084f00000| Untracked 
|  80|0x0000000085000000, 0x0000000085100000, 0x0000000085100000|100%| O|  |TAMS 0x0000000085000000| PB 0x0000000085000000| Untracked 
|  81|0x0000000085100000, 0x0000000085200000, 0x0000000085200000|100%| O|  |TAMS 0x0000000085100000| PB 0x0000000085100000| Untracked 
|  82|0x0000000085200000, 0x0000000085300000, 0x0000000085300000|100%| O|  |TAMS 0x0000000085200000| PB 0x0000000085200000| Untracked 
|  83|0x0000000085300000, 0x0000000085400000, 0x0000000085400000|100%| O|  |TAMS 0x0000000085300000| PB 0x0000000085300000| Untracked 
|  84|0x0000000085400000, 0x0000000085500000, 0x0000000085500000|100%| O|  |TAMS 0x0000000085400000| PB 0x0000000085400000| Untracked 
|  85|0x0000000085500000, 0x0000000085600000, 0x0000000085600000|100%| O|  |TAMS 0x0000000085500000| PB 0x0000000085500000| Untracked 
|  86|0x0000000085600000, 0x00000000856775b0, 0x0000000085700000| 46%| O|  |TAMS 0x0000000085600000| PB 0x0000000085600000| Untracked 
|  87|0x0000000085700000, 0x0000000085700000, 0x0000000085800000|  0%| F|  |TAMS 0x0000000085700000| PB 0x0000000085700000| Untracked 
|  88|0x0000000085800000, 0x0000000085800000, 0x0000000085900000|  0%| F|  |TAMS 0x0000000085800000| PB 0x0000000085800000| Untracked 
|  89|0x0000000085900000, 0x0000000085900000, 0x0000000085a00000|  0%| F|  |TAMS 0x0000000085900000| PB 0x0000000085900000| Untracked 
|  90|0x0000000085a00000, 0x0000000085a00000, 0x0000000085b00000|  0%| F|  |TAMS 0x0000000085a00000| PB 0x0000000085a00000| Untracked 
|  91|0x0000000085b00000, 0x0000000085b00000, 0x0000000085c00000|  0%| F|  |TAMS 0x0000000085b00000| PB 0x0000000085b00000| Untracked 
|  92|0x0000000085c00000, 0x0000000085c00000, 0x0000000085d00000|  0%| F|  |TAMS 0x0000000085c00000| PB 0x0000000085c00000| Untracked 
|  93|0x0000000085d00000, 0x0000000085d00000, 0x0000000085e00000|  0%| F|  |TAMS 0x0000000085d00000| PB 0x0000000085d00000| Untracked 
|  94|0x0000000085e00000, 0x0000000085f00000, 0x0000000085f00000|100%| O|  |TAMS 0x0000000085e00000| PB 0x0000000085e00000| Untracked 
|  95|0x0000000085f00000, 0x0000000085f00000, 0x0000000086000000|  0%| F|  |TAMS 0x0000000085f00000| PB 0x0000000085f00000| Untracked 
|  96|0x0000000086000000, 0x0000000086000000, 0x0000000086100000|  0%| F|  |TAMS 0x0000000086000000| PB 0x0000000086000000| Untracked 
|  97|0x0000000086100000, 0x0000000086100000, 0x0000000086200000|  0%| F|  |TAMS 0x0000000086100000| PB 0x0000000086100000| Untracked 
|  98|0x0000000086200000, 0x00000000862981c0, 0x0000000086300000| 59%| S|CS|TAMS 0x0000000086200000| PB 0x0000000086200000| Complete 
|  99|0x0000000086300000, 0x0000000086400000, 0x0000000086400000|100%| S|CS|TAMS 0x0000000086300000| PB 0x0000000086300000| Complete 
| 100|0x0000000086400000, 0x0000000086500000, 0x0000000086500000|100%| S|CS|TAMS 0x0000000086400000| PB 0x0000000086400000| Complete 
| 101|0x0000000086500000, 0x0000000086600000, 0x0000000086600000|100%| S|CS|TAMS 0x0000000086500000| PB 0x0000000086500000| Complete 
| 102|0x0000000086600000, 0x0000000086700000, 0x0000000086700000|100%| S|CS|TAMS 0x0000000086600000| PB 0x0000000086600000| Complete 
| 103|0x0000000086700000, 0x0000000086800000, 0x0000000086800000|100%| S|CS|TAMS 0x0000000086700000| PB 0x0000000086700000| Complete 
| 104|0x0000000086800000, 0x0000000086900000, 0x0000000086900000|100%| S|CS|TAMS 0x0000000086800000| PB 0x0000000086800000| Complete 
| 105|0x0000000086900000, 0x0000000086900000, 0x0000000086a00000|  0%| F|  |TAMS 0x0000000086900000| PB 0x0000000086900000| Untracked 
| 106|0x0000000086a00000, 0x0000000086a00000, 0x0000000086b00000|  0%| F|  |TAMS 0x0000000086a00000| PB 0x0000000086a00000| Untracked 
| 107|0x0000000086b00000, 0x0000000086b00000, 0x0000000086c00000|  0%| F|  |TAMS 0x0000000086b00000| PB 0x0000000086b00000| Untracked 
| 108|0x0000000086c00000, 0x0000000086c00000, 0x0000000086d00000|  0%| F|  |TAMS 0x0000000086c00000| PB 0x0000000086c00000| Untracked 
| 109|0x0000000086d00000, 0x0000000086d00000, 0x0000000086e00000|  0%| F|  |TAMS 0x0000000086d00000| PB 0x0000000086d00000| Untracked 
| 110|0x0000000086e00000, 0x0000000086e00000, 0x0000000086f00000|  0%| F|  |TAMS 0x0000000086e00000| PB 0x0000000086e00000| Untracked 
| 111|0x0000000086f00000, 0x0000000086f00000, 0x0000000087000000|  0%| F|  |TAMS 0x0000000086f00000| PB 0x0000000086f00000| Untracked 
| 112|0x0000000087000000, 0x0000000087000000, 0x0000000087100000|  0%| F|  |TAMS 0x0000000087000000| PB 0x0000000087000000| Untracked 
| 113|0x0000000087100000, 0x0000000087100000, 0x0000000087200000|  0%| F|  |TAMS 0x0000000087100000| PB 0x0000000087100000| Untracked 
| 114|0x0000000087200000, 0x0000000087200000, 0x0000000087300000|  0%| F|  |TAMS 0x0000000087200000| PB 0x0000000087200000| Untracked 
| 115|0x0000000087300000, 0x0000000087300000, 0x0000000087400000|  0%| F|  |TAMS 0x0000000087300000| PB 0x0000000087300000| Untracked 
| 116|0x0000000087400000, 0x0000000087400000, 0x0000000087500000|  0%| F|  |TAMS 0x0000000087400000| PB 0x0000000087400000| Untracked 
| 117|0x0000000087500000, 0x0000000087500000, 0x0000000087600000|  0%| F|  |TAMS 0x0000000087500000| PB 0x0000000087500000| Untracked 
| 118|0x0000000087600000, 0x0000000087600000, 0x0000000087700000|  0%| F|  |TAMS 0x0000000087600000| PB 0x0000000087600000| Untracked 
| 119|0x0000000087700000, 0x0000000087700000, 0x0000000087800000|  0%| F|  |TAMS 0x0000000087700000| PB 0x0000000087700000| Untracked 
| 120|0x0000000087800000, 0x0000000087800000, 0x0000000087900000|  0%| F|  |TAMS 0x0000000087800000| PB 0x0000000087800000| Untracked 
| 121|0x0000000087900000, 0x0000000087900000, 0x0000000087a00000|  0%| F|  |TAMS 0x0000000087900000| PB 0x0000000087900000| Untracked 
| 122|0x0000000087a00000, 0x0000000087a00000, 0x0000000087b00000|  0%| F|  |TAMS 0x0000000087a00000| PB 0x0000000087a00000| Untracked 
| 123|0x0000000087b00000, 0x0000000087b00000, 0x0000000087c00000|  0%| F|  |TAMS 0x0000000087b00000| PB 0x0000000087b00000| Untracked 
| 124|0x0000000087c00000, 0x0000000087c00000, 0x0000000087d00000|  0%| F|  |TAMS 0x0000000087c00000| PB 0x0000000087c00000| Untracked 
| 125|0x0000000087d00000, 0x0000000087d00000, 0x0000000087e00000|  0%| F|  |TAMS 0x0000000087d00000| PB 0x0000000087d00000| Untracked 
| 126|0x0000000087e00000, 0x0000000087e00000, 0x0000000087f00000|  0%| F|  |TAMS 0x0000000087e00000| PB 0x0000000087e00000| Untracked 
| 127|0x0000000087f00000, 0x0000000087f00000, 0x0000000088000000|  0%| F|  |TAMS 0x0000000087f00000| PB 0x0000000087f00000| Untracked 
| 128|0x0000000088000000, 0x0000000088000000, 0x0000000088100000|  0%| F|  |TAMS 0x0000000088000000| PB 0x0000000088000000| Untracked 
| 129|0x0000000088100000, 0x0000000088100000, 0x0000000088200000|  0%| F|  |TAMS 0x0000000088100000| PB 0x0000000088100000| Untracked 
| 130|0x0000000088200000, 0x0000000088200000, 0x0000000088300000|  0%| F|  |TAMS 0x0000000088200000| PB 0x0000000088200000| Untracked 
| 131|0x0000000088300000, 0x0000000088300000, 0x0000000088400000|  0%| F|  |TAMS 0x0000000088300000| PB 0x0000000088300000| Untracked 
| 132|0x0000000088400000, 0x0000000088400000, 0x0000000088500000|  0%| F|  |TAMS 0x0000000088400000| PB 0x0000000088400000| Untracked 
| 133|0x0000000088500000, 0x0000000088500000, 0x0000000088600000|  0%| F|  |TAMS 0x0000000088500000| PB 0x0000000088500000| Untracked 
| 134|0x0000000088600000, 0x0000000088600000, 0x0000000088700000|  0%| F|  |TAMS 0x0000000088600000| PB 0x0000000088600000| Untracked 
| 135|0x0000000088700000, 0x0000000088700000, 0x0000000088800000|  0%| F|  |TAMS 0x0000000088700000| PB 0x0000000088700000| Untracked 
| 136|0x0000000088800000, 0x0000000088800000, 0x0000000088900000|  0%| F|  |TAMS 0x0000000088800000| PB 0x0000000088800000| Untracked 
| 137|0x0000000088900000, 0x0000000088900000, 0x0000000088a00000|  0%| F|  |TAMS 0x0000000088900000| PB 0x0000000088900000| Untracked 
| 138|0x0000000088a00000, 0x0000000088a00000, 0x0000000088b00000|  0%| F|  |TAMS 0x0000000088a00000| PB 0x0000000088a00000| Untracked 
| 139|0x0000000088b00000, 0x0000000088b00000, 0x0000000088c00000|  0%| F|  |TAMS 0x0000000088b00000| PB 0x0000000088b00000| Untracked 
| 140|0x0000000088c00000, 0x0000000088c00000, 0x0000000088d00000|  0%| F|  |TAMS 0x0000000088c00000| PB 0x0000000088c00000| Untracked 
| 141|0x0000000088d00000, 0x0000000088d00000, 0x0000000088e00000|  0%| F|  |TAMS 0x0000000088d00000| PB 0x0000000088d00000| Untracked 
| 142|0x0000000088e00000, 0x0000000088e00000, 0x0000000088f00000|  0%| F|  |TAMS 0x0000000088e00000| PB 0x0000000088e00000| Untracked 
| 143|0x0000000088f00000, 0x0000000088f00000, 0x0000000089000000|  0%| F|  |TAMS 0x0000000088f00000| PB 0x0000000088f00000| Untracked 
| 144|0x0000000089000000, 0x0000000089000000, 0x0000000089100000|  0%| F|  |TAMS 0x0000000089000000| PB 0x0000000089000000| Untracked 
| 145|0x0000000089100000, 0x0000000089100000, 0x0000000089200000|  0%| F|  |TAMS 0x0000000089100000| PB 0x0000000089100000| Untracked 
| 146|0x0000000089200000, 0x0000000089200000, 0x0000000089300000|  0%| F|  |TAMS 0x0000000089200000| PB 0x0000000089200000| Untracked 
| 147|0x0000000089300000, 0x0000000089300000, 0x0000000089400000|  0%| F|  |TAMS 0x0000000089300000| PB 0x0000000089300000| Untracked 
| 148|0x0000000089400000, 0x0000000089400000, 0x0000000089500000|  0%| F|  |TAMS 0x0000000089400000| PB 0x0000000089400000| Untracked 
| 149|0x0000000089500000, 0x0000000089500000, 0x0000000089600000|  0%| F|  |TAMS 0x0000000089500000| PB 0x0000000089500000| Untracked 
| 150|0x0000000089600000, 0x0000000089600000, 0x0000000089700000|  0%| F|  |TAMS 0x0000000089600000| PB 0x0000000089600000| Untracked 
| 151|0x0000000089700000, 0x0000000089700000, 0x0000000089800000|  0%| F|  |TAMS 0x0000000089700000| PB 0x0000000089700000| Untracked 
| 152|0x0000000089800000, 0x0000000089800000, 0x0000000089900000|  0%| F|  |TAMS 0x0000000089800000| PB 0x0000000089800000| Untracked 
| 153|0x0000000089900000, 0x0000000089900000, 0x0000000089a00000|  0%| F|  |TAMS 0x0000000089900000| PB 0x0000000089900000| Untracked 
| 154|0x0000000089a00000, 0x0000000089a00000, 0x0000000089b00000|  0%| F|  |TAMS 0x0000000089a00000| PB 0x0000000089a00000| Untracked 
| 155|0x0000000089b00000, 0x0000000089b00000, 0x0000000089c00000|  0%| F|  |TAMS 0x0000000089b00000| PB 0x0000000089b00000| Untracked 
| 156|0x0000000089c00000, 0x0000000089c00000, 0x0000000089d00000|  0%| F|  |TAMS 0x0000000089c00000| PB 0x0000000089c00000| Untracked 
| 157|0x0000000089d00000, 0x0000000089d00000, 0x0000000089e00000|  0%| F|  |TAMS 0x0000000089d00000| PB 0x0000000089d00000| Untracked 
| 158|0x0000000089e00000, 0x0000000089e00000, 0x0000000089f00000|  0%| F|  |TAMS 0x0000000089e00000| PB 0x0000000089e00000| Untracked 
| 159|0x0000000089f00000, 0x0000000089f00000, 0x000000008a000000|  0%| F|  |TAMS 0x0000000089f00000| PB 0x0000000089f00000| Untracked 
| 160|0x000000008a000000, 0x000000008a051bc0, 0x000000008a100000| 31%| E|  |TAMS 0x000000008a000000| PB 0x000000008a000000| Complete 
| 161|0x000000008a100000, 0x000000008a200000, 0x000000008a200000|100%| E|CS|TAMS 0x000000008a100000| PB 0x000000008a100000| Complete 
| 162|0x000000008a200000, 0x000000008a300000, 0x000000008a300000|100%| E|CS|TAMS 0x000000008a200000| PB 0x000000008a200000| Complete 
| 163|0x000000008a300000, 0x000000008a400000, 0x000000008a400000|100%| E|CS|TAMS 0x000000008a300000| PB 0x000000008a300000| Complete 
| 164|0x000000008a400000, 0x000000008a500000, 0x000000008a500000|100%| E|CS|TAMS 0x000000008a400000| PB 0x000000008a400000| Complete 
| 165|0x000000008a500000, 0x000000008a600000, 0x000000008a600000|100%| E|CS|TAMS 0x000000008a500000| PB 0x000000008a500000| Complete 
| 166|0x000000008a600000, 0x000000008a700000, 0x000000008a700000|100%| E|CS|TAMS 0x000000008a600000| PB 0x000000008a600000| Complete 
| 167|0x000000008a700000, 0x000000008a800000, 0x000000008a800000|100%| E|CS|TAMS 0x000000008a700000| PB 0x000000008a700000| Complete 
| 168|0x000000008a800000, 0x000000008a900000, 0x000000008a900000|100%| E|CS|TAMS 0x000000008a800000| PB 0x000000008a800000| Complete 
| 169|0x000000008a900000, 0x000000008aa00000, 0x000000008aa00000|100%| E|CS|TAMS 0x000000008a900000| PB 0x000000008a900000| Complete 
| 170|0x000000008aa00000, 0x000000008ab00000, 0x000000008ab00000|100%| E|CS|TAMS 0x000000008aa00000| PB 0x000000008aa00000| Complete 
| 171|0x000000008ab00000, 0x000000008ac00000, 0x000000008ac00000|100%| E|CS|TAMS 0x000000008ab00000| PB 0x000000008ab00000| Complete 
| 172|0x000000008ac00000, 0x000000008ad00000, 0x000000008ad00000|100%| E|CS|TAMS 0x000000008ac00000| PB 0x000000008ac00000| Complete 
| 173|0x000000008ad00000, 0x000000008ae00000, 0x000000008ae00000|100%| E|CS|TAMS 0x000000008ad00000| PB 0x000000008ad00000| Complete 
| 174|0x000000008ae00000, 0x000000008af00000, 0x000000008af00000|100%| E|CS|TAMS 0x000000008ae00000| PB 0x000000008ae00000| Complete 
| 175|0x000000008af00000, 0x000000008b000000, 0x000000008b000000|100%| E|CS|TAMS 0x000000008af00000| PB 0x000000008af00000| Complete 
| 176|0x000000008b000000, 0x000000008b100000, 0x000000008b100000|100%| E|CS|TAMS 0x000000008b000000| PB 0x000000008b000000| Complete 
| 177|0x000000008b100000, 0x000000008b200000, 0x000000008b200000|100%| E|CS|TAMS 0x000000008b100000| PB 0x000000008b100000| Complete 
| 178|0x000000008b200000, 0x000000008b300000, 0x000000008b300000|100%| E|CS|TAMS 0x000000008b200000| PB 0x000000008b200000| Complete 
| 179|0x000000008b300000, 0x000000008b400000, 0x000000008b400000|100%| E|CS|TAMS 0x000000008b300000| PB 0x000000008b300000| Complete 
| 180|0x000000008b400000, 0x000000008b500000, 0x000000008b500000|100%| E|CS|TAMS 0x000000008b400000| PB 0x000000008b400000| Complete 
| 181|0x000000008b500000, 0x000000008b600000, 0x000000008b600000|100%| E|CS|TAMS 0x000000008b500000| PB 0x000000008b500000| Complete 
| 182|0x000000008b600000, 0x000000008b700000, 0x000000008b700000|100%| E|CS|TAMS 0x000000008b600000| PB 0x000000008b600000| Complete 
| 183|0x000000008b700000, 0x000000008b800000, 0x000000008b800000|100%| E|CS|TAMS 0x000000008b700000| PB 0x000000008b700000| Complete 
| 184|0x000000008b800000, 0x000000008b900000, 0x000000008b900000|100%| E|CS|TAMS 0x000000008b800000| PB 0x000000008b800000| Complete 
| 185|0x000000008b900000, 0x000000008ba00000, 0x000000008ba00000|100%| E|CS|TAMS 0x000000008b900000| PB 0x000000008b900000| Complete 
| 186|0x000000008ba00000, 0x000000008bb00000, 0x000000008bb00000|100%| E|CS|TAMS 0x000000008ba00000| PB 0x000000008ba00000| Complete 
| 187|0x000000008bb00000, 0x000000008bc00000, 0x000000008bc00000|100%| E|CS|TAMS 0x000000008bb00000| PB 0x000000008bb00000| Complete 
| 188|0x000000008bc00000, 0x000000008bd00000, 0x000000008bd00000|100%| E|CS|TAMS 0x000000008bc00000| PB 0x000000008bc00000| Complete 
| 189|0x000000008bd00000, 0x000000008be00000, 0x000000008be00000|100%| E|CS|TAMS 0x000000008bd00000| PB 0x000000008bd00000| Complete 
| 190|0x000000008be00000, 0x000000008bf00000, 0x000000008bf00000|100%| E|CS|TAMS 0x000000008be00000| PB 0x000000008be00000| Complete 
| 191|0x000000008bf00000, 0x000000008c000000, 0x000000008c000000|100%| E|CS|TAMS 0x000000008bf00000| PB 0x000000008bf00000| Complete 
| 192|0x000000008c000000, 0x000000008c100000, 0x000000008c100000|100%| E|CS|TAMS 0x000000008c000000| PB 0x000000008c000000| Complete 
| 193|0x000000008c100000, 0x000000008c200000, 0x000000008c200000|100%| E|CS|TAMS 0x000000008c100000| PB 0x000000008c100000| Complete 
| 194|0x000000008c200000, 0x000000008c300000, 0x000000008c300000|100%| E|CS|TAMS 0x000000008c200000| PB 0x000000008c200000| Complete 
| 195|0x000000008c300000, 0x000000008c400000, 0x000000008c400000|100%| E|CS|TAMS 0x000000008c300000| PB 0x000000008c300000| Complete 
| 196|0x000000008c400000, 0x000000008c500000, 0x000000008c500000|100%| E|CS|TAMS 0x000000008c400000| PB 0x000000008c400000| Complete 
| 197|0x000000008c500000, 0x000000008c600000, 0x000000008c600000|100%| E|CS|TAMS 0x000000008c500000| PB 0x000000008c500000| Complete 
| 198|0x000000008c600000, 0x000000008c700000, 0x000000008c700000|100%| E|CS|TAMS 0x000000008c600000| PB 0x000000008c600000| Complete 
| 199|0x000000008c700000, 0x000000008c800000, 0x000000008c800000|100%| E|CS|TAMS 0x000000008c700000| PB 0x000000008c700000| Complete 
| 200|0x000000008c800000, 0x000000008c900000, 0x000000008c900000|100%| E|CS|TAMS 0x000000008c800000| PB 0x000000008c800000| Complete 
| 201|0x000000008c900000, 0x000000008ca00000, 0x000000008ca00000|100%| E|CS|TAMS 0x000000008c900000| PB 0x000000008c900000| Complete 
| 202|0x000000008ca00000, 0x000000008cb00000, 0x000000008cb00000|100%| E|CS|TAMS 0x000000008ca00000| PB 0x000000008ca00000| Complete 
| 203|0x000000008cb00000, 0x000000008cc00000, 0x000000008cc00000|100%| E|CS|TAMS 0x000000008cb00000| PB 0x000000008cb00000| Complete 
| 204|0x000000008cc00000, 0x000000008cd00000, 0x000000008cd00000|100%| E|CS|TAMS 0x000000008cc00000| PB 0x000000008cc00000| Complete 
| 205|0x000000008cd00000, 0x000000008ce00000, 0x000000008ce00000|100%| E|CS|TAMS 0x000000008cd00000| PB 0x000000008cd00000| Complete 
| 206|0x000000008ce00000, 0x000000008cf00000, 0x000000008cf00000|100%| E|CS|TAMS 0x000000008ce00000| PB 0x000000008ce00000| Complete 
| 207|0x000000008cf00000, 0x000000008d000000, 0x000000008d000000|100%| E|CS|TAMS 0x000000008cf00000| PB 0x000000008cf00000| Complete 
| 208|0x000000008d000000, 0x000000008d100000, 0x000000008d100000|100%| E|CS|TAMS 0x000000008d000000| PB 0x000000008d000000| Complete 
| 209|0x000000008d100000, 0x000000008d200000, 0x000000008d200000|100%| E|CS|TAMS 0x000000008d100000| PB 0x000000008d100000| Complete 
|2034|0x00000000ff200000, 0x00000000ff300000, 0x00000000ff300000|100%| O|  |TAMS 0x00000000ff200000| PB 0x00000000ff200000| Untracked 
|2035|0x00000000ff300000, 0x00000000ff400000, 0x00000000ff400000|100%| O|  |TAMS 0x00000000ff300000| PB 0x00000000ff300000| Untracked 
|2036|0x00000000ff400000, 0x00000000ff500000, 0x00000000ff500000|100%| E|CS|TAMS 0x00000000ff400000| PB 0x00000000ff400000| Complete 
|2037|0x00000000ff500000, 0x00000000ff600000, 0x00000000ff600000|100%| E|CS|TAMS 0x00000000ff500000| PB 0x00000000ff500000| Complete 
|2038|0x00000000ff600000, 0x00000000ff700000, 0x00000000ff700000|100%| E|CS|TAMS 0x00000000ff600000| PB 0x00000000ff600000| Complete 
|2039|0x00000000ff700000, 0x00000000ff800000, 0x00000000ff800000|100%| O|  |TAMS 0x00000000ff700000| PB 0x00000000ff700000| Untracked 
|2040|0x00000000ff800000, 0x00000000ff900000, 0x00000000ff900000|100%| O|  |TAMS 0x00000000ff800000| PB 0x00000000ff800000| Untracked 
|2041|0x00000000ff900000, 0x00000000ffa00000, 0x00000000ffa00000|100%| O|  |TAMS 0x00000000ff900000| PB 0x00000000ff900000| Untracked 
|2042|0x00000000ffa00000, 0x00000000ffb00000, 0x00000000ffb00000|100%| O|  |TAMS 0x00000000ffa00000| PB 0x00000000ffa00000| Untracked 
|2043|0x00000000ffb00000, 0x00000000ffc00000, 0x00000000ffc00000|100%| E|CS|TAMS 0x00000000ffb00000| PB 0x00000000ffb00000| Complete 
|2044|0x00000000ffc00000, 0x00000000ffd00000, 0x00000000ffd00000|100%| O|  |TAMS 0x00000000ffc00000| PB 0x00000000ffc00000| Untracked 
|2045|0x00000000ffd00000, 0x00000000ffe00000, 0x00000000ffe00000|100%| O|  |TAMS 0x00000000ffd00000| PB 0x00000000ffd00000| Untracked 
|2046|0x00000000ffe00000, 0x00000000fff00000, 0x00000000fff00000|100%| O|  |TAMS 0x00000000ffe00000| PB 0x00000000ffe00000| Untracked 
|2047|0x00000000fff00000, 0x0000000100000000, 0x0000000100000000|100%| O|  |TAMS 0x00000000fff00000| PB 0x00000000fff00000| Untracked 

Card table byte_map: [0x0000019a4fbc0000,0x0000019a4ffc0000] _byte_map_base: 0x0000019a4f7c0000

Marking Bits: (CMBitMap*) 0x0000019a3b4f9fd0
 Bits: [0x0000019a4ffc0000, 0x0000019a51fc0000)

Polling page: 0x0000019a3b1f0000

Metaspace:

Usage:
  Non-class:     47.24 MB used.
      Class:      7.87 MB used.
       Both:     55.11 MB used.

Virtual space:
  Non-class space:       64.00 MB reserved,      48.06 MB ( 75%) committed,  1 nodes.
      Class space:      416.00 MB reserved,       8.69 MB (  2%) committed,  1 nodes.
             Both:      480.00 MB reserved,      56.75 MB ( 12%) committed. 

Chunk freelists:
   Non-Class:  15.32 MB
       Class:  7.25 MB
        Both:  22.57 MB

MaxMetaspaceSize: 512.00 MB
CompressedClassSpaceSize: 416.00 MB
Initial GC threshold: 21.00 MB
Current GC threshold: 94.19 MB
CDS: on
 - commit_granule_bytes: 65536.
 - commit_granule_words: 8192.
 - virtual_space_node_default_size: 8388608.
 - enlarge_chunks_in_place: 1.
 - use_allocation_guard: 0.


Internal statistics:

num_allocs_failed_limit: 9.
num_arena_births: 2960.
num_arena_deaths: 2.
num_vsnodes_births: 2.
num_vsnodes_deaths: 0.
num_space_committed: 908.
num_space_uncommitted: 0.
num_chunks_returned_to_freelist: 13.
num_chunks_taken_from_freelist: 5583.
num_chunk_merges: 6.
num_chunk_splits: 3615.
num_chunks_enlarged: 2255.
num_inconsistent_stats: 0.

CodeHeap 'non-profiled nmethods': size=120000Kb used=4855Kb max_used=5271Kb free=115144Kb
 bounds [0x0000019a47830000, 0x0000019a47d60000, 0x0000019a4ed60000]
CodeHeap 'profiled nmethods': size=120000Kb used=13568Kb max_used=14734Kb free=106431Kb
 bounds [0x0000019a3fd60000, 0x0000019a40bd0000, 0x0000019a47290000]
CodeHeap 'non-nmethods': size=5760Kb used=2826Kb max_used=2867Kb free=2933Kb
 bounds [0x0000019a47290000, 0x0000019a47570000, 0x0000019a47830000]
CodeCache: size=245760Kb, used=21249Kb, max_used=22872Kb, free=224508Kb
 total_blobs=8772, nmethods=7891, adapters=783, full_count=0
Compilation: enabled, stopped_count=0, restarted_count=0

Compilation events (20 events):
Event: 264.611 Thread 0x0000019a54ac1360 nmethod 9524 0x0000019a40ba7590 code [0x0000019a40ba77a0, 0x0000019a40ba7c78]
Event: 264.611 Thread 0x0000019a54ac1360 9525   !   3       sun.nio.fs.WindowsChannelFactory::open (457 bytes)
Event: 264.614 Thread 0x0000019a54ac1360 nmethod 9525 0x0000019a40aff290 code [0x0000019a40aff580, 0x0000019a40b00550]
Event: 264.614 Thread 0x0000019a54ac1360 9526       3       java.io.FileDescriptor$1::setHandle (6 bytes)
Event: 264.615 Thread 0x0000019a54ac1360 nmethod 9526 0x0000019a40650690 code [0x0000019a40650840, 0x0000019a40650b28]
Event: 264.615 Thread 0x0000019a54ac1360 9527       3       java.io.FileDescriptor::setHandle (33 bytes)
Event: 264.615 Thread 0x0000019a54ac1360 nmethod 9527 0x0000019a40ba7090 code [0x0000019a40ba7240, 0x0000019a40ba74c0]
Event: 264.615 Thread 0x0000019a54ac1360 9528       3       java.io.FileDescriptor$1::setAppend (6 bytes)
Event: 264.615 Thread 0x0000019a54ac1360 nmethod 9528 0x0000019a406a8390 code [0x0000019a406a8520, 0x0000019a406a8638]
Event: 264.615 Thread 0x0000019a54ac1360 9529       3       java.io.FileDescriptor$1::registerCleanup (5 bytes)
Event: 264.615 Thread 0x0000019a54ac1360 nmethod 9529 0x0000019a40727010 code [0x0000019a407271c0, 0x0000019a407272f8]
Event: 264.615 Thread 0x0000019a54ac1360 9530       1       java.nio.charset.CharsetEncoder::charset (5 bytes)
Event: 264.615 Thread 0x0000019a54ac1360 nmethod 9530 0x0000019a47af3f10 code [0x0000019a47af40a0, 0x0000019a47af4168]
Event: 264.620 Thread 0x0000019a54ac1360 9531       3       org.gradle.internal.serialize.kryo.KryoBackedEncoder::writeLong (9 bytes)
Event: 264.630 Thread 0x0000019a54ac1360 nmethod 9531 0x0000019a40ba6c90 code [0x0000019a40ba6e40, 0x0000019a40ba6f98]
Event: 264.630 Thread 0x0000019a54ac1360 9532       3       com.esotericsoftware.kryo.io.Output::writeLong (162 bytes)
Event: 264.631 Thread 0x0000019a54ac1360 nmethod 9532 0x0000019a40ba6510 code [0x0000019a40ba66e0, 0x0000019a40ba6a10]
Event: 265.626 Thread 0x0000019a54ac1360 9535       3       org.gradle.internal.vfs.impl.AbstractVirtualFileSystem$$Lambda/0x0000019a5650d290::store (13 bytes)
Event: 266.656 Thread 0x0000019a54ac1360 nmethod 9535 0x0000019a40b24890 code [0x0000019a40b24a40, 0x0000019a40b24b90]
Event: 266.656 Thread 0x0000019a54ac1360 9536       3       com.google.common.reflect.TypeToken$4::visitParameterizedType (18 bytes)

GC Heap History (20 events):
Event: 41.637 GC heap before
{Heap before GC invocations=25 (full 0):
 garbage-first heap   total 215040K, used 175727K [0x0000000080000000, 0x0000000100000000)
  region size 1024K, 102 young (104448K), 4 survivors (4096K)
 Metaspace       used 55968K, committed 57664K, reserved 491520K
  class space    used 8059K, committed 8896K, reserved 425984K
}
Event: 41.640 GC heap after
{Heap after GC invocations=26 (full 0):
 garbage-first heap   total 215040K, used 79219K [0x0000000080000000, 0x0000000100000000)
  region size 1024K, 6 young (6144K), 6 survivors (6144K)
 Metaspace       used 55968K, committed 57664K, reserved 491520K
  class space    used 8059K, committed 8896K, reserved 425984K
}
Event: 41.999 GC heap before
{Heap before GC invocations=26 (full 0):
 garbage-first heap   total 215040K, used 190835K [0x0000000080000000, 0x0000000100000000)
  region size 1024K, 116 young (118784K), 6 survivors (6144K)
 Metaspace       used 56070K, committed 57792K, reserved 491520K
  class space    used 8059K, committed 8896K, reserved 425984K
}
Event: 42.003 GC heap after
{Heap after GC invocations=27 (full 0):
 garbage-first heap   total 215040K, used 82291K [0x0000000080000000, 0x0000000100000000)
  region size 1024K, 9 young (9216K), 9 survivors (9216K)
 Metaspace       used 56070K, committed 57792K, reserved 491520K
  class space    used 8059K, committed 8896K, reserved 425984K
}
Event: 42.255 GC heap before
{Heap before GC invocations=28 (full 0):
 garbage-first heap   total 215040K, used 192883K [0x0000000080000000, 0x0000000100000000)
  region size 1024K, 119 young (121856K), 9 survivors (9216K)
 Metaspace       used 56147K, committed 57856K, reserved 491520K
  class space    used 8059K, committed 8896K, reserved 425984K
}
Event: 42.260 GC heap after
{Heap after GC invocations=29 (full 0):
 garbage-first heap   total 215040K, used 82620K [0x0000000080000000, 0x0000000100000000)
  region size 1024K, 11 young (11264K), 11 survivors (11264K)
 Metaspace       used 56147K, committed 57856K, reserved 491520K
  class space    used 8059K, committed 8896K, reserved 425984K
}
Event: 42.592 GC heap before
{Heap before GC invocations=29 (full 0):
 garbage-first heap   total 215040K, used 197308K [0x0000000080000000, 0x0000000100000000)
  region size 1024K, 123 young (125952K), 11 survivors (11264K)
 Metaspace       used 56218K, committed 57856K, reserved 491520K
  class space    used 8059K, committed 8896K, reserved 425984K
}
Event: 42.599 GC heap after
{Heap after GC invocations=30 (full 0):
 garbage-first heap   total 215040K, used 83561K [0x0000000080000000, 0x0000000100000000)
  region size 1024K, 10 young (10240K), 10 survivors (10240K)
 Metaspace       used 56218K, committed 57856K, reserved 491520K
  class space    used 8059K, committed 8896K, reserved 425984K
}
Event: 43.942 GC heap before
{Heap before GC invocations=30 (full 0):
 garbage-first heap   total 215040K, used 198249K [0x0000000080000000, 0x0000000100000000)
  region size 1024K, 122 young (124928K), 10 survivors (10240K)
 Metaspace       used 56222K, committed 57856K, reserved 491520K
  class space    used 8059K, committed 8896K, reserved 425984K
}
Event: 43.983 GC heap after
{Heap after GC invocations=31 (full 0):
 garbage-first heap   total 215040K, used 85519K [0x0000000080000000, 0x0000000100000000)
  region size 1024K, 9 young (9216K), 9 survivors (9216K)
 Metaspace       used 56222K, committed 57856K, reserved 491520K
  class space    used 8059K, committed 8896K, reserved 425984K
}
Event: 124.066 GC heap before
{Heap before GC invocations=32 (full 0):
 garbage-first heap   total 215040K, used 200207K [0x0000000080000000, 0x0000000100000000)
  region size 1024K, 122 young (124928K), 9 survivors (9216K)
 Metaspace       used 56254K, committed 57984K, reserved 491520K
  class space    used 8059K, committed 8896K, reserved 425984K
}
Event: 125.007 GC heap after
{Heap after GC invocations=33 (full 0):
 garbage-first heap   total 219136K, used 90341K [0x0000000080000000, 0x0000000100000000)
  region size 1024K, 16 young (16384K), 16 survivors (16384K)
 Metaspace       used 56254K, committed 57984K, reserved 491520K
  class space    used 8059K, committed 8896K, reserved 425984K
}
Event: 181.510 GC heap before
{Heap before GC invocations=33 (full 0):
 garbage-first heap   total 219136K, used 202981K [0x0000000080000000, 0x0000000100000000)
  region size 1024K, 124 young (126976K), 16 survivors (16384K)
 Metaspace       used 56290K, committed 57984K, reserved 491520K
  class space    used 8059K, committed 8896K, reserved 425984K
}
Event: 181.684 GC heap after
{Heap after GC invocations=34 (full 0):
 garbage-first heap   total 229376K, used 99328K [0x0000000080000000, 0x0000000100000000)
  region size 1024K, 16 young (16384K), 16 survivors (16384K)
 Metaspace       used 56290K, committed 57984K, reserved 491520K
  class space    used 8059K, committed 8896K, reserved 425984K
}
Event: 181.691 GC heap before
{Heap before GC invocations=34 (full 0):
 garbage-first heap   total 229376K, used 100352K [0x0000000080000000, 0x0000000100000000)
  region size 1024K, 17 young (17408K), 16 survivors (16384K)
 Metaspace       used 56290K, committed 57984K, reserved 491520K
  class space    used 8059K, committed 8896K, reserved 425984K
}
Event: 181.745 GC heap after
{Heap after GC invocations=35 (full 0):
 garbage-first heap   total 229376K, used 101376K [0x0000000080000000, 0x0000000100000000)
  region size 1024K, 2 young (2048K), 2 survivors (2048K)
 Metaspace       used 56290K, committed 57984K, reserved 491520K
  class space    used 8059K, committed 8896K, reserved 425984K
}
Event: 261.263 GC heap before
{Heap before GC invocations=36 (full 0):
 garbage-first heap   total 229376K, used 189440K [0x0000000080000000, 0x0000000100000000)
  region size 1024K, 91 young (93184K), 2 survivors (2048K)
 Metaspace       used 56358K, committed 58048K, reserved 491520K
  class space    used 8059K, committed 8896K, reserved 425984K
}
Event: 261.316 GC heap after
{Heap after GC invocations=37 (full 0):
 garbage-first heap   total 229376K, used 101162K [0x0000000080000000, 0x0000000100000000)
  region size 1024K, 4 young (4096K), 4 survivors (4096K)
 Metaspace       used 56358K, committed 58048K, reserved 491520K
  class space    used 8059K, committed 8896K, reserved 425984K
}
Event: 263.514 GC heap before
{Heap before GC invocations=37 (full 0):
 garbage-first heap   total 229376K, used 208682K [0x0000000080000000, 0x0000000100000000)
  region size 1024K, 109 young (111616K), 4 survivors (4096K)
 Metaspace       used 56393K, committed 58112K, reserved 491520K
  class space    used 8059K, committed 8896K, reserved 425984K
}
Event: 263.559 GC heap after
{Heap after GC invocations=38 (full 0):
 garbage-first heap   total 229376K, used 104509K [0x0000000080000000, 0x0000000100000000)
  region size 1024K, 7 young (7168K), 7 survivors (7168K)
 Metaspace       used 56393K, committed 58112K, reserved 491520K
  class space    used 8059K, committed 8896K, reserved 425984K
}

Dll operation events (14 events):
Event: 0.558 Loaded shared library C:\Users\DIGITAL MARKETING\.antigravity-ide\extensions\redhat.java-1.54.0-win32-x64\jre\21.0.10-win32-x86_64\bin\java.dll
Event: 1.557 Loaded shared library C:\Users\DIGITAL MARKETING\.antigravity-ide\extensions\redhat.java-1.54.0-win32-x64\jre\21.0.10-win32-x86_64\bin\zip.dll
Event: 1.583 Loaded shared library C:\Users\DIGITAL MARKETING\.antigravity-ide\extensions\redhat.java-1.54.0-win32-x64\jre\21.0.10-win32-x86_64\bin\instrument.dll
Event: 1.598 Loaded shared library C:\Users\DIGITAL MARKETING\.antigravity-ide\extensions\redhat.java-1.54.0-win32-x64\jre\21.0.10-win32-x86_64\bin\net.dll
Event: 1.611 Loaded shared library C:\Users\DIGITAL MARKETING\.antigravity-ide\extensions\redhat.java-1.54.0-win32-x64\jre\21.0.10-win32-x86_64\bin\nio.dll
Event: 1.614 Loaded shared library C:\Users\DIGITAL MARKETING\.antigravity-ide\extensions\redhat.java-1.54.0-win32-x64\jre\21.0.10-win32-x86_64\bin\zip.dll
Event: 4.063 Loaded shared library C:\Users\DIGITAL MARKETING\.antigravity-ide\extensions\redhat.java-1.54.0-win32-x64\jre\21.0.10-win32-x86_64\bin\jimage.dll
Event: 4.610 Loaded shared library C:\Users\DIGITAL MARKETING\.antigravity-ide\extensions\redhat.java-1.54.0-win32-x64\jre\21.0.10-win32-x86_64\bin\verify.dll
Event: 5.667 Loaded shared library C:\Users\DIGITAL MARKETING\.gradle\native\c067742578af261105cb4f569cf0c3c89f3d7b1fecec35dd04571415982c5e48\windows-amd64\native-platform.dll
Event: 5.700 Loaded shared library C:\Users\DIGITAL MARKETING\.gradle\native\100fb08df4bc3b14c8652ba06237920a3bd2aa13389f12d3474272988ae205f9\windows-amd64\native-platform-file-events.dll
Event: 11.083 Loaded shared library C:\Users\DIGITAL MARKETING\.antigravity-ide\extensions\redhat.java-1.54.0-win32-x64\jre\21.0.10-win32-x86_64\bin\management.dll
Event: 11.096 Loaded shared library C:\Users\DIGITAL MARKETING\.antigravity-ide\extensions\redhat.java-1.54.0-win32-x64\jre\21.0.10-win32-x86_64\bin\management_ext.dll
Event: 11.464 Loaded shared library C:\Users\DIGITAL MARKETING\.antigravity-ide\extensions\redhat.java-1.54.0-win32-x64\jre\21.0.10-win32-x86_64\bin\extnet.dll
Event: 12.409 Loaded shared library C:\Users\DIGITAL MARKETING\.antigravity-ide\extensions\redhat.java-1.54.0-win32-x64\jre\21.0.10-win32-x86_64\bin\sunmscapi.dll

Deoptimization events (20 events):
Event: 262.453 Thread 0x0000019a54da3c70 Uncommon trap: trap_request=0xffffff76 fr.pc=0x0000019a479ef790 relative=0x00000000000037f0
Event: 262.454 Thread 0x0000019a54da3c70 Uncommon trap: reason=predicate action=maybe_recompile pc=0x0000019a479ef790 method=com.google.common.io.ByteStreams.read(Ljava/io/InputStream;[BII)I @ 53 c2
Event: 262.454 Thread 0x0000019a54da3c70 DEOPT PACKING pc=0x0000019a479ef790 sp=0x000000871f1fb3b0
Event: 262.454 Thread 0x0000019a54da3c70 DEOPT UNPACKING pc=0x0000019a472e7ba2 sp=0x000000871f1fb008 mode 2
Event: 262.459 Thread 0x0000019a54da3c70 Uncommon trap: trap_request=0xffffff76 fr.pc=0x0000019a478e0734 relative=0x0000000000000314
Event: 262.459 Thread 0x0000019a54da3c70 Uncommon trap: reason=predicate action=maybe_recompile pc=0x0000019a478e0734 method=com.google.common.io.ByteStreams.read(Ljava/io/InputStream;[BII)I @ 53 c2
Event: 262.459 Thread 0x0000019a54da3c70 DEOPT PACKING pc=0x0000019a478e0734 sp=0x000000871f1fb370
Event: 262.459 Thread 0x0000019a54da3c70 DEOPT UNPACKING pc=0x0000019a472e7ba2 sp=0x000000871f1faff8 mode 2
Event: 262.460 Thread 0x0000019a54da3c70 Uncommon trap: trap_request=0xffffff76 fr.pc=0x0000019a478e143c relative=0x000000000000031c
Event: 262.460 Thread 0x0000019a54da3c70 Uncommon trap: reason=predicate action=maybe_recompile pc=0x0000019a478e143c method=com.google.common.io.ByteStreams.read(Ljava/io/InputStream;[BII)I @ 53 c2
Event: 262.460 Thread 0x0000019a54da3c70 DEOPT PACKING pc=0x0000019a478e143c sp=0x000000871f1fb2b0
Event: 262.461 Thread 0x0000019a54da3c70 DEOPT UNPACKING pc=0x0000019a472e7ba2 sp=0x000000871f1faff0 mode 2
Event: 262.461 Thread 0x0000019a54da3c70 Uncommon trap: trap_request=0xffffff76 fr.pc=0x0000019a47a2bd80 relative=0x0000000000000140
Event: 262.461 Thread 0x0000019a54da3c70 Uncommon trap: reason=predicate action=maybe_recompile pc=0x0000019a47a2bd80 method=com.google.common.io.ByteStreams.read(Ljava/io/InputStream;[BII)I @ 53 c2
Event: 262.461 Thread 0x0000019a54da3c70 DEOPT PACKING pc=0x0000019a47a2bd80 sp=0x000000871f1fb170
Event: 262.461 Thread 0x0000019a54da3c70 DEOPT UNPACKING pc=0x0000019a472e7ba2 sp=0x000000871f1fb078 mode 2
Event: 262.462 Thread 0x0000019a54da3c70 Uncommon trap: trap_request=0xffffff76 fr.pc=0x0000019a47d41130 relative=0x00000000000000f0
Event: 262.462 Thread 0x0000019a54da3c70 Uncommon trap: reason=predicate action=maybe_recompile pc=0x0000019a47d41130 method=com.google.common.io.ByteStreams.read(Ljava/io/InputStream;[BII)I @ 53 c2
Event: 262.462 Thread 0x0000019a54da3c70 DEOPT PACKING pc=0x0000019a47d41130 sp=0x000000871f1fb0d0
Event: 262.462 Thread 0x0000019a54da3c70 DEOPT UNPACKING pc=0x0000019a472e7ba2 sp=0x000000871f1fb078 mode 2

Classes loaded (20 events):
Event: 39.082 Loading class jdk/internal/reflect/ClassFileAssembler
Event: 39.082 Loading class jdk/internal/reflect/ClassFileAssembler done
Event: 39.082 Loading class jdk/internal/reflect/UTF8
Event: 39.082 Loading class jdk/internal/reflect/UTF8 done
Event: 39.083 Loading class jdk/internal/reflect/Label
Event: 39.083 Loading class jdk/internal/reflect/Label done
Event: 39.083 Loading class jdk/internal/reflect/Label$PatchInfo
Event: 39.083 Loading class jdk/internal/reflect/Label$PatchInfo done
Event: 39.083 Loading class jdk/internal/reflect/MethodAccessorGenerator$1
Event: 39.083 Loading class jdk/internal/reflect/MethodAccessorGenerator$1 done
Event: 39.083 Loading class jdk/internal/reflect/ClassDefiner
Event: 39.083 Loading class jdk/internal/reflect/ClassDefiner done
Event: 39.083 Loading class jdk/internal/reflect/ClassDefiner$1
Event: 39.083 Loading class jdk/internal/reflect/ClassDefiner$1 done
Event: 39.084 Loading class jdk/internal/reflect/SerializationConstructorAccessorImpl
Event: 39.084 Loading class jdk/internal/reflect/SerializationConstructorAccessorImpl done
Event: 39.479 Loading class java/util/zip/ZipFile$ZipEntryIterator
Event: 39.486 Loading class java/util/zip/ZipFile$ZipEntryIterator done
Event: 39.494 Loading class java/util/zip/ZipInputStream
Event: 39.494 Loading class java/util/zip/ZipInputStream done

Classes unloaded (4 events):
Event: 41.051 Thread 0x0000019a54a86740 Unloading class 0x0000019a5676d000 '_BuildScript_$_run_closure1$_closure3'
Event: 41.051 Thread 0x0000019a54a86740 Unloading class 0x0000019a5676c930 '_BuildScript_$_run_closure1$_closure2'
Event: 41.051 Thread 0x0000019a54a86740 Unloading class 0x0000019a5676c540 '_BuildScript_$_run_closure1'
Event: 41.051 Thread 0x0000019a54a86740 Unloading class 0x0000019a5676c000 '_BuildScript_'

Classes redefined (0 events):
No events

Internal exceptions (20 events):
Event: 34.477 Thread 0x0000019a753c6f40 Exception <a 'java/lang/ClassNotFoundException'{0x0000000085a1d2a8}: groovy/lang/GStringBeanInfo> (0x0000000085a1d2a8) 
thrown [s\src\hotspot\share\classfile\systemDictionary.cpp, line 312]
Event: 34.478 Thread 0x0000019a753c6f40 Exception <a 'java/lang/ClassNotFoundException'{0x0000000085a2da18}: groovy/lang/GStringCustomizer> (0x0000000085a2da18) 
thrown [s\src\hotspot\share\classfile\systemDictionary.cpp, line 312]
Event: 34.479 Thread 0x0000019a753c6f40 Exception <a 'java/lang/ClassNotFoundException'{0x0000000085a4a2b0}: groovy/lang/GString$1Customizer> (0x0000000085a4a2b0) 
thrown [s\src\hotspot\share\classfile\systemDictionary.cpp, line 312]
Event: 34.483 Thread 0x0000019a753c6f40 Exception <a 'java/lang/ClassNotFoundException'{0x0000000085956fb0}: org/codehaus/groovy/runtime/GStringImplBeanInfo> (0x0000000085956fb0) 
thrown [s\src\hotspot\share\classfile\systemDictionary.cpp, line 312]
Event: 34.484 Thread 0x0000019a753c6f40 Exception <a 'java/lang/ClassNotFoundException'{0x0000000085967d10}: org/codehaus/groovy/runtime/GStringImplCustomizer> (0x0000000085967d10) 
thrown [s\src\hotspot\share\classfile\systemDictionary.cpp, line 312]
Event: 34.488 Thread 0x0000019a753c6f40 Exception <a 'java/lang/ClassNotFoundException'{0x00000000859d2a00}: org/gradle/api/internal/artifacts/dsl/dependencies/DefaultDependencyHandler_DecoratedBeanInfo> (0x00000000859d2a00) 
thrown [s\src\hotspot\share\classfile\systemDictionary.cpp, line 312]
Event: 34.488 Thread 0x0000019a753c6f40 Exception <a 'java/lang/ClassNotFoundException'{0x00000000859e66c0}: org/gradle/api/internal/artifacts/dsl/dependencies/DefaultDependencyHandlerBeanInfo> (0x00000000859e66c0) 
thrown [s\src\hotspot\share\classfile\systemDictionary.cpp, line 312]
Event: 34.489 Thread 0x0000019a753c6f40 Exception <a 'java/lang/ClassNotFoundException'{0x00000000859fa340}: org/gradle/api/internal/artifacts/dsl/dependencies/DefaultDependencyHandlerCustomizer> (0x00000000859fa340) 
thrown [s\src\hotspot\share\classfile\systemDictionary.cpp, line 312]
Event: 34.491 Thread 0x0000019a753c6f40 Exception <a 'java/lang/ClassNotFoundException'{0x0000000085851860}: org/gradle/api/internal/artifacts/dsl/dependencies/DefaultDependencyHandler_DecoratedCustomizer> (0x0000000085851860) 
thrown [s\src\hotspot\share\classfile\systemDictionary.cpp, line 312]
Event: 34.542 Thread 0x0000019a753c6f40 Exception <a 'java/lang/NoSuchMethodError'{0x0000000085564180}: 'java.lang.Object java.lang.invoke.DirectMethodHandle$Holder.newInvokeSpecial(java.lang.Object, int, java.lang.Object)'> (0x0000000085564180) 
thrown [s\src\hotspot\share\interpreter\linkResolver.cpp, line 773]
Event: 34.627 Thread 0x0000019a753c6f40 Exception <a 'java/lang/NoSuchMethodError'{0x00000000851aaf10}: 'java.lang.Object java.lang.invoke.DirectMethodHandle$Holder.newInvokeSpecial(java.lang.Object, java.lang.Object, java.lang.Object, int)'> (0x00000000851aaf10) 
thrown [s\src\hotspot\share\interpreter\linkResolver.cpp, line 773]
Event: 34.627 Thread 0x0000019a753c6f40 Exception <a 'java/lang/NoSuchMethodError'{0x00000000851af568}: 'java.lang.Object java.lang.invoke.Invokers$Holder.linkToTargetMethod(java.lang.Object, java.lang.Object, int, java.lang.Object)'> (0x00000000851af568) 
thrown [s\src\hotspot\share\interpreter\linkResolver.cpp, line 773]
Event: 34.675 Thread 0x0000019a753c6f40 Exception <a 'java/lang/NoSuchMethodError'{0x0000000084fe45d0}: 'java.lang.Object java.lang.invoke.DirectMethodHandle$Holder.invokeSpecial(java.lang.Object, java.lang.Object, long, java.lang.Object, java.lang.Object)'> (0x0000000084fe45d0) 
thrown [s\src\hotspot\share\interpreter\linkResolver.cpp, line 773]
Event: 34.846 Thread 0x0000019a753c6f40 Exception <a 'java/lang/NoSuchMethodError'{0x00000000849b3120}: 'int java.lang.invoke.DirectMethodHandle$Holder.invokeSpecialIFC(java.lang.Object, java.lang.Object, java.lang.Object)'> (0x00000000849b3120) 
thrown [s\src\hotspot\share\interpreter\linkResolver.cpp, line 773]
Event: 38.598 Thread 0x0000019a753c6f40 Exception <a 'java/lang/NoSuchMethodError'{0x0000000083844840}: 'java.lang.Object java.lang.invoke.DirectMethodHandle$Holder.invokeSpecial(java.lang.Object, java.lang.Object, java.lang.Object, java.lang.Object, java.lang.Object, long)'> (0x0000000083844840) 
thrown [s\src\hotspot\share\interpreter\linkResolver.cpp, line 773]
Event: 38.601 Thread 0x0000019a753c6f40 Exception <a 'java/lang/NoSuchMethodError'{0x0000000083869f38}: 'void java.lang.invoke.DirectMethodHandle$Holder.invokeStatic(java.lang.Object, java.lang.Object, java.lang.Object, int, java.lang.Object)'> (0x0000000083869f38) 
thrown [s\src\hotspot\share\interpreter\linkResolver.cpp, line 773]
Event: 39.088 Thread 0x0000019a753c6f40 Exception <a 'java/lang/NoSuchMethodError'{0x0000000087257030}: 'java.lang.Object java.lang.invoke.DirectMethodHandle$Holder.newInvokeSpecial(java.lang.Object, java.lang.Object, java.lang.Object, java.lang.Object, int, java.lang.Object)'> (0x0000000087257030) 
thrown [s\src\hotspot\share\interpreter\linkResolver.cpp, line 773]
Event: 39.088 Thread 0x0000019a753c6f40 Exception <a 'java/lang/NoSuchMethodError'{0x000000008725f610}: 'java.lang.Object java.lang.invoke.Invokers$Holder.linkToTargetMethod(java.lang.Object, java.lang.Object, java.lang.Object, int, java.lang.Object, java.lang.Object)'> (0x000000008725f610) 
thrown [s\src\hotspot\share\interpreter\linkResolver.cpp, line 773]
Event: 39.493 Thread 0x0000019a54da1ba0 Implicit null exception at 0x0000019a47a13263 to 0x0000019a47a13dc4
Event: 40.914 Thread 0x0000019a54da1ba0 Implicit null exception at 0x0000019a47d334af to 0x0000019a47d3390d

ZGC Phase Switch (0 events):
No events

VM Operations (20 events):
Event: 243.089 Executing safepoint VM operation: Cleanup
Event: 243.089 Executing safepoint VM operation: Cleanup done
Event: 244.102 Executing safepoint VM operation: Cleanup
Event: 244.102 Executing safepoint VM operation: Cleanup done
Event: 247.135 Executing safepoint VM operation: Cleanup
Event: 247.135 Executing safepoint VM operation: Cleanup done
Event: 259.263 Executing safepoint VM operation: Cleanup
Event: 259.263 Executing safepoint VM operation: Cleanup done
Event: 261.260 Executing safepoint VM operation: G1CollectForAllocation (G1 Evacuation Pause)
Event: 261.316 Executing safepoint VM operation: G1CollectForAllocation (G1 Evacuation Pause) done
Event: 262.317 Executing safepoint VM operation: Cleanup
Event: 262.317 Executing safepoint VM operation: Cleanup done
Event: 263.514 Executing safepoint VM operation: G1CollectForAllocation (G1 Evacuation Pause)
Event: 263.559 Executing safepoint VM operation: G1CollectForAllocation (G1 Evacuation Pause) done
Event: 264.572 Executing safepoint VM operation: Cleanup
Event: 264.572 Executing safepoint VM operation: Cleanup done
Event: 265.573 Executing safepoint VM operation: Cleanup
Event: 265.573 Executing safepoint VM operation: Cleanup done
Event: 266.577 Executing safepoint VM operation: Cleanup
Event: 266.577 Executing safepoint VM operation: Cleanup done

Memory protections (0 events):
No events

Nmethod flushes (20 events):
Event: 182.844 Thread 0x0000019a54a86740 flushing  nmethod 0x0000019a3fec2990
Event: 182.844 Thread 0x0000019a54a86740 flushing  nmethod 0x0000019a3ffa0a90
Event: 182.844 Thread 0x0000019a54a86740 flushing  nmethod 0x0000019a402b2810
Event: 182.844 Thread 0x0000019a54a86740 flushing  nmethod 0x0000019a40312610
Event: 182.845 Thread 0x0000019a54a86740 flushing  nmethod 0x0000019a404eff90
Event: 182.845 Thread 0x0000019a54a86740 flushing  nmethod 0x0000019a3fd85910
Event: 182.846 Thread 0x0000019a54a86740 flushing  nmethod 0x0000019a4005ea10
Event: 182.846 Thread 0x0000019a54a86740 flushing  nmethod 0x0000019a402ff810
Event: 182.847 Thread 0x0000019a54a86740 flushing  nmethod 0x0000019a40301c10
Event: 182.848 Thread 0x0000019a54a86740 flushing  nmethod 0x0000019a40aecd10
Event: 182.848 Thread 0x0000019a54a86740 flushing  nmethod 0x0000019a40b67610
Event: 182.848 Thread 0x0000019a54a86740 flushing  nmethod 0x0000019a40b69c90
Event: 182.849 Thread 0x0000019a54a86740 flushing  nmethod 0x0000019a40028510
Event: 182.849 Thread 0x0000019a54a86740 flushing  nmethod 0x0000019a40346090
Event: 182.849 Thread 0x0000019a54a86740 flushing  nmethod 0x0000019a3fd64b10
Event: 182.849 Thread 0x0000019a54a86740 flushing  nmethod 0x0000019a3fe81a90
Event: 182.850 Thread 0x0000019a54a86740 flushing  nmethod 0x0000019a3fe85790
Event: 182.850 Thread 0x0000019a54a86740 flushing  nmethod 0x0000019a405b2610
Event: 182.850 Thread 0x0000019a54a86740 flushing  nmethod 0x0000019a408f9a10
Event: 182.850 Thread 0x0000019a54a86740 flushing  nmethod 0x0000019a40bb5f10

Events (20 events):
Event: 33.520 Thread 0x0000019a54ac1a30 Thread exited: 0x0000019a54ac1a30
Event: 33.777 Thread 0x0000019a54ac0c90 Thread exited: 0x0000019a54ac0c90
Event: 33.888 Thread 0x0000019a54ab54b0 Thread added: 0x0000019a54ac05c0
Event: 33.911 Thread 0x0000019a753c6f40 Thread added: 0x0000019a54da0160
Event: 35.292 Thread 0x0000019a54ac05c0 Thread exited: 0x0000019a54ac05c0
Event: 38.634 Thread 0x0000019a753c6f40 Thread added: 0x0000019a54d9d370
Event: 38.634 Thread 0x0000019a753c6f40 Thread added: 0x0000019a54da4300
Event: 38.635 Thread 0x0000019a753c6f40 Thread added: 0x0000019a54da0e80
Event: 38.635 Thread 0x0000019a753c6f40 Thread added: 0x0000019a54da4990
Event: 38.643 Thread 0x0000019a753c6f40 Thread added: 0x0000019a54da1510
Event: 38.644 Thread 0x0000019a753c6f40 Thread added: 0x0000019a54da35e0
Event: 38.644 Thread 0x0000019a753c6f40 Thread added: 0x0000019a54da2f50
Event: 39.402 Thread 0x0000019a753c6f40 Thread added: 0x0000019a54da1ba0
Event: 39.587 Thread 0x0000019a753c6f40 Thread added: 0x0000019a54da3c70
Event: 39.861 Thread 0x0000019a753c6f40 Thread added: 0x0000019a54da2230
Event: 39.940 Thread 0x0000019a753c6f40 Thread added: 0x0000019a54da28c0
Event: 39.944 Thread 0x0000019a753c6f40 Thread added: 0x0000019a780a6790
Event: 39.978 Thread 0x0000019a753c6f40 Thread added: 0x0000019a780a4d50
Event: 40.011 Thread 0x0000019a753c6f40 Thread added: 0x0000019a780a5a70
Event: 262.480 Thread 0x0000019a54ac1360 Thread added: 0x0000019a54ac27d0


Dynamic libraries:
0x00007ff7d7e00000 - 0x00007ff7d7e0e000 	C:\Users\DIGITAL MARKETING\.antigravity-ide\extensions\redhat.java-1.54.0-win32-x64\jre\21.0.10-win32-x86_64\bin\java.exe
0x00007ffdfd5c0000 - 0x00007ffdfd827000 	C:\WINDOWS\SYSTEM32\ntdll.dll
0x00007ffdfc1d0000 - 0x00007ffdfc299000 	C:\WINDOWS\System32\KERNEL32.DLL
0x00007ffdf9ff0000 - 0x00007ffdfa3e7000 	C:\WINDOWS\System32\KERNELBASE.dll
0x00007ffdfb160000 - 0x00007ffdfb2ab000 	C:\WINDOWS\System32\ucrtbase.dll
0x00007ffde1a30000 - 0x00007ffde1a4e000 	C:\Users\DIGITAL MARKETING\.antigravity-ide\extensions\redhat.java-1.54.0-win32-x64\jre\21.0.10-win32-x86_64\bin\VCRUNTIME140.dll
0x00007ffdecdd0000 - 0x00007ffdecde8000 	C:\Users\DIGITAL MARKETING\.antigravity-ide\extensions\redhat.java-1.54.0-win32-x64\jre\21.0.10-win32-x86_64\bin\jli.dll
0x00007ffdfd300000 - 0x00007ffdfd4c6000 	C:\WINDOWS\System32\USER32.dll
0x00007ffdfa4a0000 - 0x00007ffdfa4c7000 	C:\WINDOWS\System32\win32u.dll
0x00007ffdfd2d0000 - 0x00007ffdfd2fb000 	C:\WINDOWS\System32\GDI32.dll
0x00007ffdfaf70000 - 0x00007ffdfb09c000 	C:\WINDOWS\System32\gdi32full.dll
0x00007ffdfa4d0000 - 0x00007ffdfa573000 	C:\WINDOWS\System32\msvcp_win.dll
0x00007ffddd590000 - 0x00007ffddd822000 	C:\WINDOWS\WinSxS\amd64_microsoft.windows.common-controls_6595b64144ccf1df_6.0.26100.8457_none_3e0b2faee331e92d\COMCTL32.dll
0x00007ffdfcf90000 - 0x00007ffdfd039000 	C:\WINDOWS\System32\msvcrt.dll
0x00007ffdfd0c0000 - 0x00007ffdfd0f2000 	C:\WINDOWS\System32\IMM32.DLL
0x00007ffdf5040000 - 0x00007ffdf504c000 	C:\Users\DIGITAL MARKETING\.antigravity-ide\extensions\redhat.java-1.54.0-win32-x64\jre\21.0.10-win32-x86_64\bin\vcruntime140_1.dll
0x00007ffde16e0000 - 0x00007ffde176d000 	C:\Users\DIGITAL MARKETING\.antigravity-ide\extensions\redhat.java-1.54.0-win32-x64\jre\21.0.10-win32-x86_64\bin\msvcp140.dll
0x00007ffd61160000 - 0x00007ffd61f01000 	C:\Users\DIGITAL MARKETING\.antigravity-ide\extensions\redhat.java-1.54.0-win32-x64\jre\21.0.10-win32-x86_64\bin\server\jvm.dll
0x00007ffdfb8f0000 - 0x00007ffdfb9a6000 	C:\WINDOWS\System32\ADVAPI32.dll
0x00007ffdfb340000 - 0x00007ffdfb3e7000 	C:\WINDOWS\System32\sechost.dll
0x00007ffdfb9b0000 - 0x00007ffdfbac8000 	C:\WINDOWS\System32\RPCRT4.dll
0x00007ffdfd4f0000 - 0x00007ffdfd570000 	C:\WINDOWS\System32\WS2_32.dll
0x00007ffdf9e50000 - 0x00007ffdf9eae000 	C:\WINDOWS\SYSTEM32\POWRPROF.dll
0x00007ffdf4f00000 - 0x00007ffdf4f0b000 	C:\WINDOWS\SYSTEM32\VERSION.dll
0x00007ffde0cb0000 - 0x00007ffde0ce6000 	C:\WINDOWS\SYSTEM32\WINMM.dll
0x00007ffdf9e30000 - 0x00007ffdf9e44000 	C:\WINDOWS\SYSTEM32\UMPDC.dll
0x00007ffdf8d40000 - 0x00007ffdf8d5b000 	C:\WINDOWS\SYSTEM32\kernel.appcore.dll
0x00007ffdf4f90000 - 0x00007ffdf4f9a000 	C:\Users\DIGITAL MARKETING\.antigravity-ide\extensions\redhat.java-1.54.0-win32-x64\jre\21.0.10-win32-x86_64\bin\jimage.dll
0x00007ffdf7830000 - 0x00007ffdf7a72000 	C:\WINDOWS\SYSTEM32\DBGHELP.DLL
0x00007ffdfbbd0000 - 0x00007ffdfbf53000 	C:\WINDOWS\System32\combase.dll
0x00007ffdfc2a0000 - 0x00007ffdfc379000 	C:\WINDOWS\System32\OLEAUT32.dll
0x00007ffdc8470000 - 0x00007ffdc84ab000 	C:\WINDOWS\SYSTEM32\dbgcore.DLL
0x00007ffdfa3f0000 - 0x00007ffdfa498000 	C:\WINDOWS\System32\bcryptPrimitives.dll
0x00007ffdf11b0000 - 0x00007ffdf11bf000 	C:\Users\DIGITAL MARKETING\.antigravity-ide\extensions\redhat.java-1.54.0-win32-x64\jre\21.0.10-win32-x86_64\bin\instrument.dll
0x00007ffde0370000 - 0x00007ffde0390000 	C:\Users\DIGITAL MARKETING\.antigravity-ide\extensions\redhat.java-1.54.0-win32-x64\jre\21.0.10-win32-x86_64\bin\java.dll
0x00007ffdfc810000 - 0x00007ffdfcf7e000 	C:\WINDOWS\System32\SHELL32.dll
0x00007ffdfa700000 - 0x00007ffdfaf6c000 	C:\WINDOWS\System32\windows.storage.dll
0x00007ffdfbad0000 - 0x00007ffdfbbc6000 	C:\WINDOWS\System32\SHCORE.dll
0x00007ffdfb880000 - 0x00007ffdfb8e6000 	C:\WINDOWS\System32\shlwapi.dll
0x00007ffdf9f10000 - 0x00007ffdf9f39000 	C:\WINDOWS\SYSTEM32\profapi.dll
0x00007ffdde8f0000 - 0x00007ffdde908000 	C:\Users\DIGITAL MARKETING\.antigravity-ide\extensions\redhat.java-1.54.0-win32-x64\jre\21.0.10-win32-x86_64\bin\zip.dll
0x00007ffdf1160000 - 0x00007ffdf1170000 	C:\Users\DIGITAL MARKETING\.antigravity-ide\extensions\redhat.java-1.54.0-win32-x64\jre\21.0.10-win32-x86_64\bin\net.dll
0x00007ffdee010000 - 0x00007ffdee139000 	C:\WINDOWS\SYSTEM32\WINHTTP.dll
0x00007ffdf9290000 - 0x00007ffdf92fc000 	C:\WINDOWS\system32\mswsock.dll
0x00007ffde0350000 - 0x00007ffde0366000 	C:\Users\DIGITAL MARKETING\.antigravity-ide\extensions\redhat.java-1.54.0-win32-x64\jre\21.0.10-win32-x86_64\bin\nio.dll
0x00007ffdedbc0000 - 0x00007ffdedbd0000 	C:\Users\DIGITAL MARKETING\.antigravity-ide\extensions\redhat.java-1.54.0-win32-x64\jre\21.0.10-win32-x86_64\bin\verify.dll
0x00007ffde17b0000 - 0x00007ffde17d7000 	C:\Users\DIGITAL MARKETING\.gradle\native\c067742578af261105cb4f569cf0c3c89f3d7b1fecec35dd04571415982c5e48\windows-amd64\native-platform.dll
0x00007ffdca240000 - 0x00007ffdca384000 	C:\Users\DIGITAL MARKETING\.gradle\native\100fb08df4bc3b14c8652ba06237920a3bd2aa13389f12d3474272988ae205f9\windows-amd64\native-platform-file-events.dll
0x00007ffde5130000 - 0x00007ffde513a000 	C:\Users\DIGITAL MARKETING\.antigravity-ide\extensions\redhat.java-1.54.0-win32-x64\jre\21.0.10-win32-x86_64\bin\management.dll
0x00007ffde22e0000 - 0x00007ffde22ec000 	C:\Users\DIGITAL MARKETING\.antigravity-ide\extensions\redhat.java-1.54.0-win32-x64\jre\21.0.10-win32-x86_64\bin\management_ext.dll
0x00007ffdfc060000 - 0x00007ffdfc068000 	C:\WINDOWS\System32\PSAPI.DLL
0x00007ffdf9690000 - 0x00007ffdf96ab000 	C:\WINDOWS\SYSTEM32\CRYPTSP.dll
0x00007ffdf8ca0000 - 0x00007ffdf8cd9000 	C:\WINDOWS\system32\rsaenh.dll
0x00007ffdf9340000 - 0x00007ffdf9373000 	C:\WINDOWS\SYSTEM32\USERENV.dll
0x00007ffdf9ee0000 - 0x00007ffdf9f0a000 	C:\WINDOWS\SYSTEM32\bcrypt.dll
0x00007ffdf94f0000 - 0x00007ffdf94fc000 	C:\WINDOWS\SYSTEM32\CRYPTBASE.dll
0x00007ffdf8780000 - 0x00007ffdf87b2000 	C:\WINDOWS\SYSTEM32\IPHLPAPI.DLL
0x00007ffdfbf60000 - 0x00007ffdfbf6a000 	C:\WINDOWS\System32\NSI.dll
0x00007ffde5610000 - 0x00007ffde5619000 	C:\Users\DIGITAL MARKETING\.antigravity-ide\extensions\redhat.java-1.54.0-win32-x64\jre\21.0.10-win32-x86_64\bin\extnet.dll
0x00007ffdecdc0000 - 0x00007ffdecdce000 	C:\Users\DIGITAL MARKETING\.antigravity-ide\extensions\redhat.java-1.54.0-win32-x64\jre\21.0.10-win32-x86_64\bin\sunmscapi.dll
0x00007ffdfa580000 - 0x00007ffdfa6f8000 	C:\WINDOWS\System32\CRYPT32.dll
0x00007ffdf97f0000 - 0x00007ffdf9820000 	C:\WINDOWS\SYSTEM32\ncrypt.dll
0x00007ffdf97a0000 - 0x00007ffdf97df000 	C:\WINDOWS\SYSTEM32\NTASN1.dll
0x00007ffda6950000 - 0x00007ffda6958000 	C:\WINDOWS\system32\wshunix.dll

JVMTI agents:
C:\Users\DIGITAL MARKETING\.gradle\wrapper\dists\gradle-8.9-bin\90cnw93cvbtalezasaz0blq0a\gradle-8.9\lib\agents\gradle-instrumentation-agent-8.9.jar path:C:\Users\DIGITAL MARKETING\.antigravity-ide\extensions\redhat.java-1.54.0-win32-x64\jre\21.0.10-win32-x86_64\bin\instrument.dll, loaded, initialized, instrumentlib options:none

dbghelp: loaded successfully - version: 4.0.5 - missing functions: none
symbol engine: initialized successfully - sym options: 0x614 - pdb path: .;C:\Users\DIGITAL MARKETING\.antigravity-ide\extensions\redhat.java-1.54.0-win32-x64\jre\21.0.10-win32-x86_64\bin;C:\WINDOWS\SYSTEM32;C:\WINDOWS\WinSxS\amd64_microsoft.windows.common-controls_6595b64144ccf1df_6.0.26100.8457_none_3e0b2faee331e92d;C:\Users\DIGITAL MARKETING\.antigravity-ide\extensions\redhat.java-1.54.0-win32-x64\jre\21.0.10-win32-x86_64\bin\server;C:\Users\DIGITAL MARKETING\.gradle\native\c067742578af261105cb4f569cf0c3c89f3d7b1fecec35dd04571415982c5e48\windows-amd64;C:\Users\DIGITAL MARKETING\.gradle\native\100fb08df4bc3b14c8652ba06237920a3bd2aa13389f12d3474272988ae205f9\windows-amd64

VM Arguments:
jvm_args: -XX:MaxMetaspaceSize=512m -XX:+HeapDumpOnOutOfMemoryError --add-opens=java.base/java.util=ALL-UNNAMED --add-opens=java.base/java.lang=ALL-UNNAMED --add-opens=java.base/java.lang.invoke=ALL-UNNAMED --add-opens=java.prefs/java.util.prefs=ALL-UNNAMED --add-exports=jdk.compiler/com.sun.tools.javac.api=ALL-UNNAMED --add-exports=jdk.compiler/com.sun.tools.javac.util=ALL-UNNAMED --add-opens=java.base/java.nio.charset=ALL-UNNAMED --add-opens=java.base/java.net=ALL-UNNAMED --add-opens=java.base/java.util.concurrent.atomic=ALL-UNNAMED -Xmx2048m -Dfile.encoding=UTF-8 -Duser.country=US -Duser.language=en -Duser.variant -javaagent:C:\Users\DIGITAL MARKETING\.gradle\wrapper\dists\gradle-8.9-bin\90cnw93cvbtalezasaz0blq0a\gradle-8.9\lib\agents\gradle-instrumentation-agent-8.9.jar 
java_command: org.gradle.launcher.daemon.bootstrap.GradleDaemon 8.9
java_class_path (initial): C:\Users\DIGITAL MARKETING\.gradle\wrapper\dists\gradle-8.9-bin\90cnw93cvbtalezasaz0blq0a\gradle-8.9\lib\gradle-daemon-main-8.9.jar
Launcher Type: SUN_STANDARD

[Global flags]
     intx CICompilerCount                          = 4                                         {product} {ergonomic}
   size_t CompressedClassSpaceSize                 = 436207616                                 {product} {ergonomic}
     uint ConcGCThreads                            = 2                                         {product} {ergonomic}
     uint G1ConcRefinementThreads                  = 8                                         {product} {ergonomic}
   size_t G1HeapRegionSize                         = 1048576                                   {product} {ergonomic}
    uintx GCDrainStackTargetSize                   = 64                                        {product} {ergonomic}
     bool HeapDumpOnOutOfMemoryError               = true                                   {manageable} {command line}
   size_t InitialHeapSize                          = 132120576                                 {product} {ergonomic}
   size_t MarkStackSize                            = 4194304                                   {product} {ergonomic}
   size_t MaxHeapSize                              = 2147483648                                {product} {command line}
   size_t MaxMetaspaceSize                         = 536870912                                 {product} {command line}
   size_t MaxNewSize                               = 1287651328                                {product} {ergonomic}
   size_t MinHeapDeltaBytes                        = 1048576                                   {product} {ergonomic}
   size_t MinHeapSize                              = 8388608                                   {product} {ergonomic}
    uintx NonNMethodCodeHeapSize                   = 5839372                                {pd product} {ergonomic}
    uintx NonProfiledCodeHeapSize                  = 122909434                              {pd product} {ergonomic}
    uintx ProfiledCodeHeapSize                     = 122909434                              {pd product} {ergonomic}
    uintx ReservedCodeCacheSize                    = 251658240                              {pd product} {ergonomic}
     bool SegmentedCodeCache                       = true                                      {product} {ergonomic}
   size_t SoftMaxHeapSize                          = 2147483648                             {manageable} {ergonomic}
     bool UseCompressedOops                        = true                           {product lp64_product} {ergonomic}
     bool UseG1GC                                  = true                                      {product} {ergonomic}
     bool UseLargePagesIndividualAllocation        = false                                  {pd product} {ergonomic}

Logging:
Log output configuration:
 #0: stdout all=warning uptime,level,tags foldmultilines=false
 #1: stderr all=off uptime,level,tags foldmultilines=false

Release file:
JAVA_VERSION="21.0.10" 
MODULES="java.base java.compiler java.datatransfer java.xml java.prefs java.desktop java.instrument java.logging java.management java.security.sasl java.naming java.rmi java.management.rmi java.net.http java.scripting java.security.jgss java.transaction.xa java.sql java.sql.rowset java.xml.crypto java.se java.smartcardio jdk.accessibility jdk.internal.jvmstat jdk.attach jdk.charsets jdk.internal.opt jdk.zipfs jdk.compiler jdk.crypto.ec jdk.crypto.cryptoki jdk.crypto.mscapi jdk.dynalink jdk.internal.ed jdk.editpad jdk.hotspot.agent jdk.httpserver jdk.internal.le jdk.internal.vm.ci jdk.internal.vm.compiler jdk.internal.vm.compiler.management jdk.jartool jdk.javadoc jdk.jcmd jdk.management jdk.management.agent jdk.jconsole jdk.jdeps jdk.jdwp.agent jdk.jdi jdk.jfr jdk.jshell jdk.jsobject jdk.jstatd jdk.localedata jdk.management.jfr jdk.naming.dns jdk.naming.rmi jdk.net jdk.nio.mapmode jdk.random jdk.sctp jdk.security.auth jdk.security.jgss jdk.unsupported jdk.unsupported.desktop jdk.xml.dom" 

Environment Variables:
JAVA_HOME=C:\Program Files\Microsoft\jdk-17.0.11.9-hotspot\
PATH=C:\Program Files\Microsoft\jdk-17.0.11.9-hotspot\bin;C:\Program Files (x86)\Common Files\Intel\Shared Files\cpp\bin\Intel64;C:\Program Files (x86)\Common Files\Intel\Shared Libraries\redist\intel64\compiler;C:\Windows\system32;C:\Windows;C:\Windows\System32\Wbem;C:\Windows\System32\WindowsPowerShell\v1.0\;C:\Windows\System32\OpenSSH\;C:\Program Files (x86)\NVIDIA Corporation\PhysX\Common;C:\Program Files (x86)\QuickTime\QTSystem\;C:\Program Files\NVIDIA Corporation\NVIDIA NvDLISR;C:\Program Files (x86)\dotnet\;C:\WINDOWS\system32;C:\WINDOWS;C:\WINDOWS\System32\Wbem;C:\WINDOWS\System32\WindowsPowerShell\v1.0\;C:\WINDOWS\System32\OpenSSH\;C:\ProgramData\chocolatey\bin;C:\Program Files\Git\cmd;C:\Program Files\nodejs\;C:\Program Files\Microsoft\jdk-17.0.11.9-hotspot\bin;C:\Program Files (x86)\Common Files\Intel\Shared Files\cpp\bin\Intel64;C:\Program Files (x86)\Common Files\Intel\Shared Libraries\redist\intel64\compiler;C:\Windows\system32;C:\Windows;C:\Windows\System32\Wbem;C:\Windows\System32\WindowsPowerShell\v1.0\;C:\Windows\System32\OpenSSH\;C:\Program Files (x86)\NVIDIA Corporation\PhysX\Common;C:\Program Files (x86)\QuickTime\QTSystem\;C:\Program Files\NVIDIA Corporation\NVIDIA NvDLISR;C:\Program Files (x86)\dotnet\;C:\WINDOWS\system32;C:\WINDOWS;C:\WINDOWS\System32\Wbem;C:\WINDOWS\System32\WindowsPowerShell\v1.0\;C:\WINDOWS\System32\OpenSSH\;C:\ProgramData\chocolatey\bin;C:\Program Files\Git\cmd;C:\Program Files\nodejs\;C:\Users\DIGITAL MARKETING\AppData\Local\Microsoft\WindowsApps;C:\Users\DIGITAL MARKETING\AppData\Local\Programs\Microsoft VS Code\bin;C:\Users\DIGITAL MARKETING\AppData\Local\Android\Sdk\platform-tools;C:\Users\DIGITAL MARKETING\AppData\Roaming\npm;C:\Users\DIGITAL MARKETING\.opencode\bin;C:\Users\DIGITAL MARKETING\AppData\Local\Programs\Antigravity\bin;C:\Users\DIGITAL MARKETING\AppData\Local\Programs\Antigravity IDE\bin;C:\Android\platform-tools
USERNAME=DIGITAL MARKETING
OS=Windows_NT
PROCESSOR_IDENTIFIER=Intel64 Family 6 Model 140 Stepping 1, GenuineIntel
TMP=C:\Users\DIGITA~1\AppData\Local\Temp
TEMP=C:\Users\DIGITA~1\AppData\Local\Temp




Periodic native trim disabled

---------------  S Y S T E M  ---------------

OS:
 Windows 11 , 64 bit Build 26100 (10.0.26100.8328)
OS uptime: 0 days 0:49 hours
Hyper-V role detected

CPU: total 8 (initial active 8) (4 cores per cpu, 2 threads per core) family 6 model 140 stepping 1 microcode 0xb6, cx8, cmov, fxsr, ht, mmx, 3dnowpref, sse, sse2, sse3, ssse3, sse4.1, sse4.2, popcnt, lzcnt, tsc, tscinvbit, avx, avx2, aes, erms, clmul, bmi1, bmi2, adx, avx512f, avx512dq, avx512cd, avx512bw, avx512vl, sha, fma, vzeroupper, avx512_vpopcntdq, avx512_vpclmulqdq, avx512_vaes, avx512_vnni, clflush, clflushopt, clwb, avx512_vbmi2, avx512_vbmi, hv, rdtscp, rdpid, fsrm, gfni, avx512_bitalg, f16c, cet_ibt, cet_ss, avx512_ifma
Processor Information for the first 8 processors :
  Max Mhz: 2419, Current Mhz: 2419, Mhz Limit: 2419

Memory: 4k page, system-wide physical 7975M (324M free)
TotalPageFile size 32551M (AvailPageFile size 0M)
current process WorkingSet (physical memory assigned to process): 203M, peak: 349M
current process commit charge ("private bytes"): 449M, peak: 449M

vm_info: OpenJDK 64-Bit Server VM (21.0.10+7-LTS) for windows-amd64 JRE (21.0.10+7-LTS), built on 2026-01-20T00:00:00Z by "admin" with MS VC++ 17.12 (VS2022)

END.
